INFO 2025-09-25 19:40:41,444 telegram_utils 30000 12512 Mensaje de Telegram enviado exitosamente
INFO 2025-09-25 19:48:22,849 telegram_utils 15240 11496 === WEBHOOK TELEGRAM RECIBIDO ===
INFO 2025-09-25 19:48:22,849 telegram_utils 15240 11496 Método HTTP: GET
INFO 2025-09-25 19:48:22,849 telegram_utils 15240 11496 Content-Type: text/plain
INFO 2025-09-25 19:48:22,849 telegram_utils 15240 11496 Content-Length: 0
INFO 2025-09-25 19:48:22,849 telegram_utils 15240 11496 User-Agent: curl/8.11.0
INFO 2025-09-25 19:48:22,849 telegram_utils 15240 11496 Remote-Addr: 127.0.0.1
INFO 2025-09-25 19:48:22,849 telegram_utils 15240 11496 GET request recibida - webhook health check
INFO 2025-09-25 19:48:42,161 telegram_utils 29832 27044 Mensaje de Telegram enviado exitosamente
INFO 2025-09-25 19:49:25,472 telegram_utils 15240 4292 === WEBHOOK TELEGRAM RECIBIDO ===
INFO 2025-09-25 19:49:25,472 telegram_utils 15240 4292 Método HTTP: POST
INFO 2025-09-25 19:49:25,472 telegram_utils 15240 4292 Content-Type: application/json
INFO 2025-09-25 19:49:25,472 telegram_utils 15240 4292 Content-Length: 119
INFO 2025-09-25 19:49:25,472 telegram_utils 15240 4292 User-Agent: curl/8.11.0
INFO 2025-09-25 19:49:25,472 telegram_utils 15240 4292 Remote-Addr: 127.0.0.1
INFO 2025-09-25 19:49:25,472 telegram_utils 15240 4292 JSON decodificado correctamente. Tipo de actualización: ['callback_query']
INFO 2025-09-25 19:49:25,472 telegram_utils 15240 4292 Callback query detectado: {'id': 'test123', 'data': 'aprobar_43', 'message': {'chat': {'id': 6344843081}, 'message_id': 123}}
INFO 2025-09-25 19:49:25,472 telegram_utils 15240 4292 Procesando callback: aprobar_43 | Chat: 6344843081 | Message: 123
INFO 2025-09-25 19:49:25,472 telegram_utils 15240 4292 Procesando aprobación...
INFO 2025-09-25 19:49:25,472 telegram_utils 15240 4292 Iniciando aprobación para asociación ID: 43
INFO 2025-09-25 19:49:25,475 telegram_utils 15240 4292 Estado actual de la asociación Álvaro: pendiente
INFO 2025-09-25 19:49:25,475 telegram_utils 15240 4292 Aprobando asociación ID: 43
INFO 2025-09-25 19:49:25,480 telegram_utils 15240 4292 Asociación Álvaro aprobada. Nuevo estado: activa
ERROR 2025-09-25 19:49:28,453 telegram_utils 15240 4292 Error enviando email de aprobación: 'charmap' codec can't encode character '\u274c' in position 0: character maps to <undefined>
ERROR 2025-09-25 19:49:28,750 telegram_utils 15240 4292 Error de conexión editando mensaje: 400 Client Error: Bad Request for url: https://api.telegram.org/bot8107454170:AAGPtW3_Dit2nnIRWrQatWzc-7_K0RrAVGU/editMessageText
ERROR 2025-09-25 19:49:29,012 telegram_utils 15240 4292 Error de conexión respondiendo callback: 400 Client Error: Bad Request for url: https://api.telegram.org/bot8107454170:AAGPtW3_Dit2nnIRWrQatWzc-7_K0RrAVGU/answerCallbackQuery
INFO 2025-09-25 19:49:29,012 telegram_utils 15240 4292 Aprobación de Álvaro completada exitosamente
INFO 2025-09-25 19:54:40,945 telegram_utils 10740 22048 === WEBHOOK TELEGRAM RECIBIDO ===
INFO 2025-09-25 19:54:40,945 telegram_utils 10740 22048 Método HTTP: POST
INFO 2025-09-25 19:54:40,945 telegram_utils 10740 22048 Content-Type: application/json
INFO 2025-09-25 19:54:40,945 telegram_utils 10740 22048 Content-Length: 115
INFO 2025-09-25 19:54:40,945 telegram_utils 10740 22048 User-Agent: curl/8.11.0
INFO 2025-09-25 19:54:40,945 telegram_utils 10740 22048 Remote-Addr: 127.0.0.1
INFO 2025-09-25 19:54:40,945 telegram_utils 10740 22048 JSON decodificado correctamente. Tipo de actualización: ['callback_query']
INFO 2025-09-25 19:54:40,946 telegram_utils 10740 22048 Callback query detectado: {'id': 'test456', 'data': 'ver_43', 'message': {'chat': {'id': 6344843081}, 'message_id': 124}}
INFO 2025-09-25 19:54:40,946 telegram_utils 10740 22048 Procesando callback: ver_43 | Chat: 6344843081 | Message: 124
INFO 2025-09-25 19:54:40,946 telegram_utils 10740 22048 Mostrando detalles...
INFO 2025-09-25 19:54:42,968 telegram_utils 10740 22048 Usando URL de ngrok para enlaces: https://67a6f8ff6b61.ngrok-free.app
ERROR 2025-09-25 19:54:43,322 telegram_utils 10740 22048 Error de conexión editando mensaje: 400 Client Error: Bad Request for url: https://api.telegram.org/bot8107454170:AAGPtW3_Dit2nnIRWrQatWzc-7_K0RrAVGU/editMessageText
ERROR 2025-09-25 19:54:43,788 telegram_utils 10740 22048 Error de conexión respondiendo callback: 400 Client Error: Bad Request for url: https://api.telegram.org/bot8107454170:AAGPtW3_Dit2nnIRWrQatWzc-7_K0RrAVGU/answerCallbackQuery
INFO 2025-09-25 19:55:43,074 telegram_utils 2356 17192 Mensaje de Telegram enviado exitosamente
INFO 2025-09-25 19:58:25,696 telegram_utils 10740 17732 === WEBHOOK TELEGRAM RECIBIDO ===
INFO 2025-09-25 19:58:25,696 telegram_utils 10740 17732 Método HTTP: POST
INFO 2025-09-25 19:58:25,696 telegram_utils 10740 17732 Content-Type: application/json
INFO 2025-09-25 19:58:25,696 telegram_utils 10740 17732 Content-Length: 1057
INFO 2025-09-25 19:58:25,696 telegram_utils 10740 17732 User-Agent: Unknown
INFO 2025-09-25 19:58:25,697 telegram_utils 10740 17732 Remote-Addr: 127.0.0.1
INFO 2025-09-25 19:58:25,697 telegram_utils 10740 17732 JSON decodificado correctamente. Tipo de actualización: ['update_id', 'callback_query']
INFO 2025-09-25 19:58:25,762 telegram_utils 10740 17732 Procesando callback: aprobar_42 | Chat: 6344843081 | Message: 60
INFO 2025-09-25 19:58:25,763 telegram_utils 10740 17732 Procesando aprobación...
INFO 2025-09-25 19:58:25,763 telegram_utils 10740 17732 Iniciando aprobación para asociación ID: 42
INFO 2025-09-25 19:58:25,765 telegram_utils 10740 17732 Estado actual de la asociación dsadadsadadsadadsda: pendiente
INFO 2025-09-25 19:58:25,765 telegram_utils 10740 17732 Aprobando asociación ID: 42
INFO 2025-09-25 19:58:25,771 telegram_utils 10740 17732 Asociación dsadadsadadsadadsda aprobada. Nuevo estado: activa
INFO 2025-09-25 19:58:29,139 telegram_utils 10740 17732 Email de aprobación enviado exitosamente
INFO 2025-09-25 19:58:29,416 telegram_utils 10740 17732 Mensaje 60 editado exitosamente
INFO 2025-09-25 19:58:29,585 telegram_utils 10740 17732 Callback 8804149461145394886 respondido exitosamente
INFO 2025-09-25 19:58:29,586 telegram_utils 10740 17732 Aprobación de dsadadsadadsadadsda completada exitosamente
INFO 2025-09-25 19:58:30,047 telegram_utils 10740 17732 === WEBHOOK TELEGRAM RECIBIDO ===
INFO 2025-09-25 19:58:30,047 telegram_utils 10740 17732 Método HTTP: POST
INFO 2025-09-25 19:58:30,047 telegram_utils 10740 17732 Content-Type: application/json
INFO 2025-09-25 19:58:30,047 telegram_utils 10740 17732 Content-Length: 814
INFO 2025-09-25 19:58:30,047 telegram_utils 10740 17732 User-Agent: Unknown
INFO 2025-09-25 19:58:30,047 telegram_utils 10740 17732 Remote-Addr: 127.0.0.1
INFO 2025-09-25 19:58:30,047 telegram_utils 10740 17732 JSON decodificado correctamente. Tipo de actualización: ['update_id', 'callback_query']
INFO 2025-09-25 19:58:30,047 telegram_utils 10740 17732 Callback query detectado: {'id': '8804149458431948621', 'from': {'id': 6344843081, 'is_bot': False, 'first_name': 'Álvaro', 'last_name': 'Martín', 'language_code': 'es'}, 'message': {'message_id': 59, 'from': {'id': 8107454170, 'is_bot': True, 'first_name': 'Adopta Admin Bot', 'username': 'AdoptaAdminbot'}, 'chat': {'id': 6344843081, 'first_name': 'Álvaro', 'last_name': 'Martín', 'type': 'private'}, 'date': 1758822522, 'text': 'PRUEBA DE SISTEMA DE BOTONES\n\nAsociacion de prueba: Álvaro\nID: 43\nEstado: pendiente\n\nPresiona cualquier boton para probar:', 'reply_markup': {'inline_keyboard': [[{'text': 'Aprobar', 'callback_data': 'aprobar_43'}, {'text': 'Rechazar', 'callback_data': 'rechazar_43'}], [{'text': 'Ver Detalles', 'callback_data': 'ver_43'}]]}}, 'chat_instance': '-8698131428784127543', 'data': 'aprobar_43'}
INFO 2025-09-25 19:58:30,047 telegram_utils 10740 17732 Procesando callback: aprobar_43 | Chat: 6344843081 | Message: 59
INFO 2025-09-25 19:58:30,048 telegram_utils 10740 17732 Procesando aprobación...
INFO 2025-09-25 19:58:30,048 telegram_utils 10740 17732 Iniciando aprobación para asociación ID: 43
INFO 2025-09-25 19:58:30,050 telegram_utils 10740 17732 Estado actual de la asociación Álvaro: activa
WARNING 2025-09-25 19:58:30,051 telegram_utils 10740 17732 Asociación ya estaba aprobada
INFO 2025-09-25 19:58:30,200 telegram_utils 10740 17732 Callback 8804149458431948621 respondido exitosamente
INFO 2025-09-25 19:58:30,336 telegram_utils 10740 17732 === WEBHOOK TELEGRAM RECIBIDO ===
INFO 2025-09-25 19:58:30,336 telegram_utils 10740 17732 Método HTTP: POST
INFO 2025-09-25 19:58:30,336 telegram_utils 10740 17732 Content-Type: application/json
INFO 2025-09-25 19:58:30,336 telegram_utils 10740 17732 Content-Length: 1057
INFO 2025-09-25 19:58:30,336 telegram_utils 10740 17732 User-Agent: Unknown
INFO 2025-09-25 19:58:30,336 telegram_utils 10740 17732 Remote-Addr: 127.0.0.1
INFO 2025-09-25 19:58:30,336 telegram_utils 10740 17732 JSON decodificado correctamente. Tipo de actualización: ['update_id', 'callback_query']
INFO 2025-09-25 19:58:30,339 telegram_utils 10740 17732 Procesando callback: aprobar_42 | Chat: 6344843081 | Message: 60
INFO 2025-09-25 19:58:30,339 telegram_utils 10740 17732 Procesando aprobación...
INFO 2025-09-25 19:58:30,339 telegram_utils 10740 17732 Iniciando aprobación para asociación ID: 42
INFO 2025-09-25 19:58:30,341 telegram_utils 10740 17732 Estado actual de la asociación dsadadsadadsadadsda: activa
WARNING 2025-09-25 19:58:30,341 telegram_utils 10740 17732 Asociación ya estaba aprobada
INFO 2025-09-25 19:58:30,523 telegram_utils 10740 17732 Callback 8804149460540195252 respondido exitosamente
INFO 2025-09-25 19:58:30,654 telegram_utils 10740 17732 === WEBHOOK TELEGRAM RECIBIDO ===
INFO 2025-09-25 19:58:30,654 telegram_utils 10740 17732 Método HTTP: POST
INFO 2025-09-25 19:58:30,654 telegram_utils 10740 17732 Content-Type: application/json
INFO 2025-09-25 19:58:30,654 telegram_utils 10740 17732 Content-Length: 1057
INFO 2025-09-25 19:58:30,654 telegram_utils 10740 17732 User-Agent: Unknown
INFO 2025-09-25 19:58:30,654 telegram_utils 10740 17732 Remote-Addr: 127.0.0.1
INFO 2025-09-25 19:58:30,654 telegram_utils 10740 17732 JSON decodificado correctamente. Tipo de actualización: ['update_id', 'callback_query']
INFO 2025-09-25 19:58:30,656 telegram_utils 10740 17732 Procesando callback: aprobar_42 | Chat: 6344843081 | Message: 60
INFO 2025-09-25 19:58:30,656 telegram_utils 10740 17732 Procesando aprobación...
INFO 2025-09-25 19:58:30,656 telegram_utils 10740 17732 Iniciando aprobación para asociación ID: 42
INFO 2025-09-25 19:58:30,659 telegram_utils 10740 17732 Estado actual de la asociación dsadadsadadsadadsda: activa
WARNING 2025-09-25 19:58:30,659 telegram_utils 10740 17732 Asociación ya estaba aprobada
INFO 2025-09-25 19:58:30,850 telegram_utils 10740 17732 Callback 8804149457700618185 respondido exitosamente
INFO 2025-09-25 19:58:30,969 telegram_utils 10740 17732 === WEBHOOK TELEGRAM RECIBIDO ===
INFO 2025-09-25 19:58:30,969 telegram_utils 10740 17732 Método HTTP: POST
INFO 2025-09-25 19:58:30,969 telegram_utils 10740 17732 Content-Type: application/json
INFO 2025-09-25 19:58:30,969 telegram_utils 10740 17732 Content-Length: 1057
INFO 2025-09-25 19:58:30,970 telegram_utils 10740 17732 User-Agent: Unknown
INFO 2025-09-25 19:58:30,970 telegram_utils 10740 17732 Remote-Addr: 127.0.0.1
INFO 2025-09-25 19:58:30,970 telegram_utils 10740 17732 JSON decodificado correctamente. Tipo de actualización: ['update_id', 'callback_query']
INFO 2025-09-25 19:58:30,972 telegram_utils 10740 17732 Procesando callback: aprobar_42 | Chat: 6344843081 | Message: 60
INFO 2025-09-25 19:58:30,972 telegram_utils 10740 17732 Procesando aprobación...
INFO 2025-09-25 19:58:30,973 telegram_utils 10740 17732 Iniciando aprobación para asociación ID: 42
INFO 2025-09-25 19:58:30,975 telegram_utils 10740 17732 Estado actual de la asociación dsadadsadadsadadsda: activa
WARNING 2025-09-25 19:58:30,975 telegram_utils 10740 17732 Asociación ya estaba aprobada
INFO 2025-09-25 19:58:31,204 telegram_utils 10740 17732 Callback 8804149458634305439 respondido exitosamente
INFO 2025-09-25 20:00:22,795 telegram_utils 10740 25412 Mensaje de Telegram enviado exitosamente
WARNING 2025-09-25 20:04:43,880 log 26532 24312 Not Found: /favicon.ico
INFO 2025-09-25 20:05:08,484 telegram_utils 26532 22112 Mensaje de Telegram enviado exitosamente
WARNING 2025-11-18 20:34:25,911 log 37884 18264 Not Found: /favicon.ico
ERROR 2025-11-18 20:46:33,779 log 25748 34848 Internal Server Error: /admin/rechazar/d27c34b4e311729b8f69413a3486b62f9dc4518e46a046f0b87037840318c485/
Traceback (most recent call last):
  File "C:\Users\Alvaro\AppData\Local\Packages\PythonSoftwareFoundation.Python.3.11_qbz5n2kfra8p0\LocalCache\local-packages\Python311\site-packages\django\core\handlers\exception.py", line 55, in inner
    response = get_response(request)
               ^^^^^^^^^^^^^^^^^^^^^
  File "C:\Users\Alvaro\AppData\Local\Packages\PythonSoftwareFoundation.Python.3.11_qbz5n2kfra8p0\LocalCache\local-packages\Python311\site-packages\django\core\handlers\base.py", line 197, in _get_response
    response = wrapped_callback(request, *callback_args, **callback_kwargs)
               ^^^^^^^^^^^^^^^^^^^^^^^^^^^^^^^^^^^^^^^^^^^^^^^^^^^^^^^^^^^^
  File "C:\Users\Alvaro\AppData\Local\Packages\PythonSoftwareFoundation.Python.3.11_qbz5n2kfra8p0\LocalCache\local-packages\Python311\site-packages\django\views\decorators\http.py", line 64, in inner
    return func(request, *args, **kwargs)
           ^^^^^^^^^^^^^^^^^^^^^^^^^^^^^^
  File "C:\Users\Alvaro\OneDrive\Escritorio\asociaciones-de-animales\myapp\views.py", line 203, in rechazar_asociacion
    """.format(
        ^^^^^^^
KeyError: ' font-family'
ERROR 2025-11-18 20:46:41,211 log 25748 40788 Internal Server Error: /admin/rechazar/3b922f8b91643fcfcbc34ee8eed66c292eb85082f2bec406b60ed6b91298fd29/
Traceback (most recent call last):
  File "C:\Users\Alvaro\AppData\Local\Packages\PythonSoftwareFoundation.Python.3.11_qbz5n2kfra8p0\LocalCache\local-packages\Python311\site-packages\django\core\handlers\exception.py", line 55, in inner
    response = get_response(request)
               ^^^^^^^^^^^^^^^^^^^^^
  File "C:\Users\Alvaro\AppData\Local\Packages\PythonSoftwareFoundation.Python.3.11_qbz5n2kfra8p0\LocalCache\local-packages\Python311\site-packages\django\core\handlers\base.py", line 197, in _get_response
    response = wrapped_callback(request, *callback_args, **callback_kwargs)
               ^^^^^^^^^^^^^^^^^^^^^^^^^^^^^^^^^^^^^^^^^^^^^^^^^^^^^^^^^^^^
  File "C:\Users\Alvaro\AppData\Local\Packages\PythonSoftwareFoundation.Python.3.11_qbz5n2kfra8p0\LocalCache\local-packages\Python311\site-packages\django\views\decorators\http.py", line 64, in inner
    return func(request, *args, **kwargs)
           ^^^^^^^^^^^^^^^^^^^^^^^^^^^^^^
  File "C:\Users\Alvaro\OneDrive\Escritorio\asociaciones-de-animales\myapp\views.py", line 203, in rechazar_asociacion
    """.format(
        ^^^^^^^
KeyError: ' font-family'
INFO 2025-11-18 20:46:50,384 telegram_utils 25748 40788 Mensaje de Telegram enviado exitosamente
ERROR 2025-11-18 20:57:53,750 log 31432 28628 Internal Server Error: /
Traceback (most recent call last):
  File "C:\Users\Alvaro\AppData\Local\Packages\PythonSoftwareFoundation.Python.3.11_qbz5n2kfra8p0\LocalCache\local-packages\Python311\site-packages\django\template\defaulttags.py", line 1034, in find_library
    return parser.libraries[name]
           ~~~~~~~~~~~~~~~~^^^^^^
KeyError: 'tailwind_tags'

During handling of the above exception, another exception occurred:

Traceback (most recent call last):
  File "C:\Users\Alvaro\AppData\Local\Packages\PythonSoftwareFoundation.Python.3.11_qbz5n2kfra8p0\LocalCache\local-packages\Python311\site-packages\django\core\handlers\exception.py", line 55, in inner
    response = get_response(request)
               ^^^^^^^^^^^^^^^^^^^^^
  File "C:\Users\Alvaro\AppData\Local\Packages\PythonSoftwareFoundation.Python.3.11_qbz5n2kfra8p0\LocalCache\local-packages\Python311\site-packages\django\core\handlers\base.py", line 197, in _get_response
    response = wrapped_callback(request, *callback_args, **callback_kwargs)
               ^^^^^^^^^^^^^^^^^^^^^^^^^^^^^^^^^^^^^^^^^^^^^^^^^^^^^^^^^^^^
  File "C:\Users\Alvaro\OneDrive\Escritorio\asociaciones-de-animales\myapp\views.py", line 1456, in Inicio
    return render(request, 'index.html', {
           ^^^^^^^^^^^^^^^^^^^^^^^^^^^^^^^
  File "C:\Users\Alvaro\AppData\Local\Packages\PythonSoftwareFoundation.Python.3.11_qbz5n2kfra8p0\LocalCache\local-packages\Python311\site-packages\django\shortcuts.py", line 25, in render
    content = loader.render_to_string(template_name, context, request, using=using)
              ^^^^^^^^^^^^^^^^^^^^^^^^^^^^^^^^^^^^^^^^^^^^^^^^^^^^^^^^^^^^^^^^^^^^^
  File "C:\Users\Alvaro\AppData\Local\Packages\PythonSoftwareFoundation.Python.3.11_qbz5n2kfra8p0\LocalCache\local-packages\Python311\site-packages\django\template\loader.py", line 61, in render_to_string
    template = get_template(template_name, using=using)
               ^^^^^^^^^^^^^^^^^^^^^^^^^^^^^^^^^^^^^^^^
  File "C:\Users\Alvaro\AppData\Local\Packages\PythonSoftwareFoundation.Python.3.11_qbz5n2kfra8p0\LocalCache\local-packages\Python311\site-packages\django\template\loader.py", line 15, in get_template
    return engine.get_template(template_name)
           ^^^^^^^^^^^^^^^^^^^^^^^^^^^^^^^^^^
  File "C:\Users\Alvaro\AppData\Local\Packages\PythonSoftwareFoundation.Python.3.11_qbz5n2kfra8p0\LocalCache\local-packages\Python311\site-packages\django\template\backends\django.py", line 33, in get_template
    return Template(self.engine.get_template(template_name), self)
                    ^^^^^^^^^^^^^^^^^^^^^^^^^^^^^^^^^^^^^^^
  File "C:\Users\Alvaro\AppData\Local\Packages\PythonSoftwareFoundation.Python.3.11_qbz5n2kfra8p0\LocalCache\local-packages\Python311\site-packages\django\template\engine.py", line 177, in get_template
    template, origin = self.find_template(template_name)
                       ^^^^^^^^^^^^^^^^^^^^^^^^^^^^^^^^^
  File "C:\Users\Alvaro\AppData\Local\Packages\PythonSoftwareFoundation.Python.3.11_qbz5n2kfra8p0\LocalCache\local-packages\Python311\site-packages\django\template\engine.py", line 159, in find_template
    template = loader.get_template(name, skip=skip)
               ^^^^^^^^^^^^^^^^^^^^^^^^^^^^^^^^^^^^
  File "C:\Users\Alvaro\AppData\Local\Packages\PythonSoftwareFoundation.Python.3.11_qbz5n2kfra8p0\LocalCache\local-packages\Python311\site-packages\django\template\loaders\cached.py", line 57, in get_template
    template = super().get_template(template_name, skip)
               ^^^^^^^^^^^^^^^^^^^^^^^^^^^^^^^^^^^^^^^^^
  File "C:\Users\Alvaro\AppData\Local\Packages\PythonSoftwareFoundation.Python.3.11_qbz5n2kfra8p0\LocalCache\local-packages\Python311\site-packages\django\template\loaders\base.py", line 28, in get_template
    return Template(
           ^^^^^^^^^
  File "C:\Users\Alvaro\AppData\Local\Packages\PythonSoftwareFoundation.Python.3.11_qbz5n2kfra8p0\LocalCache\local-packages\Python311\site-packages\django\template\base.py", line 154, in __init__
    self.nodelist = self.compile_nodelist()
                    ^^^^^^^^^^^^^^^^^^^^^^^
  File "C:\Users\Alvaro\AppData\Local\Packages\PythonSoftwareFoundation.Python.3.11_qbz5n2kfra8p0\LocalCache\local-packages\Python311\site-packages\django\template\base.py", line 196, in compile_nodelist
    return parser.parse()
           ^^^^^^^^^^^^^^
  File "C:\Users\Alvaro\AppData\Local\Packages\PythonSoftwareFoundation.Python.3.11_qbz5n2kfra8p0\LocalCache\local-packages\Python311\site-packages\django\template\base.py", line 510, in parse
    raise self.error(token, e)
  File "C:\Users\Alvaro\AppData\Local\Packages\PythonSoftwareFoundation.Python.3.11_qbz5n2kfra8p0\LocalCache\local-packages\Python311\site-packages\django\template\base.py", line 508, in parse
    compiled_result = compile_func(self, token)
                      ^^^^^^^^^^^^^^^^^^^^^^^^^
  File "C:\Users\Alvaro\AppData\Local\Packages\PythonSoftwareFoundation.Python.3.11_qbz5n2kfra8p0\LocalCache\local-packages\Python311\site-packages\django\template\defaulttags.py", line 1096, in load
    lib = find_library(parser, name)
          ^^^^^^^^^^^^^^^^^^^^^^^^^^
  File "C:\Users\Alvaro\AppData\Local\Packages\PythonSoftwareFoundation.Python.3.11_qbz5n2kfra8p0\LocalCache\local-packages\Python311\site-packages\django\template\defaulttags.py", line 1036, in find_library
    raise TemplateSyntaxError(
django.template.exceptions.TemplateSyntaxError: 'tailwind_tags' is not a registered tag library. Must be one of:
admin_list
admin_modify
admin_urls
cache
django_browser_reload
i18n
l10n
log
static
tz
ERROR 2025-11-18 20:58:02,704 log 31432 25860 Internal Server Error: /
Traceback (most recent call last):
  File "C:\Users\Alvaro\AppData\Local\Packages\PythonSoftwareFoundation.Python.3.11_qbz5n2kfra8p0\LocalCache\local-packages\Python311\site-packages\django\template\defaulttags.py", line 1034, in find_library
    return parser.libraries[name]
           ~~~~~~~~~~~~~~~~^^^^^^
KeyError: 'tailwind_tags'

During handling of the above exception, another exception occurred:

Traceback (most recent call last):
  File "C:\Users\Alvaro\AppData\Local\Packages\PythonSoftwareFoundation.Python.3.11_qbz5n2kfra8p0\LocalCache\local-packages\Python311\site-packages\django\core\handlers\exception.py", line 55, in inner
    response = get_response(request)
               ^^^^^^^^^^^^^^^^^^^^^
  File "C:\Users\Alvaro\AppData\Local\Packages\PythonSoftwareFoundation.Python.3.11_qbz5n2kfra8p0\LocalCache\local-packages\Python311\site-packages\django\core\handlers\base.py", line 197, in _get_response
    response = wrapped_callback(request, *callback_args, **callback_kwargs)
               ^^^^^^^^^^^^^^^^^^^^^^^^^^^^^^^^^^^^^^^^^^^^^^^^^^^^^^^^^^^^
  File "C:\Users\Alvaro\OneDrive\Escritorio\asociaciones-de-animales\myapp\views.py", line 1456, in Inicio
    return render(request, 'index.html', {
           ^^^^^^^^^^^^^^^^^^^^^^^^^^^^^^^
  File "C:\Users\Alvaro\AppData\Local\Packages\PythonSoftwareFoundation.Python.3.11_qbz5n2kfra8p0\LocalCache\local-packages\Python311\site-packages\django\shortcuts.py", line 25, in render
    content = loader.render_to_string(template_name, context, request, using=using)
              ^^^^^^^^^^^^^^^^^^^^^^^^^^^^^^^^^^^^^^^^^^^^^^^^^^^^^^^^^^^^^^^^^^^^^
  File "C:\Users\Alvaro\AppData\Local\Packages\PythonSoftwareFoundation.Python.3.11_qbz5n2kfra8p0\LocalCache\local-packages\Python311\site-packages\django\template\loader.py", line 61, in render_to_string
    template = get_template(template_name, using=using)
               ^^^^^^^^^^^^^^^^^^^^^^^^^^^^^^^^^^^^^^^^
  File "C:\Users\Alvaro\AppData\Local\Packages\PythonSoftwareFoundation.Python.3.11_qbz5n2kfra8p0\LocalCache\local-packages\Python311\site-packages\django\template\loader.py", line 15, in get_template
    return engine.get_template(template_name)
           ^^^^^^^^^^^^^^^^^^^^^^^^^^^^^^^^^^
  File "C:\Users\Alvaro\AppData\Local\Packages\PythonSoftwareFoundation.Python.3.11_qbz5n2kfra8p0\LocalCache\local-packages\Python311\site-packages\django\template\backends\django.py", line 33, in get_template
    return Template(self.engine.get_template(template_name), self)
                    ^^^^^^^^^^^^^^^^^^^^^^^^^^^^^^^^^^^^^^^
  File "C:\Users\Alvaro\AppData\Local\Packages\PythonSoftwareFoundation.Python.3.11_qbz5n2kfra8p0\LocalCache\local-packages\Python311\site-packages\django\template\engine.py", line 177, in get_template
    template, origin = self.find_template(template_name)
                       ^^^^^^^^^^^^^^^^^^^^^^^^^^^^^^^^^
  File "C:\Users\Alvaro\AppData\Local\Packages\PythonSoftwareFoundation.Python.3.11_qbz5n2kfra8p0\LocalCache\local-packages\Python311\site-packages\django\template\engine.py", line 159, in find_template
    template = loader.get_template(name, skip=skip)
               ^^^^^^^^^^^^^^^^^^^^^^^^^^^^^^^^^^^^
  File "C:\Users\Alvaro\AppData\Local\Packages\PythonSoftwareFoundation.Python.3.11_qbz5n2kfra8p0\LocalCache\local-packages\Python311\site-packages\django\template\loaders\cached.py", line 57, in get_template
    template = super().get_template(template_name, skip)
               ^^^^^^^^^^^^^^^^^^^^^^^^^^^^^^^^^^^^^^^^^
  File "C:\Users\Alvaro\AppData\Local\Packages\PythonSoftwareFoundation.Python.3.11_qbz5n2kfra8p0\LocalCache\local-packages\Python311\site-packages\django\template\loaders\base.py", line 28, in get_template
    return Template(
           ^^^^^^^^^
  File "C:\Users\Alvaro\AppData\Local\Packages\PythonSoftwareFoundation.Python.3.11_qbz5n2kfra8p0\LocalCache\local-packages\Python311\site-packages\django\template\base.py", line 154, in __init__
    self.nodelist = self.compile_nodelist()
                    ^^^^^^^^^^^^^^^^^^^^^^^
  File "C:\Users\Alvaro\AppData\Local\Packages\PythonSoftwareFoundation.Python.3.11_qbz5n2kfra8p0\LocalCache\local-packages\Python311\site-packages\django\template\base.py", line 196, in compile_nodelist
    return parser.parse()
           ^^^^^^^^^^^^^^
  File "C:\Users\Alvaro\AppData\Local\Packages\PythonSoftwareFoundation.Python.3.11_qbz5n2kfra8p0\LocalCache\local-packages\Python311\site-packages\django\template\base.py", line 510, in parse
    raise self.error(token, e)
  File "C:\Users\Alvaro\AppData\Local\Packages\PythonSoftwareFoundation.Python.3.11_qbz5n2kfra8p0\LocalCache\local-packages\Python311\site-packages\django\template\base.py", line 508, in parse
    compiled_result = compile_func(self, token)
                      ^^^^^^^^^^^^^^^^^^^^^^^^^
  File "C:\Users\Alvaro\AppData\Local\Packages\PythonSoftwareFoundation.Python.3.11_qbz5n2kfra8p0\LocalCache\local-packages\Python311\site-packages\django\template\defaulttags.py", line 1096, in load
    lib = find_library(parser, name)
          ^^^^^^^^^^^^^^^^^^^^^^^^^^
  File "C:\Users\Alvaro\AppData\Local\Packages\PythonSoftwareFoundation.Python.3.11_qbz5n2kfra8p0\LocalCache\local-packages\Python311\site-packages\django\template\defaulttags.py", line 1036, in find_library
    raise TemplateSyntaxError(
django.template.exceptions.TemplateSyntaxError: 'tailwind_tags' is not a registered tag library. Must be one of:
admin_list
admin_modify
admin_urls
cache
django_browser_reload
i18n
l10n
log
static
tz
ERROR 2025-11-18 21:01:31,224 log 31432 25824 Internal Server Error: /
Traceback (most recent call last):
  File "C:\Users\Alvaro\AppData\Local\Packages\PythonSoftwareFoundation.Python.3.11_qbz5n2kfra8p0\LocalCache\local-packages\Python311\site-packages\django\template\defaulttags.py", line 1034, in find_library
    return parser.libraries[name]
           ~~~~~~~~~~~~~~~~^^^^^^
KeyError: 'tailwind_tags'

During handling of the above exception, another exception occurred:

Traceback (most recent call last):
  File "C:\Users\Alvaro\AppData\Local\Packages\PythonSoftwareFoundation.Python.3.11_qbz5n2kfra8p0\LocalCache\local-packages\Python311\site-packages\django\core\handlers\exception.py", line 55, in inner
    response = get_response(request)
               ^^^^^^^^^^^^^^^^^^^^^
  File "C:\Users\Alvaro\AppData\Local\Packages\PythonSoftwareFoundation.Python.3.11_qbz5n2kfra8p0\LocalCache\local-packages\Python311\site-packages\django\core\handlers\base.py", line 197, in _get_response
    response = wrapped_callback(request, *callback_args, **callback_kwargs)
               ^^^^^^^^^^^^^^^^^^^^^^^^^^^^^^^^^^^^^^^^^^^^^^^^^^^^^^^^^^^^
  File "C:\Users\Alvaro\OneDrive\Escritorio\asociaciones-de-animales\myapp\views.py", line 1456, in Inicio
    return render(request, 'index.html', {
           ^^^^^^^^^^^^^^^^^^^^^^^^^^^^^^^
  File "C:\Users\Alvaro\AppData\Local\Packages\PythonSoftwareFoundation.Python.3.11_qbz5n2kfra8p0\LocalCache\local-packages\Python311\site-packages\django\shortcuts.py", line 25, in render
    content = loader.render_to_string(template_name, context, request, using=using)
              ^^^^^^^^^^^^^^^^^^^^^^^^^^^^^^^^^^^^^^^^^^^^^^^^^^^^^^^^^^^^^^^^^^^^^
  File "C:\Users\Alvaro\AppData\Local\Packages\PythonSoftwareFoundation.Python.3.11_qbz5n2kfra8p0\LocalCache\local-packages\Python311\site-packages\django\template\loader.py", line 61, in render_to_string
    template = get_template(template_name, using=using)
               ^^^^^^^^^^^^^^^^^^^^^^^^^^^^^^^^^^^^^^^^
  File "C:\Users\Alvaro\AppData\Local\Packages\PythonSoftwareFoundation.Python.3.11_qbz5n2kfra8p0\LocalCache\local-packages\Python311\site-packages\django\template\loader.py", line 15, in get_template
    return engine.get_template(template_name)
           ^^^^^^^^^^^^^^^^^^^^^^^^^^^^^^^^^^
  File "C:\Users\Alvaro\AppData\Local\Packages\PythonSoftwareFoundation.Python.3.11_qbz5n2kfra8p0\LocalCache\local-packages\Python311\site-packages\django\template\backends\django.py", line 33, in get_template
    return Template(self.engine.get_template(template_name), self)
                    ^^^^^^^^^^^^^^^^^^^^^^^^^^^^^^^^^^^^^^^
  File "C:\Users\Alvaro\AppData\Local\Packages\PythonSoftwareFoundation.Python.3.11_qbz5n2kfra8p0\LocalCache\local-packages\Python311\site-packages\django\template\engine.py", line 177, in get_template
    template, origin = self.find_template(template_name)
                       ^^^^^^^^^^^^^^^^^^^^^^^^^^^^^^^^^
  File "C:\Users\Alvaro\AppData\Local\Packages\PythonSoftwareFoundation.Python.3.11_qbz5n2kfra8p0\LocalCache\local-packages\Python311\site-packages\django\template\engine.py", line 159, in find_template
    template = loader.get_template(name, skip=skip)
               ^^^^^^^^^^^^^^^^^^^^^^^^^^^^^^^^^^^^
  File "C:\Users\Alvaro\AppData\Local\Packages\PythonSoftwareFoundation.Python.3.11_qbz5n2kfra8p0\LocalCache\local-packages\Python311\site-packages\django\template\loaders\cached.py", line 57, in get_template
    template = super().get_template(template_name, skip)
               ^^^^^^^^^^^^^^^^^^^^^^^^^^^^^^^^^^^^^^^^^
  File "C:\Users\Alvaro\AppData\Local\Packages\PythonSoftwareFoundation.Python.3.11_qbz5n2kfra8p0\LocalCache\local-packages\Python311\site-packages\django\template\loaders\base.py", line 28, in get_template
    return Template(
           ^^^^^^^^^
  File "C:\Users\Alvaro\AppData\Local\Packages\PythonSoftwareFoundation.Python.3.11_qbz5n2kfra8p0\LocalCache\local-packages\Python311\site-packages\django\template\base.py", line 154, in __init__
    self.nodelist = self.compile_nodelist()
                    ^^^^^^^^^^^^^^^^^^^^^^^
  File "C:\Users\Alvaro\AppData\Local\Packages\PythonSoftwareFoundation.Python.3.11_qbz5n2kfra8p0\LocalCache\local-packages\Python311\site-packages\django\template\base.py", line 196, in compile_nodelist
    return parser.parse()
           ^^^^^^^^^^^^^^
  File "C:\Users\Alvaro\AppData\Local\Packages\PythonSoftwareFoundation.Python.3.11_qbz5n2kfra8p0\LocalCache\local-packages\Python311\site-packages\django\template\base.py", line 510, in parse
    raise self.error(token, e)
  File "C:\Users\Alvaro\AppData\Local\Packages\PythonSoftwareFoundation.Python.3.11_qbz5n2kfra8p0\LocalCache\local-packages\Python311\site-packages\django\template\base.py", line 508, in parse
    compiled_result = compile_func(self, token)
                      ^^^^^^^^^^^^^^^^^^^^^^^^^
  File "C:\Users\Alvaro\AppData\Local\Packages\PythonSoftwareFoundation.Python.3.11_qbz5n2kfra8p0\LocalCache\local-packages\Python311\site-packages\django\template\defaulttags.py", line 1096, in load
    lib = find_library(parser, name)
          ^^^^^^^^^^^^^^^^^^^^^^^^^^
  File "C:\Users\Alvaro\AppData\Local\Packages\PythonSoftwareFoundation.Python.3.11_qbz5n2kfra8p0\LocalCache\local-packages\Python311\site-packages\django\template\defaulttags.py", line 1036, in find_library
    raise TemplateSyntaxError(
django.template.exceptions.TemplateSyntaxError: 'tailwind_tags' is not a registered tag library. Must be one of:
admin_list
admin_modify
admin_urls
cache
django_browser_reload
i18n
l10n
log
static
tz
ERROR 2025-11-18 21:07:31,199 log 31432 39912 Internal Server Error: /admin/rechazar/25ddd1a9e1d5d4c73dd74f9ee23935330fbcc830932953f1d5262a38b54698a6/
Traceback (most recent call last):
  File "C:\Users\Alvaro\AppData\Local\Packages\PythonSoftwareFoundation.Python.3.11_qbz5n2kfra8p0\LocalCache\local-packages\Python311\site-packages\django\core\handlers\exception.py", line 55, in inner
    response = get_response(request)
               ^^^^^^^^^^^^^^^^^^^^^
  File "C:\Users\Alvaro\AppData\Local\Packages\PythonSoftwareFoundation.Python.3.11_qbz5n2kfra8p0\LocalCache\local-packages\Python311\site-packages\django\core\handlers\base.py", line 197, in _get_response
    response = wrapped_callback(request, *callback_args, **callback_kwargs)
               ^^^^^^^^^^^^^^^^^^^^^^^^^^^^^^^^^^^^^^^^^^^^^^^^^^^^^^^^^^^^
  File "C:\Users\Alvaro\AppData\Local\Packages\PythonSoftwareFoundation.Python.3.11_qbz5n2kfra8p0\LocalCache\local-packages\Python311\site-packages\django\views\decorators\http.py", line 64, in inner
    return func(request, *args, **kwargs)
           ^^^^^^^^^^^^^^^^^^^^^^^^^^^^^^
  File "C:\Users\Alvaro\OneDrive\Escritorio\asociaciones-de-animales\myapp\views.py", line 203, in rechazar_asociacion
    """.format(
        ^^^^^^^
KeyError: ' font-family'
INFO 2025-11-18 21:13:12,386 telegram_utils 3116 9504 Mensaje de Telegram enviado exitosamente
INFO 2025-11-18 21:13:32,650 telegram_utils 3116 9504 Mensaje de Telegram enviado exitosamente
ERROR 2025-11-18 21:19:15,710 log 28472 2892 Internal Server Error: /admin/panel/
Traceback (most recent call last):
  File "C:\Users\Alvaro\AppData\Local\Packages\PythonSoftwareFoundation.Python.3.11_qbz5n2kfra8p0\LocalCache\local-packages\Python311\site-packages\django\core\handlers\exception.py", line 55, in inner
    response = get_response(request)
               ^^^^^^^^^^^^^^^^^^^^^
  File "C:\Users\Alvaro\AppData\Local\Packages\PythonSoftwareFoundation.Python.3.11_qbz5n2kfra8p0\LocalCache\local-packages\Python311\site-packages\django\core\handlers\base.py", line 197, in _get_response
    response = wrapped_callback(request, *callback_args, **callback_kwargs)
               ^^^^^^^^^^^^^^^^^^^^^^^^^^^^^^^^^^^^^^^^^^^^^^^^^^^^^^^^^^^^
  File "C:\Users\Alvaro\AppData\Local\Packages\PythonSoftwareFoundation.Python.3.11_qbz5n2kfra8p0\LocalCache\local-packages\Python311\site-packages\django\views\decorators\http.py", line 64, in inner
    return func(request, *args, **kwargs)
           ^^^^^^^^^^^^^^^^^^^^^^^^^^^^^^
  File "C:\Users\Alvaro\OneDrive\Escritorio\asociaciones-de-animales\myapp\views.py", line 61, in wrapper
    return redirect('admin_login')
           ^^^^^^^^^^^^^^^^^^^^^^^
  File "C:\Users\Alvaro\AppData\Local\Packages\PythonSoftwareFoundation.Python.3.11_qbz5n2kfra8p0\LocalCache\local-packages\Python311\site-packages\django\shortcuts.py", line 49, in redirect
    return redirect_class(resolve_url(to, *args, **kwargs))
                          ^^^^^^^^^^^^^^^^^^^^^^^^^^^^^^^^
  File "C:\Users\Alvaro\AppData\Local\Packages\PythonSoftwareFoundation.Python.3.11_qbz5n2kfra8p0\LocalCache\local-packages\Python311\site-packages\django\shortcuts.py", line 180, in resolve_url
    return reverse(to, args=args, kwargs=kwargs)
           ^^^^^^^^^^^^^^^^^^^^^^^^^^^^^^^^^^^^^
  File "C:\Users\Alvaro\AppData\Local\Packages\PythonSoftwareFoundation.Python.3.11_qbz5n2kfra8p0\LocalCache\local-packages\Python311\site-packages\django\urls\base.py", line 88, in reverse
    return resolver._reverse_with_prefix(view, prefix, *args, **kwargs)
           ^^^^^^^^^^^^^^^^^^^^^^^^^^^^^^^^^^^^^^^^^^^^^^^^^^^^^^^^^^^^
  File "C:\Users\Alvaro\AppData\Local\Packages\PythonSoftwareFoundation.Python.3.11_qbz5n2kfra8p0\LocalCache\local-packages\Python311\site-packages\django\urls\resolvers.py", line 851, in _reverse_with_prefix
    raise NoReverseMatch(msg)
django.urls.exceptions.NoReverseMatch: Reverse for 'admin_login' not found. 'admin_login' is not a valid view function or pattern name.
ERROR 2025-11-18 21:19:33,427 log 1200 37520 Internal Server Error: /admin/login/
Traceback (most recent call last):
  File "C:\Users\Alvaro\AppData\Local\Packages\PythonSoftwareFoundation.Python.3.11_qbz5n2kfra8p0\LocalCache\local-packages\Python311\site-packages\django\core\handlers\exception.py", line 55, in inner
    response = get_response(request)
               ^^^^^^^^^^^^^^^^^^^^^
  File "C:\Users\Alvaro\AppData\Local\Packages\PythonSoftwareFoundation.Python.3.11_qbz5n2kfra8p0\LocalCache\local-packages\Python311\site-packages\django\core\handlers\base.py", line 197, in _get_response
    response = wrapped_callback(request, *callback_args, **callback_kwargs)
               ^^^^^^^^^^^^^^^^^^^^^^^^^^^^^^^^^^^^^^^^^^^^^^^^^^^^^^^^^^^^
  File "C:\Users\Alvaro\OneDrive\Escritorio\asociaciones-de-animales\myapp\views.py", line 88, in admin_login_view
    return render(request, 'admin_login.html', {
           ^^^^^^^^^^^^^^^^^^^^^^^^^^^^^^^^^^^^^
  File "C:\Users\Alvaro\AppData\Local\Packages\PythonSoftwareFoundation.Python.3.11_qbz5n2kfra8p0\LocalCache\local-packages\Python311\site-packages\django\shortcuts.py", line 25, in render
    content = loader.render_to_string(template_name, context, request, using=using)
              ^^^^^^^^^^^^^^^^^^^^^^^^^^^^^^^^^^^^^^^^^^^^^^^^^^^^^^^^^^^^^^^^^^^^^
  File "C:\Users\Alvaro\AppData\Local\Packages\PythonSoftwareFoundation.Python.3.11_qbz5n2kfra8p0\LocalCache\local-packages\Python311\site-packages\django\template\loader.py", line 61, in render_to_string
    template = get_template(template_name, using=using)
               ^^^^^^^^^^^^^^^^^^^^^^^^^^^^^^^^^^^^^^^^
  File "C:\Users\Alvaro\AppData\Local\Packages\PythonSoftwareFoundation.Python.3.11_qbz5n2kfra8p0\LocalCache\local-packages\Python311\site-packages\django\template\loader.py", line 19, in get_template
    raise TemplateDoesNotExist(template_name, chain=chain)
django.template.exceptions.TemplateDoesNotExist: admin_login.html
WARNING 2025-11-18 22:58:54,740 log 33452 24960 Not Found: /admin/
WARNING 2025-11-18 22:59:02,688 log 33452 41692 Not Found: /admin/
WARNING 2025-11-19 18:46:55,795 log 29864 11644 Not Found: /favicon.ico
INFO 2025-11-19 18:47:34,065 telegram_utils 29864 11644 Mensaje de Telegram enviado exitosamente
INFO 2025-11-19 18:51:35,886 telegram_utils 29864 9920 Mensaje de Telegram enviado exitosamente
ERROR 2025-11-19 18:53:57,384 log 41548 34912 Internal Server Error: /crear_animal/
Traceback (most recent call last):
  File "C:\Users\Alvaro\AppData\Local\Packages\PythonSoftwareFoundation.Python.3.11_qbz5n2kfra8p0\LocalCache\local-packages\Python311\site-packages\django\core\handlers\exception.py", line 55, in inner
    response = get_response(request)
               ^^^^^^^^^^^^^^^^^^^^^
  File "C:\Users\Alvaro\AppData\Local\Packages\PythonSoftwareFoundation.Python.3.11_qbz5n2kfra8p0\LocalCache\local-packages\Python311\site-packages\django\core\handlers\base.py", line 197, in _get_response
    response = wrapped_callback(request, *callback_args, **callback_kwargs)
               ^^^^^^^^^^^^^^^^^^^^^^^^^^^^^^^^^^^^^^^^^^^^^^^^^^^^^^^^^^^^
  File "C:\Users\Alvaro\OneDrive\Escritorio\asociaciones-de-animales\myapp\views.py", line 51, in wrapper
    return view_func(request, *args, **kwargs)
           ^^^^^^^^^^^^^^^^^^^^^^^^^^^^^^^^^^^
  File "C:\Users\Alvaro\OneDrive\Escritorio\asociaciones-de-animales\myapp\views.py", line 1639, in crear_animal
    if form.is_valid():
       ^^^^^^^^^^^^^^^
  File "C:\Users\Alvaro\AppData\Local\Packages\PythonSoftwareFoundation.Python.3.11_qbz5n2kfra8p0\LocalCache\local-packages\Python311\site-packages\django\forms\forms.py", line 197, in is_valid
    return self.is_bound and not self.errors
                                 ^^^^^^^^^^^
  File "C:\Users\Alvaro\AppData\Local\Packages\PythonSoftwareFoundation.Python.3.11_qbz5n2kfra8p0\LocalCache\local-packages\Python311\site-packages\django\forms\forms.py", line 192, in errors
    self.full_clean()
  File "C:\Users\Alvaro\AppData\Local\Packages\PythonSoftwareFoundation.Python.3.11_qbz5n2kfra8p0\LocalCache\local-packages\Python311\site-packages\django\forms\forms.py", line 329, in full_clean
    self._post_clean()
  File "C:\Users\Alvaro\AppData\Local\Packages\PythonSoftwareFoundation.Python.3.11_qbz5n2kfra8p0\LocalCache\local-packages\Python311\site-packages\django\forms\models.py", line 496, in _post_clean
    self.instance.full_clean(exclude=exclude, validate_unique=False)
  File "C:\Users\Alvaro\AppData\Local\Packages\PythonSoftwareFoundation.Python.3.11_qbz5n2kfra8p0\LocalCache\local-packages\Python311\site-packages\django\db\models\base.py", line 1529, in full_clean
    self.clean_fields(exclude=exclude)
  File "C:\Users\Alvaro\AppData\Local\Packages\PythonSoftwareFoundation.Python.3.11_qbz5n2kfra8p0\LocalCache\local-packages\Python311\site-packages\django\db\models\base.py", line 1584, in clean_fields
    setattr(self, f.attname, f.clean(raw_value, self))
                             ^^^^^^^^^^^^^^^^^^^^^^^^
  File "C:\Users\Alvaro\AppData\Local\Packages\PythonSoftwareFoundation.Python.3.11_qbz5n2kfra8p0\LocalCache\local-packages\Python311\site-packages\django\db\models\fields\__init__.py", line 831, in clean
    self.run_validators(value)
  File "C:\Users\Alvaro\AppData\Local\Packages\PythonSoftwareFoundation.Python.3.11_qbz5n2kfra8p0\LocalCache\local-packages\Python311\site-packages\django\db\models\fields\__init__.py", line 783, in run_validators
    v(value)
  File "C:\Users\Alvaro\OneDrive\Escritorio\asociaciones-de-animales\myapp\validators.py", line 33, in validate_image_file
    if value.content_type not in allowed_content_types:
       ^^^^^^^^^^^^^^^^^^
AttributeError: 'ImageFieldFile' object has no attribute 'content_type'
ERROR 2025-11-19 18:54:06,141 log 15792 4544 Internal Server Error: /crear_animal/
Traceback (most recent call last):
  File "C:\Users\Alvaro\AppData\Local\Packages\PythonSoftwareFoundation.Python.3.11_qbz5n2kfra8p0\LocalCache\local-packages\Python311\site-packages\django\core\handlers\exception.py", line 55, in inner
    response = get_response(request)
               ^^^^^^^^^^^^^^^^^^^^^
  File "C:\Users\Alvaro\AppData\Local\Packages\PythonSoftwareFoundation.Python.3.11_qbz5n2kfra8p0\LocalCache\local-packages\Python311\site-packages\django\core\handlers\base.py", line 197, in _get_response
    response = wrapped_callback(request, *callback_args, **callback_kwargs)
               ^^^^^^^^^^^^^^^^^^^^^^^^^^^^^^^^^^^^^^^^^^^^^^^^^^^^^^^^^^^^
  File "C:\Users\Alvaro\OneDrive\Escritorio\asociaciones-de-animales\myapp\views.py", line 51, in wrapper
    return view_func(request, *args, **kwargs)
           ^^^^^^^^^^^^^^^^^^^^^^^^^^^^^^^^^^^
  File "C:\Users\Alvaro\OneDrive\Escritorio\asociaciones-de-animales\myapp\views.py", line 1648, in crear_animal
    if form.is_valid():
       ^^^^^^^^^^^^^^^
  File "C:\Users\Alvaro\AppData\Local\Packages\PythonSoftwareFoundation.Python.3.11_qbz5n2kfra8p0\LocalCache\local-packages\Python311\site-packages\django\forms\forms.py", line 197, in is_valid
    return self.is_bound and not self.errors
                                 ^^^^^^^^^^^
  File "C:\Users\Alvaro\AppData\Local\Packages\PythonSoftwareFoundation.Python.3.11_qbz5n2kfra8p0\LocalCache\local-packages\Python311\site-packages\django\forms\forms.py", line 192, in errors
    self.full_clean()
  File "C:\Users\Alvaro\AppData\Local\Packages\PythonSoftwareFoundation.Python.3.11_qbz5n2kfra8p0\LocalCache\local-packages\Python311\site-packages\django\forms\forms.py", line 329, in full_clean
    self._post_clean()
  File "C:\Users\Alvaro\AppData\Local\Packages\PythonSoftwareFoundation.Python.3.11_qbz5n2kfra8p0\LocalCache\local-packages\Python311\site-packages\django\forms\models.py", line 496, in _post_clean
    self.instance.full_clean(exclude=exclude, validate_unique=False)
  File "C:\Users\Alvaro\AppData\Local\Packages\PythonSoftwareFoundation.Python.3.11_qbz5n2kfra8p0\LocalCache\local-packages\Python311\site-packages\django\db\models\base.py", line 1529, in full_clean
    self.clean_fields(exclude=exclude)
  File "C:\Users\Alvaro\AppData\Local\Packages\PythonSoftwareFoundation.Python.3.11_qbz5n2kfra8p0\LocalCache\local-packages\Python311\site-packages\django\db\models\base.py", line 1584, in clean_fields
    setattr(self, f.attname, f.clean(raw_value, self))
                             ^^^^^^^^^^^^^^^^^^^^^^^^
  File "C:\Users\Alvaro\AppData\Local\Packages\PythonSoftwareFoundation.Python.3.11_qbz5n2kfra8p0\LocalCache\local-packages\Python311\site-packages\django\db\models\fields\__init__.py", line 831, in clean
    self.run_validators(value)
  File "C:\Users\Alvaro\AppData\Local\Packages\PythonSoftwareFoundation.Python.3.11_qbz5n2kfra8p0\LocalCache\local-packages\Python311\site-packages\django\db\models\fields\__init__.py", line 783, in run_validators
    v(value)
  File "C:\Users\Alvaro\OneDrive\Escritorio\asociaciones-de-animales\myapp\validators.py", line 33, in validate_image_file
    if value.content_type not in allowed_content_types:
       ^^^^^^^^^^^^^^^^^^
AttributeError: 'ImageFieldFile' object has no attribute 'content_type'
ERROR 2025-11-19 18:54:27,204 log 15792 11100 Internal Server Error: /crear_animal/
Traceback (most recent call last):
  File "C:\Users\Alvaro\AppData\Local\Packages\PythonSoftwareFoundation.Python.3.11_qbz5n2kfra8p0\LocalCache\local-packages\Python311\site-packages\django\core\handlers\exception.py", line 55, in inner
    response = get_response(request)
               ^^^^^^^^^^^^^^^^^^^^^
  File "C:\Users\Alvaro\AppData\Local\Packages\PythonSoftwareFoundation.Python.3.11_qbz5n2kfra8p0\LocalCache\local-packages\Python311\site-packages\django\core\handlers\base.py", line 197, in _get_response
    response = wrapped_callback(request, *callback_args, **callback_kwargs)
               ^^^^^^^^^^^^^^^^^^^^^^^^^^^^^^^^^^^^^^^^^^^^^^^^^^^^^^^^^^^^
  File "C:\Users\Alvaro\OneDrive\Escritorio\asociaciones-de-animales\myapp\views.py", line 51, in wrapper
    return view_func(request, *args, **kwargs)
           ^^^^^^^^^^^^^^^^^^^^^^^^^^^^^^^^^^^
  File "C:\Users\Alvaro\OneDrive\Escritorio\asociaciones-de-animales\myapp\views.py", line 1648, in crear_animal
    if form.is_valid():
       ^^^^^^^^^^^^^^^
  File "C:\Users\Alvaro\AppData\Local\Packages\PythonSoftwareFoundation.Python.3.11_qbz5n2kfra8p0\LocalCache\local-packages\Python311\site-packages\django\forms\forms.py", line 197, in is_valid
    return self.is_bound and not self.errors
                                 ^^^^^^^^^^^
  File "C:\Users\Alvaro\AppData\Local\Packages\PythonSoftwareFoundation.Python.3.11_qbz5n2kfra8p0\LocalCache\local-packages\Python311\site-packages\django\forms\forms.py", line 192, in errors
    self.full_clean()
  File "C:\Users\Alvaro\AppData\Local\Packages\PythonSoftwareFoundation.Python.3.11_qbz5n2kfra8p0\LocalCache\local-packages\Python311\site-packages\django\forms\forms.py", line 329, in full_clean
    self._post_clean()
  File "C:\Users\Alvaro\AppData\Local\Packages\PythonSoftwareFoundation.Python.3.11_qbz5n2kfra8p0\LocalCache\local-packages\Python311\site-packages\django\forms\models.py", line 496, in _post_clean
    self.instance.full_clean(exclude=exclude, validate_unique=False)
  File "C:\Users\Alvaro\AppData\Local\Packages\PythonSoftwareFoundation.Python.3.11_qbz5n2kfra8p0\LocalCache\local-packages\Python311\site-packages\django\db\models\base.py", line 1529, in full_clean
    self.clean_fields(exclude=exclude)
  File "C:\Users\Alvaro\AppData\Local\Packages\PythonSoftwareFoundation.Python.3.11_qbz5n2kfra8p0\LocalCache\local-packages\Python311\site-packages\django\db\models\base.py", line 1584, in clean_fields
    setattr(self, f.attname, f.clean(raw_value, self))
                             ^^^^^^^^^^^^^^^^^^^^^^^^
  File "C:\Users\Alvaro\AppData\Local\Packages\PythonSoftwareFoundation.Python.3.11_qbz5n2kfra8p0\LocalCache\local-packages\Python311\site-packages\django\db\models\fields\__init__.py", line 831, in clean
    self.run_validators(value)
  File "C:\Users\Alvaro\AppData\Local\Packages\PythonSoftwareFoundation.Python.3.11_qbz5n2kfra8p0\LocalCache\local-packages\Python311\site-packages\django\db\models\fields\__init__.py", line 783, in run_validators
    v(value)
  File "C:\Users\Alvaro\OneDrive\Escritorio\asociaciones-de-animales\myapp\validators.py", line 33, in validate_image_file
    if value.content_type not in allowed_content_types:
       ^^^^^^^^^^^^^^^^^^
AttributeError: 'ImageFieldFile' object has no attribute 'content_type'
INFO 2025-11-19 18:56:03,685 telegram_utils 15792 20484 Mensaje de Telegram enviado exitosamente
WARNING 2025-11-22 01:30:29,112 log 5144 35812 Not Found: /favicon.ico
ERROR 2025-11-22 01:31:27,369 log 5144 32016 Internal Server Error: /crear_animal/
Traceback (most recent call last):
  File "C:\Users\Alvaro\OneDrive\Escritorio\asociaciones-de-animales\venv\Lib\site-packages\django\core\handlers\exception.py", line 55, in inner
    response = get_response(request)
               ^^^^^^^^^^^^^^^^^^^^^
  File "C:\Users\Alvaro\OneDrive\Escritorio\asociaciones-de-animales\venv\Lib\site-packages\django\core\handlers\base.py", line 197, in _get_response
    response = wrapped_callback(request, *callback_args, **callback_kwargs)
               ^^^^^^^^^^^^^^^^^^^^^^^^^^^^^^^^^^^^^^^^^^^^^^^^^^^^^^^^^^^^
  File "C:\Users\Alvaro\OneDrive\Escritorio\asociaciones-de-animales\myapp\views.py", line 51, in wrapper
    return view_func(request, *args, **kwargs)
           ^^^^^^^^^^^^^^^^^^^^^^^^^^^^^^^^^^^
  File "C:\Users\Alvaro\OneDrive\Escritorio\asociaciones-de-animales\myapp\views.py", line 1648, in crear_animal
    if form.is_valid():
       ^^^^^^^^^^^^^^^
  File "C:\Users\Alvaro\OneDrive\Escritorio\asociaciones-de-animales\venv\Lib\site-packages\django\forms\forms.py", line 206, in is_valid
    return self.is_bound and not self.errors
                                 ^^^^^^^^^^^
  File "C:\Users\Alvaro\OneDrive\Escritorio\asociaciones-de-animales\venv\Lib\site-packages\django\forms\forms.py", line 201, in errors
    self.full_clean()
  File "C:\Users\Alvaro\OneDrive\Escritorio\asociaciones-de-animales\venv\Lib\site-packages\django\forms\forms.py", line 339, in full_clean
    self._post_clean()
  File "C:\Users\Alvaro\OneDrive\Escritorio\asociaciones-de-animales\venv\Lib\site-packages\django\forms\models.py", line 498, in _post_clean
    self.instance.full_clean(exclude=exclude, validate_unique=False)
  File "C:\Users\Alvaro\OneDrive\Escritorio\asociaciones-de-animales\venv\Lib\site-packages\django\db\models\base.py", line 1647, in full_clean
    self.clean_fields(exclude=exclude)
  File "C:\Users\Alvaro\OneDrive\Escritorio\asociaciones-de-animales\venv\Lib\site-packages\django\db\models\base.py", line 1702, in clean_fields
    setattr(self, f.attname, f.clean(raw_value, self))
                             ^^^^^^^^^^^^^^^^^^^^^^^^
  File "C:\Users\Alvaro\OneDrive\Escritorio\asociaciones-de-animales\venv\Lib\site-packages\django\db\models\fields\__init__.py", line 837, in clean
    self.run_validators(value)
  File "C:\Users\Alvaro\OneDrive\Escritorio\asociaciones-de-animales\venv\Lib\site-packages\django\db\models\fields\__init__.py", line 789, in run_validators
    v(value)
  File "C:\Users\Alvaro\OneDrive\Escritorio\asociaciones-de-animales\myapp\validators.py", line 33, in validate_image_file
    if value.content_type not in allowed_content_types:
       ^^^^^^^^^^^^^^^^^^
AttributeError: 'ImageFieldFile' object has no attribute 'content_type'
INFO 2025-11-22 01:38:48,334 telegram_utils 30324 36124 Mensaje de Telegram enviado exitosamente
INFO 2025-11-22 01:38:48,463 telegram_utils 30324 36124 Mensaje de Telegram enviado exitosamente
INFO 2025-11-22 01:38:48,592 telegram_utils 30324 36124 Mensaje de Telegram enviado exitosamente
INFO 2025-11-22 01:38:48,592 telegram_utils 30324 36124 Iniciando aprobación para asociación ID: 47
INFO 2025-11-22 01:38:48,598 telegram_utils 30324 36124 Estado actual de la asociación poeeeeee: pendiente
INFO 2025-11-22 01:38:48,598 telegram_utils 30324 36124 Aprobando asociación ID: 47
INFO 2025-11-22 01:38:48,615 telegram_utils 30324 36124 Asociación poeeeeee aprobada. Nuevo estado: activa
INFO 2025-11-22 01:38:50,505 telegram_utils 30324 36124 Email de aprobación enviado exitosamente
ERROR 2025-11-22 01:38:50,616 telegram_utils 30324 36124 Error de conexión editando mensaje: 400 Client Error: Bad Request for url: https://api.telegram.org/bot8107454170:AAGPtW3_Dit2nnIRWrQatWzc-7_K0RrAVGU/editMessageText
ERROR 2025-11-22 01:38:50,730 telegram_utils 30324 36124 Error de conexión respondiendo callback: 400 Client Error: Bad Request for url: https://api.telegram.org/bot8107454170:AAGPtW3_Dit2nnIRWrQatWzc-7_K0RrAVGU/answerCallbackQuery
INFO 2025-11-22 01:38:50,731 telegram_utils 30324 36124 Aprobación de poeeeeee completada exitosamente
INFO 2025-11-22 01:38:51,116 telegram_utils 30324 36124 Iniciando rechazo directo para asociación ID: 48
INFO 2025-11-22 01:38:51,117 telegram_utils 30324 36124 Rechazando y eliminando asociación: Test Asociacion Rechazo
INFO 2025-11-22 01:38:52,826 telegram_utils 30324 36124 Email de rechazo enviado exitosamente
INFO 2025-11-22 01:38:52,835 telegram_utils 30324 36124 Asociación Test Asociacion Rechazo eliminada permanentemente de la base de datos
ERROR 2025-11-22 01:38:52,955 telegram_utils 30324 36124 Error de conexión editando mensaje: 400 Client Error: Bad Request for url: https://api.telegram.org/bot8107454170:AAGPtW3_Dit2nnIRWrQatWzc-7_K0RrAVGU/editMessageText
ERROR 2025-11-22 01:38:53,078 telegram_utils 30324 36124 Error de conexión respondiendo callback: 400 Client Error: Bad Request for url: https://api.telegram.org/bot8107454170:AAGPtW3_Dit2nnIRWrQatWzc-7_K0RrAVGU/answerCallbackQuery
INFO 2025-11-22 01:38:53,078 telegram_utils 30324 36124 Rechazo y eliminación de Test Asociacion Rechazo completada exitosamente
ERROR 2025-11-22 01:38:57,216 telegram_utils 30324 36124 Error de conexión editando mensaje: 400 Client Error: Bad Request for url: https://api.telegram.org/bot8107454170:AAGPtW3_Dit2nnIRWrQatWzc-7_K0RrAVGU/editMessageText
ERROR 2025-11-22 01:38:57,324 telegram_utils 30324 36124 Error de conexión respondiendo callback: 400 Client Error: Bad Request for url: https://api.telegram.org/bot8107454170:AAGPtW3_Dit2nnIRWrQatWzc-7_K0RrAVGU/answerCallbackQuery
INFO 2025-11-22 01:38:57,701 telegram_utils 30324 36124 Solicitando confirmación para eliminar asociación ID: 49
ERROR 2025-11-22 01:38:57,816 telegram_utils 30324 36124 Error de conexión editando mensaje: 400 Client Error: Bad Request for url: https://api.telegram.org/bot8107454170:AAGPtW3_Dit2nnIRWrQatWzc-7_K0RrAVGU/editMessageText
ERROR 2025-11-22 01:38:57,942 telegram_utils 30324 36124 Error de conexión respondiendo callback: 400 Client Error: Bad Request for url: https://api.telegram.org/bot8107454170:AAGPtW3_Dit2nnIRWrQatWzc-7_K0RrAVGU/answerCallbackQuery
INFO 2025-11-22 01:38:57,942 telegram_utils 30324 36124 Eliminando permanentemente asociación ID: 49
INFO 2025-11-22 01:38:57,944 telegram_utils 30324 36124 Datos guardados. Procediendo a eliminar: Test Asociacion Eliminar
INFO 2025-11-22 01:38:57,949 telegram_utils 30324 36124 Asociación Test Asociacion Eliminar eliminada permanentemente de la base de datos
ERROR 2025-11-22 01:38:58,048 telegram_utils 30324 36124 Error de conexión editando mensaje: 400 Client Error: Bad Request for url: https://api.telegram.org/bot8107454170:AAGPtW3_Dit2nnIRWrQatWzc-7_K0RrAVGU/editMessageText
ERROR 2025-11-22 01:38:58,167 telegram_utils 30324 36124 Error de conexión respondiendo callback: 400 Client Error: Bad Request for url: https://api.telegram.org/bot8107454170:AAGPtW3_Dit2nnIRWrQatWzc-7_K0RrAVGU/answerCallbackQuery
INFO 2025-11-22 01:38:58,168 telegram_utils 30324 36124 Eliminación de Test Asociacion Eliminar completada exitosamente
INFO 2025-11-22 01:40:32,232 telegram_utils 32960 26484 Mensaje de Telegram enviado exitosamente
INFO 2025-11-22 01:40:32,391 telegram_utils 32960 26484 Mensaje de Telegram enviado exitosamente
INFO 2025-11-22 01:40:32,581 telegram_utils 32960 26484 Mensaje de Telegram enviado exitosamente
INFO 2025-11-22 01:40:32,582 telegram_utils 32960 26484 Iniciando aprobación para asociación ID: 40
INFO 2025-11-22 01:40:32,587 telegram_utils 32960 26484 Estado actual de la asociación tuuuuuuuuuuuuuu: pendiente
INFO 2025-11-22 01:40:32,587 telegram_utils 32960 26484 Aprobando asociación ID: 40
INFO 2025-11-22 01:40:32,605 telegram_utils 32960 26484 Asociación tuuuuuuuuuuuuuu aprobada. Nuevo estado: activa
INFO 2025-11-22 01:40:34,391 telegram_utils 32960 26484 Email de aprobación enviado exitosamente
ERROR 2025-11-22 01:40:34,511 telegram_utils 32960 26484 Error de conexión editando mensaje: 400 Client Error: Bad Request for url: https://api.telegram.org/bot8107454170:AAGPtW3_Dit2nnIRWrQatWzc-7_K0RrAVGU/editMessageText
ERROR 2025-11-22 01:40:34,622 telegram_utils 32960 26484 Error de conexión respondiendo callback: 400 Client Error: Bad Request for url: https://api.telegram.org/bot8107454170:AAGPtW3_Dit2nnIRWrQatWzc-7_K0RrAVGU/answerCallbackQuery
INFO 2025-11-22 01:40:34,624 telegram_utils 32960 26484 Aprobación de tuuuuuuuuuuuuuu completada exitosamente
INFO 2025-11-22 01:40:34,977 telegram_utils 32960 26484 Iniciando rechazo directo para asociación ID: 51
INFO 2025-11-22 01:40:34,977 telegram_utils 32960 26484 Rechazando y eliminando asociación: Test Asociacion Rechazo
INFO 2025-11-22 01:40:36,687 telegram_utils 32960 26484 Email de rechazo enviado exitosamente
INFO 2025-11-22 01:40:36,710 telegram_utils 32960 26484 Asociación Test Asociacion Rechazo eliminada permanentemente de la base de datos
ERROR 2025-11-22 01:40:36,829 telegram_utils 32960 26484 Error de conexión editando mensaje: 400 Client Error: Bad Request for url: https://api.telegram.org/bot8107454170:AAGPtW3_Dit2nnIRWrQatWzc-7_K0RrAVGU/editMessageText
ERROR 2025-11-22 01:40:36,965 telegram_utils 32960 26484 Error de conexión respondiendo callback: 400 Client Error: Bad Request for url: https://api.telegram.org/bot8107454170:AAGPtW3_Dit2nnIRWrQatWzc-7_K0RrAVGU/answerCallbackQuery
INFO 2025-11-22 01:40:36,966 telegram_utils 32960 26484 Rechazo y eliminación de Test Asociacion Rechazo completada exitosamente
ERROR 2025-11-22 01:40:41,102 telegram_utils 32960 26484 Error de conexión editando mensaje: 400 Client Error: Bad Request for url: https://api.telegram.org/bot8107454170:AAGPtW3_Dit2nnIRWrQatWzc-7_K0RrAVGU/editMessageText
ERROR 2025-11-22 01:40:41,223 telegram_utils 32960 26484 Error de conexión respondiendo callback: 400 Client Error: Bad Request for url: https://api.telegram.org/bot8107454170:AAGPtW3_Dit2nnIRWrQatWzc-7_K0RrAVGU/answerCallbackQuery
INFO 2025-11-22 01:40:41,542 telegram_utils 32960 26484 Solicitando confirmación para eliminar asociación ID: 52
ERROR 2025-11-22 01:40:41,654 telegram_utils 32960 26484 Error de conexión editando mensaje: 400 Client Error: Bad Request for url: https://api.telegram.org/bot8107454170:AAGPtW3_Dit2nnIRWrQatWzc-7_K0RrAVGU/editMessageText
ERROR 2025-11-22 01:40:41,768 telegram_utils 32960 26484 Error de conexión respondiendo callback: 400 Client Error: Bad Request for url: https://api.telegram.org/bot8107454170:AAGPtW3_Dit2nnIRWrQatWzc-7_K0RrAVGU/answerCallbackQuery
INFO 2025-11-22 01:40:41,769 telegram_utils 32960 26484 Eliminando permanentemente asociación ID: 52
INFO 2025-11-22 01:40:41,771 telegram_utils 32960 26484 Datos guardados. Procediendo a eliminar: Test Asociacion Eliminar
INFO 2025-11-22 01:40:41,787 telegram_utils 32960 26484 Asociación Test Asociacion Eliminar eliminada permanentemente de la base de datos
ERROR 2025-11-22 01:40:41,900 telegram_utils 32960 26484 Error de conexión editando mensaje: 400 Client Error: Bad Request for url: https://api.telegram.org/bot8107454170:AAGPtW3_Dit2nnIRWrQatWzc-7_K0RrAVGU/editMessageText
ERROR 2025-11-22 01:40:41,995 telegram_utils 32960 26484 Error de conexión respondiendo callback: 400 Client Error: Bad Request for url: https://api.telegram.org/bot8107454170:AAGPtW3_Dit2nnIRWrQatWzc-7_K0RrAVGU/answerCallbackQuery
INFO 2025-11-22 01:40:41,996 telegram_utils 32960 26484 Eliminación de Test Asociacion Eliminar completada exitosamente
INFO 2025-11-22 01:40:59,324 telegram_utils 35512 13044 Mensaje de Telegram enviado exitosamente
INFO 2025-11-22 01:40:59,436 telegram_utils 35512 13044 Mensaje de Telegram enviado exitosamente
INFO 2025-11-22 01:40:59,591 telegram_utils 35512 13044 Mensaje de Telegram enviado exitosamente
INFO 2025-11-22 01:40:59,591 telegram_utils 35512 13044 Iniciando aprobación para asociación ID: 33
INFO 2025-11-22 01:40:59,598 telegram_utils 35512 13044 Estado actual de la asociación poeeeeeeee: pendiente
INFO 2025-11-22 01:40:59,600 telegram_utils 35512 13044 Aprobando asociación ID: 33
INFO 2025-11-22 01:40:59,620 telegram_utils 35512 13044 Asociación poeeeeeeee aprobada. Nuevo estado: activa
INFO 2025-11-22 01:41:01,351 telegram_utils 35512 13044 Email de aprobación enviado exitosamente
ERROR 2025-11-22 01:41:01,459 telegram_utils 35512 13044 Error de conexión editando mensaje: 400 Client Error: Bad Request for url: https://api.telegram.org/bot8107454170:AAGPtW3_Dit2nnIRWrQatWzc-7_K0RrAVGU/editMessageText
ERROR 2025-11-22 01:41:01,567 telegram_utils 35512 13044 Error de conexión respondiendo callback: 400 Client Error: Bad Request for url: https://api.telegram.org/bot8107454170:AAGPtW3_Dit2nnIRWrQatWzc-7_K0RrAVGU/answerCallbackQuery
INFO 2025-11-22 01:41:01,567 telegram_utils 35512 13044 Aprobación de poeeeeeeee completada exitosamente
INFO 2025-11-22 01:41:01,923 telegram_utils 35512 13044 Iniciando rechazo directo para asociación ID: 54
INFO 2025-11-22 01:41:01,924 telegram_utils 35512 13044 Rechazando y eliminando asociación: Test Asociacion Rechazo
INFO 2025-11-22 01:41:03,680 telegram_utils 35512 13044 Email de rechazo enviado exitosamente
INFO 2025-11-22 01:41:03,693 telegram_utils 35512 13044 Asociación Test Asociacion Rechazo eliminada permanentemente de la base de datos
ERROR 2025-11-22 01:41:03,807 telegram_utils 35512 13044 Error de conexión editando mensaje: 400 Client Error: Bad Request for url: https://api.telegram.org/bot8107454170:AAGPtW3_Dit2nnIRWrQatWzc-7_K0RrAVGU/editMessageText
ERROR 2025-11-22 01:41:03,923 telegram_utils 35512 13044 Error de conexión respondiendo callback: 400 Client Error: Bad Request for url: https://api.telegram.org/bot8107454170:AAGPtW3_Dit2nnIRWrQatWzc-7_K0RrAVGU/answerCallbackQuery
INFO 2025-11-22 01:41:03,923 telegram_utils 35512 13044 Rechazo y eliminación de Test Asociacion Rechazo completada exitosamente
ERROR 2025-11-22 01:41:08,040 telegram_utils 35512 13044 Error de conexión editando mensaje: 400 Client Error: Bad Request for url: https://api.telegram.org/bot8107454170:AAGPtW3_Dit2nnIRWrQatWzc-7_K0RrAVGU/editMessageText
ERROR 2025-11-22 01:41:08,164 telegram_utils 35512 13044 Error de conexión respondiendo callback: 400 Client Error: Bad Request for url: https://api.telegram.org/bot8107454170:AAGPtW3_Dit2nnIRWrQatWzc-7_K0RrAVGU/answerCallbackQuery
INFO 2025-11-22 01:41:08,533 telegram_utils 35512 13044 Solicitando confirmación para eliminar asociación ID: 55
ERROR 2025-11-22 01:41:08,658 telegram_utils 35512 13044 Error de conexión editando mensaje: 400 Client Error: Bad Request for url: https://api.telegram.org/bot8107454170:AAGPtW3_Dit2nnIRWrQatWzc-7_K0RrAVGU/editMessageText
ERROR 2025-11-22 01:41:08,754 telegram_utils 35512 13044 Error de conexión respondiendo callback: 400 Client Error: Bad Request for url: https://api.telegram.org/bot8107454170:AAGPtW3_Dit2nnIRWrQatWzc-7_K0RrAVGU/answerCallbackQuery
INFO 2025-11-22 01:41:08,755 telegram_utils 35512 13044 Eliminando permanentemente asociación ID: 55
INFO 2025-11-22 01:41:08,756 telegram_utils 35512 13044 Datos guardados. Procediendo a eliminar: Test Asociacion Eliminar
INFO 2025-11-22 01:41:08,778 telegram_utils 35512 13044 Asociación Test Asociacion Eliminar eliminada permanentemente de la base de datos
ERROR 2025-11-22 01:41:08,883 telegram_utils 35512 13044 Error de conexión editando mensaje: 400 Client Error: Bad Request for url: https://api.telegram.org/bot8107454170:AAGPtW3_Dit2nnIRWrQatWzc-7_K0RrAVGU/editMessageText
ERROR 2025-11-22 01:41:09,000 telegram_utils 35512 13044 Error de conexión respondiendo callback: 400 Client Error: Bad Request for url: https://api.telegram.org/bot8107454170:AAGPtW3_Dit2nnIRWrQatWzc-7_K0RrAVGU/answerCallbackQuery
INFO 2025-11-22 01:41:09,000 telegram_utils 35512 13044 Eliminación de Test Asociacion Eliminar completada exitosamente
INFO 2025-11-22 01:42:11,531 telegram_utils 30872 24184 Mensaje de Telegram enviado exitosamente
INFO 2025-11-22 01:42:11,651 telegram_utils 30872 24184 Mensaje de Telegram enviado exitosamente
INFO 2025-11-22 01:42:11,803 telegram_utils 30872 24184 Mensaje de Telegram enviado exitosamente
INFO 2025-11-22 01:42:11,803 telegram_utils 30872 24184 Iniciando aprobación para asociación ID: 32
INFO 2025-11-22 01:42:11,809 telegram_utils 30872 24184 Estado actual de la asociación brbrbrbr: pendiente
INFO 2025-11-22 01:42:11,810 telegram_utils 30872 24184 Aprobando asociación ID: 32
INFO 2025-11-22 01:42:11,827 telegram_utils 30872 24184 Asociación brbrbrbr aprobada. Nuevo estado: activa
INFO 2025-11-22 01:42:13,607 telegram_utils 30872 24184 Email de aprobación enviado exitosamente
ERROR 2025-11-22 01:42:13,722 telegram_utils 30872 24184 Error de conexión editando mensaje: 400 Client Error: Bad Request for url: https://api.telegram.org/bot8107454170:AAGPtW3_Dit2nnIRWrQatWzc-7_K0RrAVGU/editMessageText
ERROR 2025-11-22 01:42:13,844 telegram_utils 30872 24184 Error de conexión respondiendo callback: 400 Client Error: Bad Request for url: https://api.telegram.org/bot8107454170:AAGPtW3_Dit2nnIRWrQatWzc-7_K0RrAVGU/answerCallbackQuery
INFO 2025-11-22 01:42:13,844 telegram_utils 30872 24184 Aprobación de brbrbrbr completada exitosamente
INFO 2025-11-22 01:42:14,279 telegram_utils 30872 24184 Iniciando rechazo directo para asociación ID: 57
INFO 2025-11-22 01:42:14,280 telegram_utils 30872 24184 Rechazando y eliminando asociación: Test Asociacion Rechazo
INFO 2025-11-22 01:42:16,079 telegram_utils 30872 24184 Email de rechazo enviado exitosamente
INFO 2025-11-22 01:42:16,090 telegram_utils 30872 24184 Asociación Test Asociacion Rechazo eliminada permanentemente de la base de datos
ERROR 2025-11-22 01:42:16,184 telegram_utils 30872 24184 Error de conexión editando mensaje: 400 Client Error: Bad Request for url: https://api.telegram.org/bot8107454170:AAGPtW3_Dit2nnIRWrQatWzc-7_K0RrAVGU/editMessageText
ERROR 2025-11-22 01:42:16,302 telegram_utils 30872 24184 Error de conexión respondiendo callback: 400 Client Error: Bad Request for url: https://api.telegram.org/bot8107454170:AAGPtW3_Dit2nnIRWrQatWzc-7_K0RrAVGU/answerCallbackQuery
INFO 2025-11-22 01:42:16,302 telegram_utils 30872 24184 Rechazo y eliminación de Test Asociacion Rechazo completada exitosamente
ERROR 2025-11-22 01:42:20,427 telegram_utils 30872 24184 Error de conexión editando mensaje: 400 Client Error: Bad Request for url: https://api.telegram.org/bot8107454170:AAGPtW3_Dit2nnIRWrQatWzc-7_K0RrAVGU/editMessageText
ERROR 2025-11-22 01:42:20,523 telegram_utils 30872 24184 Error de conexión respondiendo callback: 400 Client Error: Bad Request for url: https://api.telegram.org/bot8107454170:AAGPtW3_Dit2nnIRWrQatWzc-7_K0RrAVGU/answerCallbackQuery
INFO 2025-11-22 01:42:20,933 telegram_utils 30872 24184 Solicitando confirmación para eliminar asociación ID: 58
ERROR 2025-11-22 01:42:21,034 telegram_utils 30872 24184 Error de conexión editando mensaje: 400 Client Error: Bad Request for url: https://api.telegram.org/bot8107454170:AAGPtW3_Dit2nnIRWrQatWzc-7_K0RrAVGU/editMessageText
ERROR 2025-11-22 01:42:21,151 telegram_utils 30872 24184 Error de conexión respondiendo callback: 400 Client Error: Bad Request for url: https://api.telegram.org/bot8107454170:AAGPtW3_Dit2nnIRWrQatWzc-7_K0RrAVGU/answerCallbackQuery
INFO 2025-11-22 01:42:21,151 telegram_utils 30872 24184 Eliminando permanentemente asociación ID: 58
INFO 2025-11-22 01:42:21,153 telegram_utils 30872 24184 Datos guardados. Procediendo a eliminar: Test Asociacion Eliminar
INFO 2025-11-22 01:42:21,168 telegram_utils 30872 24184 Asociación Test Asociacion Eliminar eliminada permanentemente de la base de datos
ERROR 2025-11-22 01:42:21,259 telegram_utils 30872 24184 Error de conexión editando mensaje: 400 Client Error: Bad Request for url: https://api.telegram.org/bot8107454170:AAGPtW3_Dit2nnIRWrQatWzc-7_K0RrAVGU/editMessageText
ERROR 2025-11-22 01:42:21,374 telegram_utils 30872 24184 Error de conexión respondiendo callback: 400 Client Error: Bad Request for url: https://api.telegram.org/bot8107454170:AAGPtW3_Dit2nnIRWrQatWzc-7_K0RrAVGU/answerCallbackQuery
INFO 2025-11-22 01:42:21,374 telegram_utils 30872 24184 Eliminación de Test Asociacion Eliminar completada exitosamente
INFO 2025-11-22 01:53:38,706 telegram_utils 33352 36568 Mensaje de Telegram enviado exitosamente
INFO 2025-11-22 01:53:38,833 telegram_utils 33352 36568 Mensaje de Telegram enviado exitosamente
INFO 2025-11-22 01:53:38,974 telegram_utils 33352 36568 Mensaje de Telegram enviado exitosamente
INFO 2025-11-22 01:53:38,974 telegram_utils 33352 36568 Iniciando aprobación para asociación ID: 31
INFO 2025-11-22 01:53:38,979 telegram_utils 33352 36568 Estado actual de la asociación brbr: pendiente
INFO 2025-11-22 01:53:38,979 telegram_utils 33352 36568 Aprobando asociación ID: 31
INFO 2025-11-22 01:53:38,984 telegram_utils 33352 36568 Asociación brbr aprobada. Nuevo estado: activa
INFO 2025-11-22 01:53:40,794 telegram_utils 33352 36568 Email de aprobación enviado exitosamente
ERROR 2025-11-22 01:53:40,897 telegram_utils 33352 36568 Error de conexión editando mensaje: 400 Client Error: Bad Request for url: https://api.telegram.org/bot8107454170:AAGPtW3_Dit2nnIRWrQatWzc-7_K0RrAVGU/editMessageText
ERROR 2025-11-22 01:53:40,997 telegram_utils 33352 36568 Error de conexión respondiendo callback: 400 Client Error: Bad Request for url: https://api.telegram.org/bot8107454170:AAGPtW3_Dit2nnIRWrQatWzc-7_K0RrAVGU/answerCallbackQuery
INFO 2025-11-22 01:53:40,998 telegram_utils 33352 36568 Aprobación de brbr completada exitosamente
INFO 2025-11-22 01:53:41,465 telegram_utils 33352 36568 Iniciando rechazo directo para asociación ID: 60
INFO 2025-11-22 01:53:41,466 telegram_utils 33352 36568 Rechazando y eliminando asociación: Test Asociacion Rechazo
INFO 2025-11-22 01:53:43,278 telegram_utils 33352 36568 Email de rechazo enviado exitosamente
INFO 2025-11-22 01:53:43,307 telegram_utils 33352 36568 Asociación Test Asociacion Rechazo eliminada permanentemente de la base de datos
ERROR 2025-11-22 01:53:43,416 telegram_utils 33352 36568 Error de conexión editando mensaje: 400 Client Error: Bad Request for url: https://api.telegram.org/bot8107454170:AAGPtW3_Dit2nnIRWrQatWzc-7_K0RrAVGU/editMessageText
ERROR 2025-11-22 01:53:43,531 telegram_utils 33352 36568 Error de conexión respondiendo callback: 400 Client Error: Bad Request for url: https://api.telegram.org/bot8107454170:AAGPtW3_Dit2nnIRWrQatWzc-7_K0RrAVGU/answerCallbackQuery
INFO 2025-11-22 01:53:43,531 telegram_utils 33352 36568 Rechazo y eliminación de Test Asociacion Rechazo completada exitosamente
ERROR 2025-11-22 01:53:47,685 telegram_utils 33352 36568 Error de conexión editando mensaje: 400 Client Error: Bad Request for url: https://api.telegram.org/bot8107454170:AAGPtW3_Dit2nnIRWrQatWzc-7_K0RrAVGU/editMessageText
ERROR 2025-11-22 01:53:47,797 telegram_utils 33352 36568 Error de conexión respondiendo callback: 400 Client Error: Bad Request for url: https://api.telegram.org/bot8107454170:AAGPtW3_Dit2nnIRWrQatWzc-7_K0RrAVGU/answerCallbackQuery
INFO 2025-11-22 01:53:48,247 telegram_utils 33352 36568 Solicitando confirmación para eliminar asociación ID: 61
ERROR 2025-11-22 01:53:48,354 telegram_utils 33352 36568 Error de conexión editando mensaje: 400 Client Error: Bad Request for url: https://api.telegram.org/bot8107454170:AAGPtW3_Dit2nnIRWrQatWzc-7_K0RrAVGU/editMessageText
ERROR 2025-11-22 01:53:48,477 telegram_utils 33352 36568 Error de conexión respondiendo callback: 400 Client Error: Bad Request for url: https://api.telegram.org/bot8107454170:AAGPtW3_Dit2nnIRWrQatWzc-7_K0RrAVGU/answerCallbackQuery
INFO 2025-11-22 01:53:48,478 telegram_utils 33352 36568 Eliminando permanentemente asociación ID: 61
INFO 2025-11-22 01:53:48,479 telegram_utils 33352 36568 Datos guardados. Procediendo a eliminar: Test Asociacion Eliminar
INFO 2025-11-22 01:53:48,498 telegram_utils 33352 36568 Asociación Test Asociacion Eliminar eliminada permanentemente de la base de datos
ERROR 2025-11-22 01:53:48,609 telegram_utils 33352 36568 Error de conexión editando mensaje: 400 Client Error: Bad Request for url: https://api.telegram.org/bot8107454170:AAGPtW3_Dit2nnIRWrQatWzc-7_K0RrAVGU/editMessageText
ERROR 2025-11-22 01:53:48,721 telegram_utils 33352 36568 Error de conexión respondiendo callback: 400 Client Error: Bad Request for url: https://api.telegram.org/bot8107454170:AAGPtW3_Dit2nnIRWrQatWzc-7_K0RrAVGU/answerCallbackQuery
INFO 2025-11-22 01:53:48,722 telegram_utils 33352 36568 Eliminación de Test Asociacion Eliminar completada exitosamente
INFO 2025-11-22 01:54:54,397 telegram_utils 28360 26192 Mensaje de Telegram enviado exitosamente
INFO 2025-11-22 02:04:03,089 telegram_utils 17428 24260 Mensaje de Telegram enviado exitosamente
WARNING 2025-11-22 02:07:51,449 log 3828 27604 Bad Request: /registro/
INFO 2025-11-22 02:07:56,878 telegram_utils 3828 27604 Mensaje de Telegram enviado exitosamente
INFO 2025-11-22 02:14:50,501 telegram_utils 26196 36840 Mensaje de Telegram enviado exitosamente
INFO 2025-11-22 02:19:08,546 telegram_utils 26196 11804 === WEBHOOK TELEGRAM RECIBIDO ===
INFO 2025-11-22 02:19:08,547 telegram_utils 26196 11804 Método HTTP: POST
INFO 2025-11-22 02:19:08,547 telegram_utils 26196 11804 Content-Type: application/json
INFO 2025-11-22 02:19:08,547 telegram_utils 26196 11804 Content-Length: 1039
INFO 2025-11-22 02:19:08,547 telegram_utils 26196 11804 User-Agent: Unknown
INFO 2025-11-22 02:19:08,547 telegram_utils 26196 11804 Remote-Addr: 127.0.0.1
INFO 2025-11-22 02:19:08,547 telegram_utils 26196 11804 JSON decodificado correctamente. Tipo de actualización: ['update_id', 'callback_query']
INFO 2025-11-22 02:19:08,703 telegram_utils 26196 11804 Procesando callback: aprobar_66 | Chat: 6344843081 | Message: 87
INFO 2025-11-22 02:19:08,703 telegram_utils 26196 11804 Procesando aprobación...
INFO 2025-11-22 02:19:08,703 telegram_utils 26196 11804 Iniciando aprobación para asociación ID: 66
INFO 2025-11-22 02:19:08,705 telegram_utils 26196 11804 Estado actual de la asociación ellll: pendiente
INFO 2025-11-22 02:19:08,705 telegram_utils 26196 11804 Aprobando asociación ID: 66
INFO 2025-11-22 02:19:08,720 telegram_utils 26196 11804 Asociación ellll aprobada. Nuevo estado: activa
INFO 2025-11-22 02:19:08,720 telegram_utils 26196 11804 Intentando responder callback con ID: 8804149457979364115
INFO 2025-11-22 02:19:08,838 telegram_utils 26196 11804 Callback 8804149457979364115 respondido exitosamente
INFO 2025-11-22 02:19:08,840 telegram_utils 26196 11804 Resultado de responder_callback: True
INFO 2025-11-22 02:19:10,738 telegram_utils 26196 11804 Email de aprobación enviado exitosamente
INFO 2025-11-22 02:19:10,871 telegram_utils 26196 11804 Mensaje de Telegram enviado exitosamente
INFO 2025-11-22 02:19:10,871 telegram_utils 26196 11804 Resultado de enviar nuevo mensaje: True
INFO 2025-11-22 02:19:10,871 telegram_utils 26196 11804 Aprobación de ellll completada exitosamente
INFO 2025-11-22 02:19:10,921 telegram_utils 26196 11804 === WEBHOOK TELEGRAM RECIBIDO ===
INFO 2025-11-22 02:19:10,921 telegram_utils 26196 11804 Método HTTP: POST
INFO 2025-11-22 02:19:10,921 telegram_utils 26196 11804 Content-Type: application/json
INFO 2025-11-22 02:19:10,921 telegram_utils 26196 11804 Content-Length: 1039
INFO 2025-11-22 02:19:10,921 telegram_utils 26196 11804 User-Agent: Unknown
INFO 2025-11-22 02:19:10,921 telegram_utils 26196 11804 Remote-Addr: 127.0.0.1
INFO 2025-11-22 02:19:10,921 telegram_utils 26196 11804 JSON decodificado correctamente. Tipo de actualización: ['update_id', 'callback_query']
INFO 2025-11-22 02:19:10,924 telegram_utils 26196 11804 Procesando callback: aprobar_66 | Chat: 6344843081 | Message: 87
INFO 2025-11-22 02:19:10,924 telegram_utils 26196 11804 Procesando aprobación...
INFO 2025-11-22 02:19:10,924 telegram_utils 26196 11804 Iniciando aprobación para asociación ID: 66
INFO 2025-11-22 02:19:10,926 telegram_utils 26196 11804 Estado actual de la asociación ellll: activa
WARNING 2025-11-22 02:19:10,926 telegram_utils 26196 11804 Asociación ya estaba aprobada
INFO 2025-11-22 02:19:11,038 telegram_utils 26196 11804 Callback 8804149458751376669 respondido exitosamente
WARNING 2025-11-22 09:51:06,189 log 11064 26564 Not Found: /favicon.ico
INFO 2025-11-22 09:52:43,395 telegram_utils 11064 26564 Mensaje de Telegram enviado exitosamente
INFO 2025-11-22 09:55:11,956 telegram_utils 11064 6352 Mensaje de Telegram enviado exitosamente
WARNING 2025-11-22 10:07:34,572 log 25676 17696 Not Found: /favicon.ico
WARNING 2025-11-22 11:13:38,123 log 25676 29680 Not Found: /admin
WARNING 2025-11-22 11:13:38,756 log 25676 29680 Not Found: /favicon.ico
WARNING 2025-11-22 11:13:41,884 log 25676 29680 Not Found: /api/
WARNING 2025-11-22 21:08:28,095 log 15396 28436 Not Found: /favicon.ico
ERROR 2025-11-22 21:21:04,203 log 7432 23716 Internal Server Error: /
Traceback (most recent call last):
  File "C:\Users\Alvaro\AppData\Local\Packages\PythonSoftwareFoundation.Python.3.11_qbz5n2kfra8p0\LocalCache\local-packages\Python311\site-packages\django\db\backends\utils.py", line 105, in _execute
    return self.cursor.execute(sql, params)
           ^^^^^^^^^^^^^^^^^^^^^^^^^^^^^^^^
  File "C:\Users\Alvaro\AppData\Local\Packages\PythonSoftwareFoundation.Python.3.11_qbz5n2kfra8p0\LocalCache\local-packages\Python311\site-packages\django\db\backends\sqlite3\base.py", line 329, in execute
    return super().execute(query, params)
           ^^^^^^^^^^^^^^^^^^^^^^^^^^^^^^
sqlite3.OperationalError: no such column: Animales.tamano

The above exception was the direct cause of the following exception:

Traceback (most recent call last):
  File "C:\Users\Alvaro\AppData\Local\Packages\PythonSoftwareFoundation.Python.3.11_qbz5n2kfra8p0\LocalCache\local-packages\Python311\site-packages\django\core\handlers\exception.py", line 55, in inner
    response = get_response(request)
               ^^^^^^^^^^^^^^^^^^^^^
  File "C:\Users\Alvaro\AppData\Local\Packages\PythonSoftwareFoundation.Python.3.11_qbz5n2kfra8p0\LocalCache\local-packages\Python311\site-packages\django\core\handlers\base.py", line 197, in _get_response
    response = wrapped_callback(request, *callback_args, **callback_kwargs)
               ^^^^^^^^^^^^^^^^^^^^^^^^^^^^^^^^^^^^^^^^^^^^^^^^^^^^^^^^^^^^
  File "C:\Users\Alvaro\OneDrive\Escritorio\asociaciones-de-animales\myapp\views.py", line 1627, in Inicio
    return render(request, 'index.html', {
           ^^^^^^^^^^^^^^^^^^^^^^^^^^^^^^^
  File "C:\Users\Alvaro\AppData\Local\Packages\PythonSoftwareFoundation.Python.3.11_qbz5n2kfra8p0\LocalCache\local-packages\Python311\site-packages\django\shortcuts.py", line 25, in render
    content = loader.render_to_string(template_name, context, request, using=using)
              ^^^^^^^^^^^^^^^^^^^^^^^^^^^^^^^^^^^^^^^^^^^^^^^^^^^^^^^^^^^^^^^^^^^^^
  File "C:\Users\Alvaro\AppData\Local\Packages\PythonSoftwareFoundation.Python.3.11_qbz5n2kfra8p0\LocalCache\local-packages\Python311\site-packages\django\template\loader.py", line 62, in render_to_string
    return template.render(context, request)
           ^^^^^^^^^^^^^^^^^^^^^^^^^^^^^^^^^
  File "C:\Users\Alvaro\AppData\Local\Packages\PythonSoftwareFoundation.Python.3.11_qbz5n2kfra8p0\LocalCache\local-packages\Python311\site-packages\django\template\backends\django.py", line 61, in render
    return self.template.render(context)
           ^^^^^^^^^^^^^^^^^^^^^^^^^^^^^
  File "C:\Users\Alvaro\AppData\Local\Packages\PythonSoftwareFoundation.Python.3.11_qbz5n2kfra8p0\LocalCache\local-packages\Python311\site-packages\django\template\base.py", line 171, in render
    return self._render(context)
           ^^^^^^^^^^^^^^^^^^^^^
  File "C:\Users\Alvaro\AppData\Local\Packages\PythonSoftwareFoundation.Python.3.11_qbz5n2kfra8p0\LocalCache\local-packages\Python311\site-packages\django\template\base.py", line 163, in _render
    return self.nodelist.render(context)
           ^^^^^^^^^^^^^^^^^^^^^^^^^^^^^
  File "C:\Users\Alvaro\AppData\Local\Packages\PythonSoftwareFoundation.Python.3.11_qbz5n2kfra8p0\LocalCache\local-packages\Python311\site-packages\django\template\base.py", line 1000, in render
    return SafeString("".join([node.render_annotated(context) for node in self]))
                              ^^^^^^^^^^^^^^^^^^^^^^^^^^^^^^^^^^^^^^^^^^^^^^^^^
  File "C:\Users\Alvaro\AppData\Local\Packages\PythonSoftwareFoundation.Python.3.11_qbz5n2kfra8p0\LocalCache\local-packages\Python311\site-packages\django\template\base.py", line 1000, in <listcomp>
    return SafeString("".join([node.render_annotated(context) for node in self]))
                               ^^^^^^^^^^^^^^^^^^^^^^^^^^^^^^
  File "C:\Users\Alvaro\AppData\Local\Packages\PythonSoftwareFoundation.Python.3.11_qbz5n2kfra8p0\LocalCache\local-packages\Python311\site-packages\django\template\base.py", line 961, in render_annotated
    return self.render(context)
           ^^^^^^^^^^^^^^^^^^^^
  File "C:\Users\Alvaro\AppData\Local\Packages\PythonSoftwareFoundation.Python.3.11_qbz5n2kfra8p0\LocalCache\local-packages\Python311\site-packages\django\template\defaulttags.py", line 198, in render
    len_values = len(values)
                 ^^^^^^^^^^^
  File "C:\Users\Alvaro\AppData\Local\Packages\PythonSoftwareFoundation.Python.3.11_qbz5n2kfra8p0\LocalCache\local-packages\Python311\site-packages\django\db\models\query.py", line 382, in __len__
    self._fetch_all()
  File "C:\Users\Alvaro\AppData\Local\Packages\PythonSoftwareFoundation.Python.3.11_qbz5n2kfra8p0\LocalCache\local-packages\Python311\site-packages\django\db\models\query.py", line 1928, in _fetch_all
    self._result_cache = list(self._iterable_class(self))
                         ^^^^^^^^^^^^^^^^^^^^^^^^^^^^^^^^
  File "C:\Users\Alvaro\AppData\Local\Packages\PythonSoftwareFoundation.Python.3.11_qbz5n2kfra8p0\LocalCache\local-packages\Python311\site-packages\django\db\models\query.py", line 91, in __iter__
    results = compiler.execute_sql(
              ^^^^^^^^^^^^^^^^^^^^^
  File "C:\Users\Alvaro\AppData\Local\Packages\PythonSoftwareFoundation.Python.3.11_qbz5n2kfra8p0\LocalCache\local-packages\Python311\site-packages\django\db\models\sql\compiler.py", line 1562, in execute_sql
    cursor.execute(sql, params)
  File "C:\Users\Alvaro\AppData\Local\Packages\PythonSoftwareFoundation.Python.3.11_qbz5n2kfra8p0\LocalCache\local-packages\Python311\site-packages\django\db\backends\utils.py", line 122, in execute
    return super().execute(sql, params)
           ^^^^^^^^^^^^^^^^^^^^^^^^^^^^
  File "C:\Users\Alvaro\AppData\Local\Packages\PythonSoftwareFoundation.Python.3.11_qbz5n2kfra8p0\LocalCache\local-packages\Python311\site-packages\django\db\backends\utils.py", line 79, in execute
    return self._execute_with_wrappers(
           ^^^^^^^^^^^^^^^^^^^^^^^^^^^^
  File "C:\Users\Alvaro\AppData\Local\Packages\PythonSoftwareFoundation.Python.3.11_qbz5n2kfra8p0\LocalCache\local-packages\Python311\site-packages\django\db\backends\utils.py", line 92, in _execute_with_wrappers
    return executor(sql, params, many, context)
           ^^^^^^^^^^^^^^^^^^^^^^^^^^^^^^^^^^^^
  File "C:\Users\Alvaro\AppData\Local\Packages\PythonSoftwareFoundation.Python.3.11_qbz5n2kfra8p0\LocalCache\local-packages\Python311\site-packages\django\db\backends\utils.py", line 100, in _execute
    with self.db.wrap_database_errors:
  File "C:\Users\Alvaro\AppData\Local\Packages\PythonSoftwareFoundation.Python.3.11_qbz5n2kfra8p0\LocalCache\local-packages\Python311\site-packages\django\db\utils.py", line 91, in __exit__
    raise dj_exc_value.with_traceback(traceback) from exc_value
  File "C:\Users\Alvaro\AppData\Local\Packages\PythonSoftwareFoundation.Python.3.11_qbz5n2kfra8p0\LocalCache\local-packages\Python311\site-packages\django\db\backends\utils.py", line 105, in _execute
    return self.cursor.execute(sql, params)
           ^^^^^^^^^^^^^^^^^^^^^^^^^^^^^^^^
  File "C:\Users\Alvaro\AppData\Local\Packages\PythonSoftwareFoundation.Python.3.11_qbz5n2kfra8p0\LocalCache\local-packages\Python311\site-packages\django\db\backends\sqlite3\base.py", line 329, in execute
    return super().execute(query, params)
           ^^^^^^^^^^^^^^^^^^^^^^^^^^^^^^
django.db.utils.OperationalError: no such column: Animales.tamano
ERROR 2025-11-22 21:21:12,247 log 7432 34568 Internal Server Error: /
Traceback (most recent call last):
  File "C:\Users\Alvaro\AppData\Local\Packages\PythonSoftwareFoundation.Python.3.11_qbz5n2kfra8p0\LocalCache\local-packages\Python311\site-packages\django\db\backends\utils.py", line 105, in _execute
    return self.cursor.execute(sql, params)
           ^^^^^^^^^^^^^^^^^^^^^^^^^^^^^^^^
  File "C:\Users\Alvaro\AppData\Local\Packages\PythonSoftwareFoundation.Python.3.11_qbz5n2kfra8p0\LocalCache\local-packages\Python311\site-packages\django\db\backends\sqlite3\base.py", line 329, in execute
    return super().execute(query, params)
           ^^^^^^^^^^^^^^^^^^^^^^^^^^^^^^
sqlite3.OperationalError: no such column: Animales.tamano

The above exception was the direct cause of the following exception:

Traceback (most recent call last):
  File "C:\Users\Alvaro\AppData\Local\Packages\PythonSoftwareFoundation.Python.3.11_qbz5n2kfra8p0\LocalCache\local-packages\Python311\site-packages\django\core\handlers\exception.py", line 55, in inner
    response = get_response(request)
               ^^^^^^^^^^^^^^^^^^^^^
  File "C:\Users\Alvaro\AppData\Local\Packages\PythonSoftwareFoundation.Python.3.11_qbz5n2kfra8p0\LocalCache\local-packages\Python311\site-packages\django\core\handlers\base.py", line 197, in _get_response
    response = wrapped_callback(request, *callback_args, **callback_kwargs)
               ^^^^^^^^^^^^^^^^^^^^^^^^^^^^^^^^^^^^^^^^^^^^^^^^^^^^^^^^^^^^
  File "C:\Users\Alvaro\OneDrive\Escritorio\asociaciones-de-animales\myapp\views.py", line 1627, in Inicio
    return render(request, 'index.html', {
           ^^^^^^^^^^^^^^^^^^^^^^^^^^^^^^^
  File "C:\Users\Alvaro\AppData\Local\Packages\PythonSoftwareFoundation.Python.3.11_qbz5n2kfra8p0\LocalCache\local-packages\Python311\site-packages\django\shortcuts.py", line 25, in render
    content = loader.render_to_string(template_name, context, request, using=using)
              ^^^^^^^^^^^^^^^^^^^^^^^^^^^^^^^^^^^^^^^^^^^^^^^^^^^^^^^^^^^^^^^^^^^^^
  File "C:\Users\Alvaro\AppData\Local\Packages\PythonSoftwareFoundation.Python.3.11_qbz5n2kfra8p0\LocalCache\local-packages\Python311\site-packages\django\template\loader.py", line 62, in render_to_string
    return template.render(context, request)
           ^^^^^^^^^^^^^^^^^^^^^^^^^^^^^^^^^
  File "C:\Users\Alvaro\AppData\Local\Packages\PythonSoftwareFoundation.Python.3.11_qbz5n2kfra8p0\LocalCache\local-packages\Python311\site-packages\django\template\backends\django.py", line 61, in render
    return self.template.render(context)
           ^^^^^^^^^^^^^^^^^^^^^^^^^^^^^
  File "C:\Users\Alvaro\AppData\Local\Packages\PythonSoftwareFoundation.Python.3.11_qbz5n2kfra8p0\LocalCache\local-packages\Python311\site-packages\django\template\base.py", line 171, in render
    return self._render(context)
           ^^^^^^^^^^^^^^^^^^^^^
  File "C:\Users\Alvaro\AppData\Local\Packages\PythonSoftwareFoundation.Python.3.11_qbz5n2kfra8p0\LocalCache\local-packages\Python311\site-packages\django\template\base.py", line 163, in _render
    return self.nodelist.render(context)
           ^^^^^^^^^^^^^^^^^^^^^^^^^^^^^
  File "C:\Users\Alvaro\AppData\Local\Packages\PythonSoftwareFoundation.Python.3.11_qbz5n2kfra8p0\LocalCache\local-packages\Python311\site-packages\django\template\base.py", line 1000, in render
    return SafeString("".join([node.render_annotated(context) for node in self]))
                              ^^^^^^^^^^^^^^^^^^^^^^^^^^^^^^^^^^^^^^^^^^^^^^^^^
  File "C:\Users\Alvaro\AppData\Local\Packages\PythonSoftwareFoundation.Python.3.11_qbz5n2kfra8p0\LocalCache\local-packages\Python311\site-packages\django\template\base.py", line 1000, in <listcomp>
    return SafeString("".join([node.render_annotated(context) for node in self]))
                               ^^^^^^^^^^^^^^^^^^^^^^^^^^^^^^
  File "C:\Users\Alvaro\AppData\Local\Packages\PythonSoftwareFoundation.Python.3.11_qbz5n2kfra8p0\LocalCache\local-packages\Python311\site-packages\django\template\base.py", line 961, in render_annotated
    return self.render(context)
           ^^^^^^^^^^^^^^^^^^^^
  File "C:\Users\Alvaro\AppData\Local\Packages\PythonSoftwareFoundation.Python.3.11_qbz5n2kfra8p0\LocalCache\local-packages\Python311\site-packages\django\template\defaulttags.py", line 198, in render
    len_values = len(values)
                 ^^^^^^^^^^^
  File "C:\Users\Alvaro\AppData\Local\Packages\PythonSoftwareFoundation.Python.3.11_qbz5n2kfra8p0\LocalCache\local-packages\Python311\site-packages\django\db\models\query.py", line 382, in __len__
    self._fetch_all()
  File "C:\Users\Alvaro\AppData\Local\Packages\PythonSoftwareFoundation.Python.3.11_qbz5n2kfra8p0\LocalCache\local-packages\Python311\site-packages\django\db\models\query.py", line 1928, in _fetch_all
    self._result_cache = list(self._iterable_class(self))
                         ^^^^^^^^^^^^^^^^^^^^^^^^^^^^^^^^
  File "C:\Users\Alvaro\AppData\Local\Packages\PythonSoftwareFoundation.Python.3.11_qbz5n2kfra8p0\LocalCache\local-packages\Python311\site-packages\django\db\models\query.py", line 91, in __iter__
    results = compiler.execute_sql(
              ^^^^^^^^^^^^^^^^^^^^^
  File "C:\Users\Alvaro\AppData\Local\Packages\PythonSoftwareFoundation.Python.3.11_qbz5n2kfra8p0\LocalCache\local-packages\Python311\site-packages\django\db\models\sql\compiler.py", line 1562, in execute_sql
    cursor.execute(sql, params)
  File "C:\Users\Alvaro\AppData\Local\Packages\PythonSoftwareFoundation.Python.3.11_qbz5n2kfra8p0\LocalCache\local-packages\Python311\site-packages\django\db\backends\utils.py", line 122, in execute
    return super().execute(sql, params)
           ^^^^^^^^^^^^^^^^^^^^^^^^^^^^
  File "C:\Users\Alvaro\AppData\Local\Packages\PythonSoftwareFoundation.Python.3.11_qbz5n2kfra8p0\LocalCache\local-packages\Python311\site-packages\django\db\backends\utils.py", line 79, in execute
    return self._execute_with_wrappers(
           ^^^^^^^^^^^^^^^^^^^^^^^^^^^^
  File "C:\Users\Alvaro\AppData\Local\Packages\PythonSoftwareFoundation.Python.3.11_qbz5n2kfra8p0\LocalCache\local-packages\Python311\site-packages\django\db\backends\utils.py", line 92, in _execute_with_wrappers
    return executor(sql, params, many, context)
           ^^^^^^^^^^^^^^^^^^^^^^^^^^^^^^^^^^^^
  File "C:\Users\Alvaro\AppData\Local\Packages\PythonSoftwareFoundation.Python.3.11_qbz5n2kfra8p0\LocalCache\local-packages\Python311\site-packages\django\db\backends\utils.py", line 100, in _execute
    with self.db.wrap_database_errors:
  File "C:\Users\Alvaro\AppData\Local\Packages\PythonSoftwareFoundation.Python.3.11_qbz5n2kfra8p0\LocalCache\local-packages\Python311\site-packages\django\db\utils.py", line 91, in __exit__
    raise dj_exc_value.with_traceback(traceback) from exc_value
  File "C:\Users\Alvaro\AppData\Local\Packages\PythonSoftwareFoundation.Python.3.11_qbz5n2kfra8p0\LocalCache\local-packages\Python311\site-packages\django\db\backends\utils.py", line 105, in _execute
    return self.cursor.execute(sql, params)
           ^^^^^^^^^^^^^^^^^^^^^^^^^^^^^^^^
  File "C:\Users\Alvaro\AppData\Local\Packages\PythonSoftwareFoundation.Python.3.11_qbz5n2kfra8p0\LocalCache\local-packages\Python311\site-packages\django\db\backends\sqlite3\base.py", line 329, in execute
    return super().execute(query, params)
           ^^^^^^^^^^^^^^^^^^^^^^^^^^^^^^
django.db.utils.OperationalError: no such column: Animales.tamano
ERROR 2025-11-22 21:21:24,921 log 24212 33900 Internal Server Error: /
Traceback (most recent call last):
  File "C:\Users\Alvaro\AppData\Local\Packages\PythonSoftwareFoundation.Python.3.11_qbz5n2kfra8p0\LocalCache\local-packages\Python311\site-packages\django\db\backends\utils.py", line 105, in _execute
    return self.cursor.execute(sql, params)
           ^^^^^^^^^^^^^^^^^^^^^^^^^^^^^^^^
  File "C:\Users\Alvaro\AppData\Local\Packages\PythonSoftwareFoundation.Python.3.11_qbz5n2kfra8p0\LocalCache\local-packages\Python311\site-packages\django\db\backends\sqlite3\base.py", line 329, in execute
    return super().execute(query, params)
           ^^^^^^^^^^^^^^^^^^^^^^^^^^^^^^
sqlite3.OperationalError: no such column: Animales.tamano

The above exception was the direct cause of the following exception:

Traceback (most recent call last):
  File "C:\Users\Alvaro\AppData\Local\Packages\PythonSoftwareFoundation.Python.3.11_qbz5n2kfra8p0\LocalCache\local-packages\Python311\site-packages\django\core\handlers\exception.py", line 55, in inner
    response = get_response(request)
               ^^^^^^^^^^^^^^^^^^^^^
  File "C:\Users\Alvaro\AppData\Local\Packages\PythonSoftwareFoundation.Python.3.11_qbz5n2kfra8p0\LocalCache\local-packages\Python311\site-packages\django\core\handlers\base.py", line 197, in _get_response
    response = wrapped_callback(request, *callback_args, **callback_kwargs)
               ^^^^^^^^^^^^^^^^^^^^^^^^^^^^^^^^^^^^^^^^^^^^^^^^^^^^^^^^^^^^
  File "C:\Users\Alvaro\OneDrive\Escritorio\asociaciones-de-animales\myapp\views.py", line 1627, in Inicio
    return render(request, 'index.html', {
           ^^^^^^^^^^^^^^^^^^^^^^^^^^^^^^^
  File "C:\Users\Alvaro\AppData\Local\Packages\PythonSoftwareFoundation.Python.3.11_qbz5n2kfra8p0\LocalCache\local-packages\Python311\site-packages\django\shortcuts.py", line 25, in render
    content = loader.render_to_string(template_name, context, request, using=using)
              ^^^^^^^^^^^^^^^^^^^^^^^^^^^^^^^^^^^^^^^^^^^^^^^^^^^^^^^^^^^^^^^^^^^^^
  File "C:\Users\Alvaro\AppData\Local\Packages\PythonSoftwareFoundation.Python.3.11_qbz5n2kfra8p0\LocalCache\local-packages\Python311\site-packages\django\template\loader.py", line 62, in render_to_string
    return template.render(context, request)
           ^^^^^^^^^^^^^^^^^^^^^^^^^^^^^^^^^
  File "C:\Users\Alvaro\AppData\Local\Packages\PythonSoftwareFoundation.Python.3.11_qbz5n2kfra8p0\LocalCache\local-packages\Python311\site-packages\django\template\backends\django.py", line 61, in render
    return self.template.render(context)
           ^^^^^^^^^^^^^^^^^^^^^^^^^^^^^
  File "C:\Users\Alvaro\AppData\Local\Packages\PythonSoftwareFoundation.Python.3.11_qbz5n2kfra8p0\LocalCache\local-packages\Python311\site-packages\django\template\base.py", line 171, in render
    return self._render(context)
           ^^^^^^^^^^^^^^^^^^^^^
  File "C:\Users\Alvaro\AppData\Local\Packages\PythonSoftwareFoundation.Python.3.11_qbz5n2kfra8p0\LocalCache\local-packages\Python311\site-packages\django\template\base.py", line 163, in _render
    return self.nodelist.render(context)
           ^^^^^^^^^^^^^^^^^^^^^^^^^^^^^
  File "C:\Users\Alvaro\AppData\Local\Packages\PythonSoftwareFoundation.Python.3.11_qbz5n2kfra8p0\LocalCache\local-packages\Python311\site-packages\django\template\base.py", line 1000, in render
    return SafeString("".join([node.render_annotated(context) for node in self]))
                              ^^^^^^^^^^^^^^^^^^^^^^^^^^^^^^^^^^^^^^^^^^^^^^^^^
  File "C:\Users\Alvaro\AppData\Local\Packages\PythonSoftwareFoundation.Python.3.11_qbz5n2kfra8p0\LocalCache\local-packages\Python311\site-packages\django\template\base.py", line 1000, in <listcomp>
    return SafeString("".join([node.render_annotated(context) for node in self]))
                               ^^^^^^^^^^^^^^^^^^^^^^^^^^^^^^
  File "C:\Users\Alvaro\AppData\Local\Packages\PythonSoftwareFoundation.Python.3.11_qbz5n2kfra8p0\LocalCache\local-packages\Python311\site-packages\django\template\base.py", line 961, in render_annotated
    return self.render(context)
           ^^^^^^^^^^^^^^^^^^^^
  File "C:\Users\Alvaro\AppData\Local\Packages\PythonSoftwareFoundation.Python.3.11_qbz5n2kfra8p0\LocalCache\local-packages\Python311\site-packages\django\template\defaulttags.py", line 198, in render
    len_values = len(values)
                 ^^^^^^^^^^^
  File "C:\Users\Alvaro\AppData\Local\Packages\PythonSoftwareFoundation.Python.3.11_qbz5n2kfra8p0\LocalCache\local-packages\Python311\site-packages\django\db\models\query.py", line 382, in __len__
    self._fetch_all()
  File "C:\Users\Alvaro\AppData\Local\Packages\PythonSoftwareFoundation.Python.3.11_qbz5n2kfra8p0\LocalCache\local-packages\Python311\site-packages\django\db\models\query.py", line 1928, in _fetch_all
    self._result_cache = list(self._iterable_class(self))
                         ^^^^^^^^^^^^^^^^^^^^^^^^^^^^^^^^
  File "C:\Users\Alvaro\AppData\Local\Packages\PythonSoftwareFoundation.Python.3.11_qbz5n2kfra8p0\LocalCache\local-packages\Python311\site-packages\django\db\models\query.py", line 91, in __iter__
    results = compiler.execute_sql(
              ^^^^^^^^^^^^^^^^^^^^^
  File "C:\Users\Alvaro\AppData\Local\Packages\PythonSoftwareFoundation.Python.3.11_qbz5n2kfra8p0\LocalCache\local-packages\Python311\site-packages\django\db\models\sql\compiler.py", line 1562, in execute_sql
    cursor.execute(sql, params)
  File "C:\Users\Alvaro\AppData\Local\Packages\PythonSoftwareFoundation.Python.3.11_qbz5n2kfra8p0\LocalCache\local-packages\Python311\site-packages\django\db\backends\utils.py", line 122, in execute
    return super().execute(sql, params)
           ^^^^^^^^^^^^^^^^^^^^^^^^^^^^
  File "C:\Users\Alvaro\AppData\Local\Packages\PythonSoftwareFoundation.Python.3.11_qbz5n2kfra8p0\LocalCache\local-packages\Python311\site-packages\django\db\backends\utils.py", line 79, in execute
    return self._execute_with_wrappers(
           ^^^^^^^^^^^^^^^^^^^^^^^^^^^^
  File "C:\Users\Alvaro\AppData\Local\Packages\PythonSoftwareFoundation.Python.3.11_qbz5n2kfra8p0\LocalCache\local-packages\Python311\site-packages\django\db\backends\utils.py", line 92, in _execute_with_wrappers
    return executor(sql, params, many, context)
           ^^^^^^^^^^^^^^^^^^^^^^^^^^^^^^^^^^^^
  File "C:\Users\Alvaro\AppData\Local\Packages\PythonSoftwareFoundation.Python.3.11_qbz5n2kfra8p0\LocalCache\local-packages\Python311\site-packages\django\db\backends\utils.py", line 100, in _execute
    with self.db.wrap_database_errors:
  File "C:\Users\Alvaro\AppData\Local\Packages\PythonSoftwareFoundation.Python.3.11_qbz5n2kfra8p0\LocalCache\local-packages\Python311\site-packages\django\db\utils.py", line 91, in __exit__
    raise dj_exc_value.with_traceback(traceback) from exc_value
  File "C:\Users\Alvaro\AppData\Local\Packages\PythonSoftwareFoundation.Python.3.11_qbz5n2kfra8p0\LocalCache\local-packages\Python311\site-packages\django\db\backends\utils.py", line 105, in _execute
    return self.cursor.execute(sql, params)
           ^^^^^^^^^^^^^^^^^^^^^^^^^^^^^^^^
  File "C:\Users\Alvaro\AppData\Local\Packages\PythonSoftwareFoundation.Python.3.11_qbz5n2kfra8p0\LocalCache\local-packages\Python311\site-packages\django\db\backends\sqlite3\base.py", line 329, in execute
    return super().execute(query, params)
           ^^^^^^^^^^^^^^^^^^^^^^^^^^^^^^
django.db.utils.OperationalError: no such column: Animales.tamano
ERROR 2025-11-22 21:21:27,504 log 16860 30028 Internal Server Error: /
Traceback (most recent call last):
  File "C:\Users\Alvaro\AppData\Local\Packages\PythonSoftwareFoundation.Python.3.11_qbz5n2kfra8p0\LocalCache\local-packages\Python311\site-packages\django\db\backends\utils.py", line 105, in _execute
    return self.cursor.execute(sql, params)
           ^^^^^^^^^^^^^^^^^^^^^^^^^^^^^^^^
  File "C:\Users\Alvaro\AppData\Local\Packages\PythonSoftwareFoundation.Python.3.11_qbz5n2kfra8p0\LocalCache\local-packages\Python311\site-packages\django\db\backends\sqlite3\base.py", line 329, in execute
    return super().execute(query, params)
           ^^^^^^^^^^^^^^^^^^^^^^^^^^^^^^
sqlite3.OperationalError: no such column: Animales.tamano

The above exception was the direct cause of the following exception:

Traceback (most recent call last):
  File "C:\Users\Alvaro\AppData\Local\Packages\PythonSoftwareFoundation.Python.3.11_qbz5n2kfra8p0\LocalCache\local-packages\Python311\site-packages\django\core\handlers\exception.py", line 55, in inner
    response = get_response(request)
               ^^^^^^^^^^^^^^^^^^^^^
  File "C:\Users\Alvaro\AppData\Local\Packages\PythonSoftwareFoundation.Python.3.11_qbz5n2kfra8p0\LocalCache\local-packages\Python311\site-packages\django\core\handlers\base.py", line 197, in _get_response
    response = wrapped_callback(request, *callback_args, **callback_kwargs)
               ^^^^^^^^^^^^^^^^^^^^^^^^^^^^^^^^^^^^^^^^^^^^^^^^^^^^^^^^^^^^
  File "C:\Users\Alvaro\OneDrive\Escritorio\asociaciones-de-animales\myapp\views.py", line 1627, in Inicio
    return render(request, 'index.html', {
           ^^^^^^^^^^^^^^^^^^^^^^^^^^^^^^^
  File "C:\Users\Alvaro\AppData\Local\Packages\PythonSoftwareFoundation.Python.3.11_qbz5n2kfra8p0\LocalCache\local-packages\Python311\site-packages\django\shortcuts.py", line 25, in render
    content = loader.render_to_string(template_name, context, request, using=using)
              ^^^^^^^^^^^^^^^^^^^^^^^^^^^^^^^^^^^^^^^^^^^^^^^^^^^^^^^^^^^^^^^^^^^^^
  File "C:\Users\Alvaro\AppData\Local\Packages\PythonSoftwareFoundation.Python.3.11_qbz5n2kfra8p0\LocalCache\local-packages\Python311\site-packages\django\template\loader.py", line 62, in render_to_string
    return template.render(context, request)
           ^^^^^^^^^^^^^^^^^^^^^^^^^^^^^^^^^
  File "C:\Users\Alvaro\AppData\Local\Packages\PythonSoftwareFoundation.Python.3.11_qbz5n2kfra8p0\LocalCache\local-packages\Python311\site-packages\django\template\backends\django.py", line 61, in render
    return self.template.render(context)
           ^^^^^^^^^^^^^^^^^^^^^^^^^^^^^
  File "C:\Users\Alvaro\AppData\Local\Packages\PythonSoftwareFoundation.Python.3.11_qbz5n2kfra8p0\LocalCache\local-packages\Python311\site-packages\django\template\base.py", line 171, in render
    return self._render(context)
           ^^^^^^^^^^^^^^^^^^^^^
  File "C:\Users\Alvaro\AppData\Local\Packages\PythonSoftwareFoundation.Python.3.11_qbz5n2kfra8p0\LocalCache\local-packages\Python311\site-packages\django\template\base.py", line 163, in _render
    return self.nodelist.render(context)
           ^^^^^^^^^^^^^^^^^^^^^^^^^^^^^
  File "C:\Users\Alvaro\AppData\Local\Packages\PythonSoftwareFoundation.Python.3.11_qbz5n2kfra8p0\LocalCache\local-packages\Python311\site-packages\django\template\base.py", line 1000, in render
    return SafeString("".join([node.render_annotated(context) for node in self]))
                              ^^^^^^^^^^^^^^^^^^^^^^^^^^^^^^^^^^^^^^^^^^^^^^^^^
  File "C:\Users\Alvaro\AppData\Local\Packages\PythonSoftwareFoundation.Python.3.11_qbz5n2kfra8p0\LocalCache\local-packages\Python311\site-packages\django\template\base.py", line 1000, in <listcomp>
    return SafeString("".join([node.render_annotated(context) for node in self]))
                               ^^^^^^^^^^^^^^^^^^^^^^^^^^^^^^
  File "C:\Users\Alvaro\AppData\Local\Packages\PythonSoftwareFoundation.Python.3.11_qbz5n2kfra8p0\LocalCache\local-packages\Python311\site-packages\django\template\base.py", line 961, in render_annotated
    return self.render(context)
           ^^^^^^^^^^^^^^^^^^^^
  File "C:\Users\Alvaro\AppData\Local\Packages\PythonSoftwareFoundation.Python.3.11_qbz5n2kfra8p0\LocalCache\local-packages\Python311\site-packages\django\template\defaulttags.py", line 198, in render
    len_values = len(values)
                 ^^^^^^^^^^^
  File "C:\Users\Alvaro\AppData\Local\Packages\PythonSoftwareFoundation.Python.3.11_qbz5n2kfra8p0\LocalCache\local-packages\Python311\site-packages\django\db\models\query.py", line 382, in __len__
    self._fetch_all()
  File "C:\Users\Alvaro\AppData\Local\Packages\PythonSoftwareFoundation.Python.3.11_qbz5n2kfra8p0\LocalCache\local-packages\Python311\site-packages\django\db\models\query.py", line 1928, in _fetch_all
    self._result_cache = list(self._iterable_class(self))
                         ^^^^^^^^^^^^^^^^^^^^^^^^^^^^^^^^
  File "C:\Users\Alvaro\AppData\Local\Packages\PythonSoftwareFoundation.Python.3.11_qbz5n2kfra8p0\LocalCache\local-packages\Python311\site-packages\django\db\models\query.py", line 91, in __iter__
    results = compiler.execute_sql(
              ^^^^^^^^^^^^^^^^^^^^^
  File "C:\Users\Alvaro\AppData\Local\Packages\PythonSoftwareFoundation.Python.3.11_qbz5n2kfra8p0\LocalCache\local-packages\Python311\site-packages\django\db\models\sql\compiler.py", line 1562, in execute_sql
    cursor.execute(sql, params)
  File "C:\Users\Alvaro\AppData\Local\Packages\PythonSoftwareFoundation.Python.3.11_qbz5n2kfra8p0\LocalCache\local-packages\Python311\site-packages\django\db\backends\utils.py", line 122, in execute
    return super().execute(sql, params)
           ^^^^^^^^^^^^^^^^^^^^^^^^^^^^
  File "C:\Users\Alvaro\AppData\Local\Packages\PythonSoftwareFoundation.Python.3.11_qbz5n2kfra8p0\LocalCache\local-packages\Python311\site-packages\django\db\backends\utils.py", line 79, in execute
    return self._execute_with_wrappers(
           ^^^^^^^^^^^^^^^^^^^^^^^^^^^^
  File "C:\Users\Alvaro\AppData\Local\Packages\PythonSoftwareFoundation.Python.3.11_qbz5n2kfra8p0\LocalCache\local-packages\Python311\site-packages\django\db\backends\utils.py", line 92, in _execute_with_wrappers
    return executor(sql, params, many, context)
           ^^^^^^^^^^^^^^^^^^^^^^^^^^^^^^^^^^^^
  File "C:\Users\Alvaro\AppData\Local\Packages\PythonSoftwareFoundation.Python.3.11_qbz5n2kfra8p0\LocalCache\local-packages\Python311\site-packages\django\db\backends\utils.py", line 100, in _execute
    with self.db.wrap_database_errors:
  File "C:\Users\Alvaro\AppData\Local\Packages\PythonSoftwareFoundation.Python.3.11_qbz5n2kfra8p0\LocalCache\local-packages\Python311\site-packages\django\db\utils.py", line 91, in __exit__
    raise dj_exc_value.with_traceback(traceback) from exc_value
  File "C:\Users\Alvaro\AppData\Local\Packages\PythonSoftwareFoundation.Python.3.11_qbz5n2kfra8p0\LocalCache\local-packages\Python311\site-packages\django\db\backends\utils.py", line 105, in _execute
    return self.cursor.execute(sql, params)
           ^^^^^^^^^^^^^^^^^^^^^^^^^^^^^^^^
  File "C:\Users\Alvaro\AppData\Local\Packages\PythonSoftwareFoundation.Python.3.11_qbz5n2kfra8p0\LocalCache\local-packages\Python311\site-packages\django\db\backends\sqlite3\base.py", line 329, in execute
    return super().execute(query, params)
           ^^^^^^^^^^^^^^^^^^^^^^^^^^^^^^
django.db.utils.OperationalError: no such column: Animales.tamano
ERROR 2025-11-22 21:21:45,016 log 16860 14164 Internal Server Error: /
Traceback (most recent call last):
  File "C:\Users\Alvaro\AppData\Local\Packages\PythonSoftwareFoundation.Python.3.11_qbz5n2kfra8p0\LocalCache\local-packages\Python311\site-packages\django\db\backends\utils.py", line 105, in _execute
    return self.cursor.execute(sql, params)
           ^^^^^^^^^^^^^^^^^^^^^^^^^^^^^^^^
  File "C:\Users\Alvaro\AppData\Local\Packages\PythonSoftwareFoundation.Python.3.11_qbz5n2kfra8p0\LocalCache\local-packages\Python311\site-packages\django\db\backends\sqlite3\base.py", line 329, in execute
    return super().execute(query, params)
           ^^^^^^^^^^^^^^^^^^^^^^^^^^^^^^
sqlite3.OperationalError: no such column: Animales.tamano

The above exception was the direct cause of the following exception:

Traceback (most recent call last):
  File "C:\Users\Alvaro\AppData\Local\Packages\PythonSoftwareFoundation.Python.3.11_qbz5n2kfra8p0\LocalCache\local-packages\Python311\site-packages\django\core\handlers\exception.py", line 55, in inner
    response = get_response(request)
               ^^^^^^^^^^^^^^^^^^^^^
  File "C:\Users\Alvaro\AppData\Local\Packages\PythonSoftwareFoundation.Python.3.11_qbz5n2kfra8p0\LocalCache\local-packages\Python311\site-packages\django\core\handlers\base.py", line 197, in _get_response
    response = wrapped_callback(request, *callback_args, **callback_kwargs)
               ^^^^^^^^^^^^^^^^^^^^^^^^^^^^^^^^^^^^^^^^^^^^^^^^^^^^^^^^^^^^
  File "C:\Users\Alvaro\OneDrive\Escritorio\asociaciones-de-animales\myapp\views.py", line 1627, in Inicio
    return render(request, 'index.html', {
           ^^^^^^^^^^^^^^^^^^^^^^^^^^^^^^^
  File "C:\Users\Alvaro\AppData\Local\Packages\PythonSoftwareFoundation.Python.3.11_qbz5n2kfra8p0\LocalCache\local-packages\Python311\site-packages\django\shortcuts.py", line 25, in render
    content = loader.render_to_string(template_name, context, request, using=using)
              ^^^^^^^^^^^^^^^^^^^^^^^^^^^^^^^^^^^^^^^^^^^^^^^^^^^^^^^^^^^^^^^^^^^^^
  File "C:\Users\Alvaro\AppData\Local\Packages\PythonSoftwareFoundation.Python.3.11_qbz5n2kfra8p0\LocalCache\local-packages\Python311\site-packages\django\template\loader.py", line 62, in render_to_string
    return template.render(context, request)
           ^^^^^^^^^^^^^^^^^^^^^^^^^^^^^^^^^
  File "C:\Users\Alvaro\AppData\Local\Packages\PythonSoftwareFoundation.Python.3.11_qbz5n2kfra8p0\LocalCache\local-packages\Python311\site-packages\django\template\backends\django.py", line 61, in render
    return self.template.render(context)
           ^^^^^^^^^^^^^^^^^^^^^^^^^^^^^
  File "C:\Users\Alvaro\AppData\Local\Packages\PythonSoftwareFoundation.Python.3.11_qbz5n2kfra8p0\LocalCache\local-packages\Python311\site-packages\django\template\base.py", line 171, in render
    return self._render(context)
           ^^^^^^^^^^^^^^^^^^^^^
  File "C:\Users\Alvaro\AppData\Local\Packages\PythonSoftwareFoundation.Python.3.11_qbz5n2kfra8p0\LocalCache\local-packages\Python311\site-packages\django\template\base.py", line 163, in _render
    return self.nodelist.render(context)
           ^^^^^^^^^^^^^^^^^^^^^^^^^^^^^
  File "C:\Users\Alvaro\AppData\Local\Packages\PythonSoftwareFoundation.Python.3.11_qbz5n2kfra8p0\LocalCache\local-packages\Python311\site-packages\django\template\base.py", line 1000, in render
    return SafeString("".join([node.render_annotated(context) for node in self]))
                              ^^^^^^^^^^^^^^^^^^^^^^^^^^^^^^^^^^^^^^^^^^^^^^^^^
  File "C:\Users\Alvaro\AppData\Local\Packages\PythonSoftwareFoundation.Python.3.11_qbz5n2kfra8p0\LocalCache\local-packages\Python311\site-packages\django\template\base.py", line 1000, in <listcomp>
    return SafeString("".join([node.render_annotated(context) for node in self]))
                               ^^^^^^^^^^^^^^^^^^^^^^^^^^^^^^
  File "C:\Users\Alvaro\AppData\Local\Packages\PythonSoftwareFoundation.Python.3.11_qbz5n2kfra8p0\LocalCache\local-packages\Python311\site-packages\django\template\base.py", line 961, in render_annotated
    return self.render(context)
           ^^^^^^^^^^^^^^^^^^^^
  File "C:\Users\Alvaro\AppData\Local\Packages\PythonSoftwareFoundation.Python.3.11_qbz5n2kfra8p0\LocalCache\local-packages\Python311\site-packages\django\template\defaulttags.py", line 198, in render
    len_values = len(values)
                 ^^^^^^^^^^^
  File "C:\Users\Alvaro\AppData\Local\Packages\PythonSoftwareFoundation.Python.3.11_qbz5n2kfra8p0\LocalCache\local-packages\Python311\site-packages\django\db\models\query.py", line 382, in __len__
    self._fetch_all()
  File "C:\Users\Alvaro\AppData\Local\Packages\PythonSoftwareFoundation.Python.3.11_qbz5n2kfra8p0\LocalCache\local-packages\Python311\site-packages\django\db\models\query.py", line 1928, in _fetch_all
    self._result_cache = list(self._iterable_class(self))
                         ^^^^^^^^^^^^^^^^^^^^^^^^^^^^^^^^
  File "C:\Users\Alvaro\AppData\Local\Packages\PythonSoftwareFoundation.Python.3.11_qbz5n2kfra8p0\LocalCache\local-packages\Python311\site-packages\django\db\models\query.py", line 91, in __iter__
    results = compiler.execute_sql(
              ^^^^^^^^^^^^^^^^^^^^^
  File "C:\Users\Alvaro\AppData\Local\Packages\PythonSoftwareFoundation.Python.3.11_qbz5n2kfra8p0\LocalCache\local-packages\Python311\site-packages\django\db\models\sql\compiler.py", line 1562, in execute_sql
    cursor.execute(sql, params)
  File "C:\Users\Alvaro\AppData\Local\Packages\PythonSoftwareFoundation.Python.3.11_qbz5n2kfra8p0\LocalCache\local-packages\Python311\site-packages\django\db\backends\utils.py", line 122, in execute
    return super().execute(sql, params)
           ^^^^^^^^^^^^^^^^^^^^^^^^^^^^
  File "C:\Users\Alvaro\AppData\Local\Packages\PythonSoftwareFoundation.Python.3.11_qbz5n2kfra8p0\LocalCache\local-packages\Python311\site-packages\django\db\backends\utils.py", line 79, in execute
    return self._execute_with_wrappers(
           ^^^^^^^^^^^^^^^^^^^^^^^^^^^^
  File "C:\Users\Alvaro\AppData\Local\Packages\PythonSoftwareFoundation.Python.3.11_qbz5n2kfra8p0\LocalCache\local-packages\Python311\site-packages\django\db\backends\utils.py", line 92, in _execute_with_wrappers
    return executor(sql, params, many, context)
           ^^^^^^^^^^^^^^^^^^^^^^^^^^^^^^^^^^^^
  File "C:\Users\Alvaro\AppData\Local\Packages\PythonSoftwareFoundation.Python.3.11_qbz5n2kfra8p0\LocalCache\local-packages\Python311\site-packages\django\db\backends\utils.py", line 100, in _execute
    with self.db.wrap_database_errors:
  File "C:\Users\Alvaro\AppData\Local\Packages\PythonSoftwareFoundation.Python.3.11_qbz5n2kfra8p0\LocalCache\local-packages\Python311\site-packages\django\db\utils.py", line 91, in __exit__
    raise dj_exc_value.with_traceback(traceback) from exc_value
  File "C:\Users\Alvaro\AppData\Local\Packages\PythonSoftwareFoundation.Python.3.11_qbz5n2kfra8p0\LocalCache\local-packages\Python311\site-packages\django\db\backends\utils.py", line 105, in _execute
    return self.cursor.execute(sql, params)
           ^^^^^^^^^^^^^^^^^^^^^^^^^^^^^^^^
  File "C:\Users\Alvaro\AppData\Local\Packages\PythonSoftwareFoundation.Python.3.11_qbz5n2kfra8p0\LocalCache\local-packages\Python311\site-packages\django\db\backends\sqlite3\base.py", line 329, in execute
    return super().execute(query, params)
           ^^^^^^^^^^^^^^^^^^^^^^^^^^^^^^
django.db.utils.OperationalError: no such column: Animales.tamano
ERROR 2025-11-22 21:21:54,028 log 16860 26952 Internal Server Error: /
Traceback (most recent call last):
  File "C:\Users\Alvaro\AppData\Local\Packages\PythonSoftwareFoundation.Python.3.11_qbz5n2kfra8p0\LocalCache\local-packages\Python311\site-packages\django\db\backends\utils.py", line 105, in _execute
    return self.cursor.execute(sql, params)
           ^^^^^^^^^^^^^^^^^^^^^^^^^^^^^^^^
  File "C:\Users\Alvaro\AppData\Local\Packages\PythonSoftwareFoundation.Python.3.11_qbz5n2kfra8p0\LocalCache\local-packages\Python311\site-packages\django\db\backends\sqlite3\base.py", line 329, in execute
    return super().execute(query, params)
           ^^^^^^^^^^^^^^^^^^^^^^^^^^^^^^
sqlite3.OperationalError: no such column: Animales.tamano

The above exception was the direct cause of the following exception:

Traceback (most recent call last):
  File "C:\Users\Alvaro\AppData\Local\Packages\PythonSoftwareFoundation.Python.3.11_qbz5n2kfra8p0\LocalCache\local-packages\Python311\site-packages\django\core\handlers\exception.py", line 55, in inner
    response = get_response(request)
               ^^^^^^^^^^^^^^^^^^^^^
  File "C:\Users\Alvaro\AppData\Local\Packages\PythonSoftwareFoundation.Python.3.11_qbz5n2kfra8p0\LocalCache\local-packages\Python311\site-packages\django\core\handlers\base.py", line 197, in _get_response
    response = wrapped_callback(request, *callback_args, **callback_kwargs)
               ^^^^^^^^^^^^^^^^^^^^^^^^^^^^^^^^^^^^^^^^^^^^^^^^^^^^^^^^^^^^
  File "C:\Users\Alvaro\OneDrive\Escritorio\asociaciones-de-animales\myapp\views.py", line 1627, in Inicio
    return render(request, 'index.html', {
           ^^^^^^^^^^^^^^^^^^^^^^^^^^^^^^^
  File "C:\Users\Alvaro\AppData\Local\Packages\PythonSoftwareFoundation.Python.3.11_qbz5n2kfra8p0\LocalCache\local-packages\Python311\site-packages\django\shortcuts.py", line 25, in render
    content = loader.render_to_string(template_name, context, request, using=using)
              ^^^^^^^^^^^^^^^^^^^^^^^^^^^^^^^^^^^^^^^^^^^^^^^^^^^^^^^^^^^^^^^^^^^^^
  File "C:\Users\Alvaro\AppData\Local\Packages\PythonSoftwareFoundation.Python.3.11_qbz5n2kfra8p0\LocalCache\local-packages\Python311\site-packages\django\template\loader.py", line 62, in render_to_string
    return template.render(context, request)
           ^^^^^^^^^^^^^^^^^^^^^^^^^^^^^^^^^
  File "C:\Users\Alvaro\AppData\Local\Packages\PythonSoftwareFoundation.Python.3.11_qbz5n2kfra8p0\LocalCache\local-packages\Python311\site-packages\django\template\backends\django.py", line 61, in render
    return self.template.render(context)
           ^^^^^^^^^^^^^^^^^^^^^^^^^^^^^
  File "C:\Users\Alvaro\AppData\Local\Packages\PythonSoftwareFoundation.Python.3.11_qbz5n2kfra8p0\LocalCache\local-packages\Python311\site-packages\django\template\base.py", line 171, in render
    return self._render(context)
           ^^^^^^^^^^^^^^^^^^^^^
  File "C:\Users\Alvaro\AppData\Local\Packages\PythonSoftwareFoundation.Python.3.11_qbz5n2kfra8p0\LocalCache\local-packages\Python311\site-packages\django\template\base.py", line 163, in _render
    return self.nodelist.render(context)
           ^^^^^^^^^^^^^^^^^^^^^^^^^^^^^
  File "C:\Users\Alvaro\AppData\Local\Packages\PythonSoftwareFoundation.Python.3.11_qbz5n2kfra8p0\LocalCache\local-packages\Python311\site-packages\django\template\base.py", line 1000, in render
    return SafeString("".join([node.render_annotated(context) for node in self]))
                              ^^^^^^^^^^^^^^^^^^^^^^^^^^^^^^^^^^^^^^^^^^^^^^^^^
  File "C:\Users\Alvaro\AppData\Local\Packages\PythonSoftwareFoundation.Python.3.11_qbz5n2kfra8p0\LocalCache\local-packages\Python311\site-packages\django\template\base.py", line 1000, in <listcomp>
    return SafeString("".join([node.render_annotated(context) for node in self]))
                               ^^^^^^^^^^^^^^^^^^^^^^^^^^^^^^
  File "C:\Users\Alvaro\AppData\Local\Packages\PythonSoftwareFoundation.Python.3.11_qbz5n2kfra8p0\LocalCache\local-packages\Python311\site-packages\django\template\base.py", line 961, in render_annotated
    return self.render(context)
           ^^^^^^^^^^^^^^^^^^^^
  File "C:\Users\Alvaro\AppData\Local\Packages\PythonSoftwareFoundation.Python.3.11_qbz5n2kfra8p0\LocalCache\local-packages\Python311\site-packages\django\template\defaulttags.py", line 198, in render
    len_values = len(values)
                 ^^^^^^^^^^^
  File "C:\Users\Alvaro\AppData\Local\Packages\PythonSoftwareFoundation.Python.3.11_qbz5n2kfra8p0\LocalCache\local-packages\Python311\site-packages\django\db\models\query.py", line 382, in __len__
    self._fetch_all()
  File "C:\Users\Alvaro\AppData\Local\Packages\PythonSoftwareFoundation.Python.3.11_qbz5n2kfra8p0\LocalCache\local-packages\Python311\site-packages\django\db\models\query.py", line 1928, in _fetch_all
    self._result_cache = list(self._iterable_class(self))
                         ^^^^^^^^^^^^^^^^^^^^^^^^^^^^^^^^
  File "C:\Users\Alvaro\AppData\Local\Packages\PythonSoftwareFoundation.Python.3.11_qbz5n2kfra8p0\LocalCache\local-packages\Python311\site-packages\django\db\models\query.py", line 91, in __iter__
    results = compiler.execute_sql(
              ^^^^^^^^^^^^^^^^^^^^^
  File "C:\Users\Alvaro\AppData\Local\Packages\PythonSoftwareFoundation.Python.3.11_qbz5n2kfra8p0\LocalCache\local-packages\Python311\site-packages\django\db\models\sql\compiler.py", line 1562, in execute_sql
    cursor.execute(sql, params)
  File "C:\Users\Alvaro\AppData\Local\Packages\PythonSoftwareFoundation.Python.3.11_qbz5n2kfra8p0\LocalCache\local-packages\Python311\site-packages\django\db\backends\utils.py", line 122, in execute
    return super().execute(sql, params)
           ^^^^^^^^^^^^^^^^^^^^^^^^^^^^
  File "C:\Users\Alvaro\AppData\Local\Packages\PythonSoftwareFoundation.Python.3.11_qbz5n2kfra8p0\LocalCache\local-packages\Python311\site-packages\django\db\backends\utils.py", line 79, in execute
    return self._execute_with_wrappers(
           ^^^^^^^^^^^^^^^^^^^^^^^^^^^^
  File "C:\Users\Alvaro\AppData\Local\Packages\PythonSoftwareFoundation.Python.3.11_qbz5n2kfra8p0\LocalCache\local-packages\Python311\site-packages\django\db\backends\utils.py", line 92, in _execute_with_wrappers
    return executor(sql, params, many, context)
           ^^^^^^^^^^^^^^^^^^^^^^^^^^^^^^^^^^^^
  File "C:\Users\Alvaro\AppData\Local\Packages\PythonSoftwareFoundation.Python.3.11_qbz5n2kfra8p0\LocalCache\local-packages\Python311\site-packages\django\db\backends\utils.py", line 100, in _execute
    with self.db.wrap_database_errors:
  File "C:\Users\Alvaro\AppData\Local\Packages\PythonSoftwareFoundation.Python.3.11_qbz5n2kfra8p0\LocalCache\local-packages\Python311\site-packages\django\db\utils.py", line 91, in __exit__
    raise dj_exc_value.with_traceback(traceback) from exc_value
  File "C:\Users\Alvaro\AppData\Local\Packages\PythonSoftwareFoundation.Python.3.11_qbz5n2kfra8p0\LocalCache\local-packages\Python311\site-packages\django\db\backends\utils.py", line 105, in _execute
    return self.cursor.execute(sql, params)
           ^^^^^^^^^^^^^^^^^^^^^^^^^^^^^^^^
  File "C:\Users\Alvaro\AppData\Local\Packages\PythonSoftwareFoundation.Python.3.11_qbz5n2kfra8p0\LocalCache\local-packages\Python311\site-packages\django\db\backends\sqlite3\base.py", line 329, in execute
    return super().execute(query, params)
           ^^^^^^^^^^^^^^^^^^^^^^^^^^^^^^
django.db.utils.OperationalError: no such column: Animales.tamano
ERROR 2025-11-22 21:22:01,141 log 16860 26952 Internal Server Error: /
Traceback (most recent call last):
  File "C:\Users\Alvaro\AppData\Local\Packages\PythonSoftwareFoundation.Python.3.11_qbz5n2kfra8p0\LocalCache\local-packages\Python311\site-packages\django\db\backends\utils.py", line 105, in _execute
    return self.cursor.execute(sql, params)
           ^^^^^^^^^^^^^^^^^^^^^^^^^^^^^^^^
  File "C:\Users\Alvaro\AppData\Local\Packages\PythonSoftwareFoundation.Python.3.11_qbz5n2kfra8p0\LocalCache\local-packages\Python311\site-packages\django\db\backends\sqlite3\base.py", line 329, in execute
    return super().execute(query, params)
           ^^^^^^^^^^^^^^^^^^^^^^^^^^^^^^
sqlite3.OperationalError: no such column: Animales.tamano

The above exception was the direct cause of the following exception:

Traceback (most recent call last):
  File "C:\Users\Alvaro\AppData\Local\Packages\PythonSoftwareFoundation.Python.3.11_qbz5n2kfra8p0\LocalCache\local-packages\Python311\site-packages\django\core\handlers\exception.py", line 55, in inner
    response = get_response(request)
               ^^^^^^^^^^^^^^^^^^^^^
  File "C:\Users\Alvaro\AppData\Local\Packages\PythonSoftwareFoundation.Python.3.11_qbz5n2kfra8p0\LocalCache\local-packages\Python311\site-packages\django\core\handlers\base.py", line 197, in _get_response
    response = wrapped_callback(request, *callback_args, **callback_kwargs)
               ^^^^^^^^^^^^^^^^^^^^^^^^^^^^^^^^^^^^^^^^^^^^^^^^^^^^^^^^^^^^
  File "C:\Users\Alvaro\OneDrive\Escritorio\asociaciones-de-animales\myapp\views.py", line 1627, in Inicio
    return render(request, 'index.html', {
           ^^^^^^^^^^^^^^^^^^^^^^^^^^^^^^^
  File "C:\Users\Alvaro\AppData\Local\Packages\PythonSoftwareFoundation.Python.3.11_qbz5n2kfra8p0\LocalCache\local-packages\Python311\site-packages\django\shortcuts.py", line 25, in render
    content = loader.render_to_string(template_name, context, request, using=using)
              ^^^^^^^^^^^^^^^^^^^^^^^^^^^^^^^^^^^^^^^^^^^^^^^^^^^^^^^^^^^^^^^^^^^^^
  File "C:\Users\Alvaro\AppData\Local\Packages\PythonSoftwareFoundation.Python.3.11_qbz5n2kfra8p0\LocalCache\local-packages\Python311\site-packages\django\template\loader.py", line 62, in render_to_string
    return template.render(context, request)
           ^^^^^^^^^^^^^^^^^^^^^^^^^^^^^^^^^
  File "C:\Users\Alvaro\AppData\Local\Packages\PythonSoftwareFoundation.Python.3.11_qbz5n2kfra8p0\LocalCache\local-packages\Python311\site-packages\django\template\backends\django.py", line 61, in render
    return self.template.render(context)
           ^^^^^^^^^^^^^^^^^^^^^^^^^^^^^
  File "C:\Users\Alvaro\AppData\Local\Packages\PythonSoftwareFoundation.Python.3.11_qbz5n2kfra8p0\LocalCache\local-packages\Python311\site-packages\django\template\base.py", line 171, in render
    return self._render(context)
           ^^^^^^^^^^^^^^^^^^^^^
  File "C:\Users\Alvaro\AppData\Local\Packages\PythonSoftwareFoundation.Python.3.11_qbz5n2kfra8p0\LocalCache\local-packages\Python311\site-packages\django\template\base.py", line 163, in _render
    return self.nodelist.render(context)
           ^^^^^^^^^^^^^^^^^^^^^^^^^^^^^
  File "C:\Users\Alvaro\AppData\Local\Packages\PythonSoftwareFoundation.Python.3.11_qbz5n2kfra8p0\LocalCache\local-packages\Python311\site-packages\django\template\base.py", line 1000, in render
    return SafeString("".join([node.render_annotated(context) for node in self]))
                              ^^^^^^^^^^^^^^^^^^^^^^^^^^^^^^^^^^^^^^^^^^^^^^^^^
  File "C:\Users\Alvaro\AppData\Local\Packages\PythonSoftwareFoundation.Python.3.11_qbz5n2kfra8p0\LocalCache\local-packages\Python311\site-packages\django\template\base.py", line 1000, in <listcomp>
    return SafeString("".join([node.render_annotated(context) for node in self]))
                               ^^^^^^^^^^^^^^^^^^^^^^^^^^^^^^
  File "C:\Users\Alvaro\AppData\Local\Packages\PythonSoftwareFoundation.Python.3.11_qbz5n2kfra8p0\LocalCache\local-packages\Python311\site-packages\django\template\base.py", line 961, in render_annotated
    return self.render(context)
           ^^^^^^^^^^^^^^^^^^^^
  File "C:\Users\Alvaro\AppData\Local\Packages\PythonSoftwareFoundation.Python.3.11_qbz5n2kfra8p0\LocalCache\local-packages\Python311\site-packages\django\template\defaulttags.py", line 198, in render
    len_values = len(values)
                 ^^^^^^^^^^^
  File "C:\Users\Alvaro\AppData\Local\Packages\PythonSoftwareFoundation.Python.3.11_qbz5n2kfra8p0\LocalCache\local-packages\Python311\site-packages\django\db\models\query.py", line 382, in __len__
    self._fetch_all()
  File "C:\Users\Alvaro\AppData\Local\Packages\PythonSoftwareFoundation.Python.3.11_qbz5n2kfra8p0\LocalCache\local-packages\Python311\site-packages\django\db\models\query.py", line 1928, in _fetch_all
    self._result_cache = list(self._iterable_class(self))
                         ^^^^^^^^^^^^^^^^^^^^^^^^^^^^^^^^
  File "C:\Users\Alvaro\AppData\Local\Packages\PythonSoftwareFoundation.Python.3.11_qbz5n2kfra8p0\LocalCache\local-packages\Python311\site-packages\django\db\models\query.py", line 91, in __iter__
    results = compiler.execute_sql(
              ^^^^^^^^^^^^^^^^^^^^^
  File "C:\Users\Alvaro\AppData\Local\Packages\PythonSoftwareFoundation.Python.3.11_qbz5n2kfra8p0\LocalCache\local-packages\Python311\site-packages\django\db\models\sql\compiler.py", line 1562, in execute_sql
    cursor.execute(sql, params)
  File "C:\Users\Alvaro\AppData\Local\Packages\PythonSoftwareFoundation.Python.3.11_qbz5n2kfra8p0\LocalCache\local-packages\Python311\site-packages\django\db\backends\utils.py", line 122, in execute
    return super().execute(sql, params)
           ^^^^^^^^^^^^^^^^^^^^^^^^^^^^
  File "C:\Users\Alvaro\AppData\Local\Packages\PythonSoftwareFoundation.Python.3.11_qbz5n2kfra8p0\LocalCache\local-packages\Python311\site-packages\django\db\backends\utils.py", line 79, in execute
    return self._execute_with_wrappers(
           ^^^^^^^^^^^^^^^^^^^^^^^^^^^^
  File "C:\Users\Alvaro\AppData\Local\Packages\PythonSoftwareFoundation.Python.3.11_qbz5n2kfra8p0\LocalCache\local-packages\Python311\site-packages\django\db\backends\utils.py", line 92, in _execute_with_wrappers
    return executor(sql, params, many, context)
           ^^^^^^^^^^^^^^^^^^^^^^^^^^^^^^^^^^^^
  File "C:\Users\Alvaro\AppData\Local\Packages\PythonSoftwareFoundation.Python.3.11_qbz5n2kfra8p0\LocalCache\local-packages\Python311\site-packages\django\db\backends\utils.py", line 100, in _execute
    with self.db.wrap_database_errors:
  File "C:\Users\Alvaro\AppData\Local\Packages\PythonSoftwareFoundation.Python.3.11_qbz5n2kfra8p0\LocalCache\local-packages\Python311\site-packages\django\db\utils.py", line 91, in __exit__
    raise dj_exc_value.with_traceback(traceback) from exc_value
  File "C:\Users\Alvaro\AppData\Local\Packages\PythonSoftwareFoundation.Python.3.11_qbz5n2kfra8p0\LocalCache\local-packages\Python311\site-packages\django\db\backends\utils.py", line 105, in _execute
    return self.cursor.execute(sql, params)
           ^^^^^^^^^^^^^^^^^^^^^^^^^^^^^^^^
  File "C:\Users\Alvaro\AppData\Local\Packages\PythonSoftwareFoundation.Python.3.11_qbz5n2kfra8p0\LocalCache\local-packages\Python311\site-packages\django\db\backends\sqlite3\base.py", line 329, in execute
    return super().execute(query, params)
           ^^^^^^^^^^^^^^^^^^^^^^^^^^^^^^
django.db.utils.OperationalError: no such column: Animales.tamano
ERROR 2025-11-22 21:23:02,969 log 16860 24076 Internal Server Error: /
Traceback (most recent call last):
  File "C:\Users\Alvaro\AppData\Local\Packages\PythonSoftwareFoundation.Python.3.11_qbz5n2kfra8p0\LocalCache\local-packages\Python311\site-packages\django\db\backends\utils.py", line 105, in _execute
    return self.cursor.execute(sql, params)
           ^^^^^^^^^^^^^^^^^^^^^^^^^^^^^^^^
  File "C:\Users\Alvaro\AppData\Local\Packages\PythonSoftwareFoundation.Python.3.11_qbz5n2kfra8p0\LocalCache\local-packages\Python311\site-packages\django\db\backends\sqlite3\base.py", line 329, in execute
    return super().execute(query, params)
           ^^^^^^^^^^^^^^^^^^^^^^^^^^^^^^
sqlite3.OperationalError: no such column: Animales.tamano

The above exception was the direct cause of the following exception:

Traceback (most recent call last):
  File "C:\Users\Alvaro\AppData\Local\Packages\PythonSoftwareFoundation.Python.3.11_qbz5n2kfra8p0\LocalCache\local-packages\Python311\site-packages\django\core\handlers\exception.py", line 55, in inner
    response = get_response(request)
               ^^^^^^^^^^^^^^^^^^^^^
  File "C:\Users\Alvaro\AppData\Local\Packages\PythonSoftwareFoundation.Python.3.11_qbz5n2kfra8p0\LocalCache\local-packages\Python311\site-packages\django\core\handlers\base.py", line 197, in _get_response
    response = wrapped_callback(request, *callback_args, **callback_kwargs)
               ^^^^^^^^^^^^^^^^^^^^^^^^^^^^^^^^^^^^^^^^^^^^^^^^^^^^^^^^^^^^
  File "C:\Users\Alvaro\OneDrive\Escritorio\asociaciones-de-animales\myapp\views.py", line 1627, in Inicio
    return render(request, 'index.html', {
           ^^^^^^^^^^^^^^^^^^^^^^^^^^^^^^^
  File "C:\Users\Alvaro\AppData\Local\Packages\PythonSoftwareFoundation.Python.3.11_qbz5n2kfra8p0\LocalCache\local-packages\Python311\site-packages\django\shortcuts.py", line 25, in render
    content = loader.render_to_string(template_name, context, request, using=using)
              ^^^^^^^^^^^^^^^^^^^^^^^^^^^^^^^^^^^^^^^^^^^^^^^^^^^^^^^^^^^^^^^^^^^^^
  File "C:\Users\Alvaro\AppData\Local\Packages\PythonSoftwareFoundation.Python.3.11_qbz5n2kfra8p0\LocalCache\local-packages\Python311\site-packages\django\template\loader.py", line 62, in render_to_string
    return template.render(context, request)
           ^^^^^^^^^^^^^^^^^^^^^^^^^^^^^^^^^
  File "C:\Users\Alvaro\AppData\Local\Packages\PythonSoftwareFoundation.Python.3.11_qbz5n2kfra8p0\LocalCache\local-packages\Python311\site-packages\django\template\backends\django.py", line 61, in render
    return self.template.render(context)
           ^^^^^^^^^^^^^^^^^^^^^^^^^^^^^
  File "C:\Users\Alvaro\AppData\Local\Packages\PythonSoftwareFoundation.Python.3.11_qbz5n2kfra8p0\LocalCache\local-packages\Python311\site-packages\django\template\base.py", line 171, in render
    return self._render(context)
           ^^^^^^^^^^^^^^^^^^^^^
  File "C:\Users\Alvaro\AppData\Local\Packages\PythonSoftwareFoundation.Python.3.11_qbz5n2kfra8p0\LocalCache\local-packages\Python311\site-packages\django\template\base.py", line 163, in _render
    return self.nodelist.render(context)
           ^^^^^^^^^^^^^^^^^^^^^^^^^^^^^
  File "C:\Users\Alvaro\AppData\Local\Packages\PythonSoftwareFoundation.Python.3.11_qbz5n2kfra8p0\LocalCache\local-packages\Python311\site-packages\django\template\base.py", line 1000, in render
    return SafeString("".join([node.render_annotated(context) for node in self]))
                              ^^^^^^^^^^^^^^^^^^^^^^^^^^^^^^^^^^^^^^^^^^^^^^^^^
  File "C:\Users\Alvaro\AppData\Local\Packages\PythonSoftwareFoundation.Python.3.11_qbz5n2kfra8p0\LocalCache\local-packages\Python311\site-packages\django\template\base.py", line 1000, in <listcomp>
    return SafeString("".join([node.render_annotated(context) for node in self]))
                               ^^^^^^^^^^^^^^^^^^^^^^^^^^^^^^
  File "C:\Users\Alvaro\AppData\Local\Packages\PythonSoftwareFoundation.Python.3.11_qbz5n2kfra8p0\LocalCache\local-packages\Python311\site-packages\django\template\base.py", line 961, in render_annotated
    return self.render(context)
           ^^^^^^^^^^^^^^^^^^^^
  File "C:\Users\Alvaro\AppData\Local\Packages\PythonSoftwareFoundation.Python.3.11_qbz5n2kfra8p0\LocalCache\local-packages\Python311\site-packages\django\template\defaulttags.py", line 198, in render
    len_values = len(values)
                 ^^^^^^^^^^^
  File "C:\Users\Alvaro\AppData\Local\Packages\PythonSoftwareFoundation.Python.3.11_qbz5n2kfra8p0\LocalCache\local-packages\Python311\site-packages\django\db\models\query.py", line 382, in __len__
    self._fetch_all()
  File "C:\Users\Alvaro\AppData\Local\Packages\PythonSoftwareFoundation.Python.3.11_qbz5n2kfra8p0\LocalCache\local-packages\Python311\site-packages\django\db\models\query.py", line 1928, in _fetch_all
    self._result_cache = list(self._iterable_class(self))
                         ^^^^^^^^^^^^^^^^^^^^^^^^^^^^^^^^
  File "C:\Users\Alvaro\AppData\Local\Packages\PythonSoftwareFoundation.Python.3.11_qbz5n2kfra8p0\LocalCache\local-packages\Python311\site-packages\django\db\models\query.py", line 91, in __iter__
    results = compiler.execute_sql(
              ^^^^^^^^^^^^^^^^^^^^^
  File "C:\Users\Alvaro\AppData\Local\Packages\PythonSoftwareFoundation.Python.3.11_qbz5n2kfra8p0\LocalCache\local-packages\Python311\site-packages\django\db\models\sql\compiler.py", line 1562, in execute_sql
    cursor.execute(sql, params)
  File "C:\Users\Alvaro\AppData\Local\Packages\PythonSoftwareFoundation.Python.3.11_qbz5n2kfra8p0\LocalCache\local-packages\Python311\site-packages\django\db\backends\utils.py", line 122, in execute
    return super().execute(sql, params)
           ^^^^^^^^^^^^^^^^^^^^^^^^^^^^
  File "C:\Users\Alvaro\AppData\Local\Packages\PythonSoftwareFoundation.Python.3.11_qbz5n2kfra8p0\LocalCache\local-packages\Python311\site-packages\django\db\backends\utils.py", line 79, in execute
    return self._execute_with_wrappers(
           ^^^^^^^^^^^^^^^^^^^^^^^^^^^^
  File "C:\Users\Alvaro\AppData\Local\Packages\PythonSoftwareFoundation.Python.3.11_qbz5n2kfra8p0\LocalCache\local-packages\Python311\site-packages\django\db\backends\utils.py", line 92, in _execute_with_wrappers
    return executor(sql, params, many, context)
           ^^^^^^^^^^^^^^^^^^^^^^^^^^^^^^^^^^^^
  File "C:\Users\Alvaro\AppData\Local\Packages\PythonSoftwareFoundation.Python.3.11_qbz5n2kfra8p0\LocalCache\local-packages\Python311\site-packages\django\db\backends\utils.py", line 100, in _execute
    with self.db.wrap_database_errors:
  File "C:\Users\Alvaro\AppData\Local\Packages\PythonSoftwareFoundation.Python.3.11_qbz5n2kfra8p0\LocalCache\local-packages\Python311\site-packages\django\db\utils.py", line 91, in __exit__
    raise dj_exc_value.with_traceback(traceback) from exc_value
  File "C:\Users\Alvaro\AppData\Local\Packages\PythonSoftwareFoundation.Python.3.11_qbz5n2kfra8p0\LocalCache\local-packages\Python311\site-packages\django\db\backends\utils.py", line 105, in _execute
    return self.cursor.execute(sql, params)
           ^^^^^^^^^^^^^^^^^^^^^^^^^^^^^^^^
  File "C:\Users\Alvaro\AppData\Local\Packages\PythonSoftwareFoundation.Python.3.11_qbz5n2kfra8p0\LocalCache\local-packages\Python311\site-packages\django\db\backends\sqlite3\base.py", line 329, in execute
    return super().execute(query, params)
           ^^^^^^^^^^^^^^^^^^^^^^^^^^^^^^
django.db.utils.OperationalError: no such column: Animales.tamano
ERROR 2025-11-22 21:24:37,609 log 16860 19712 Internal Server Error: /
Traceback (most recent call last):
  File "C:\Users\Alvaro\AppData\Local\Packages\PythonSoftwareFoundation.Python.3.11_qbz5n2kfra8p0\LocalCache\local-packages\Python311\site-packages\django\db\backends\utils.py", line 105, in _execute
    return self.cursor.execute(sql, params)
           ^^^^^^^^^^^^^^^^^^^^^^^^^^^^^^^^
  File "C:\Users\Alvaro\AppData\Local\Packages\PythonSoftwareFoundation.Python.3.11_qbz5n2kfra8p0\LocalCache\local-packages\Python311\site-packages\django\db\backends\sqlite3\base.py", line 329, in execute
    return super().execute(query, params)
           ^^^^^^^^^^^^^^^^^^^^^^^^^^^^^^
sqlite3.OperationalError: no such column: Animales.tamano

The above exception was the direct cause of the following exception:

Traceback (most recent call last):
  File "C:\Users\Alvaro\AppData\Local\Packages\PythonSoftwareFoundation.Python.3.11_qbz5n2kfra8p0\LocalCache\local-packages\Python311\site-packages\django\core\handlers\exception.py", line 55, in inner
    response = get_response(request)
               ^^^^^^^^^^^^^^^^^^^^^
  File "C:\Users\Alvaro\AppData\Local\Packages\PythonSoftwareFoundation.Python.3.11_qbz5n2kfra8p0\LocalCache\local-packages\Python311\site-packages\django\core\handlers\base.py", line 197, in _get_response
    response = wrapped_callback(request, *callback_args, **callback_kwargs)
               ^^^^^^^^^^^^^^^^^^^^^^^^^^^^^^^^^^^^^^^^^^^^^^^^^^^^^^^^^^^^
  File "C:\Users\Alvaro\OneDrive\Escritorio\asociaciones-de-animales\myapp\views.py", line 1627, in Inicio
    return render(request, 'index.html', {
           ^^^^^^^^^^^^^^^^^^^^^^^^^^^^^^^
  File "C:\Users\Alvaro\AppData\Local\Packages\PythonSoftwareFoundation.Python.3.11_qbz5n2kfra8p0\LocalCache\local-packages\Python311\site-packages\django\shortcuts.py", line 25, in render
    content = loader.render_to_string(template_name, context, request, using=using)
              ^^^^^^^^^^^^^^^^^^^^^^^^^^^^^^^^^^^^^^^^^^^^^^^^^^^^^^^^^^^^^^^^^^^^^
  File "C:\Users\Alvaro\AppData\Local\Packages\PythonSoftwareFoundation.Python.3.11_qbz5n2kfra8p0\LocalCache\local-packages\Python311\site-packages\django\template\loader.py", line 62, in render_to_string
    return template.render(context, request)
           ^^^^^^^^^^^^^^^^^^^^^^^^^^^^^^^^^
  File "C:\Users\Alvaro\AppData\Local\Packages\PythonSoftwareFoundation.Python.3.11_qbz5n2kfra8p0\LocalCache\local-packages\Python311\site-packages\django\template\backends\django.py", line 61, in render
    return self.template.render(context)
           ^^^^^^^^^^^^^^^^^^^^^^^^^^^^^
  File "C:\Users\Alvaro\AppData\Local\Packages\PythonSoftwareFoundation.Python.3.11_qbz5n2kfra8p0\LocalCache\local-packages\Python311\site-packages\django\template\base.py", line 171, in render
    return self._render(context)
           ^^^^^^^^^^^^^^^^^^^^^
  File "C:\Users\Alvaro\AppData\Local\Packages\PythonSoftwareFoundation.Python.3.11_qbz5n2kfra8p0\LocalCache\local-packages\Python311\site-packages\django\template\base.py", line 163, in _render
    return self.nodelist.render(context)
           ^^^^^^^^^^^^^^^^^^^^^^^^^^^^^
  File "C:\Users\Alvaro\AppData\Local\Packages\PythonSoftwareFoundation.Python.3.11_qbz5n2kfra8p0\LocalCache\local-packages\Python311\site-packages\django\template\base.py", line 1000, in render
    return SafeString("".join([node.render_annotated(context) for node in self]))
                              ^^^^^^^^^^^^^^^^^^^^^^^^^^^^^^^^^^^^^^^^^^^^^^^^^
  File "C:\Users\Alvaro\AppData\Local\Packages\PythonSoftwareFoundation.Python.3.11_qbz5n2kfra8p0\LocalCache\local-packages\Python311\site-packages\django\template\base.py", line 1000, in <listcomp>
    return SafeString("".join([node.render_annotated(context) for node in self]))
                               ^^^^^^^^^^^^^^^^^^^^^^^^^^^^^^
  File "C:\Users\Alvaro\AppData\Local\Packages\PythonSoftwareFoundation.Python.3.11_qbz5n2kfra8p0\LocalCache\local-packages\Python311\site-packages\django\template\base.py", line 961, in render_annotated
    return self.render(context)
           ^^^^^^^^^^^^^^^^^^^^
  File "C:\Users\Alvaro\AppData\Local\Packages\PythonSoftwareFoundation.Python.3.11_qbz5n2kfra8p0\LocalCache\local-packages\Python311\site-packages\django\template\defaulttags.py", line 198, in render
    len_values = len(values)
                 ^^^^^^^^^^^
  File "C:\Users\Alvaro\AppData\Local\Packages\PythonSoftwareFoundation.Python.3.11_qbz5n2kfra8p0\LocalCache\local-packages\Python311\site-packages\django\db\models\query.py", line 382, in __len__
    self._fetch_all()
  File "C:\Users\Alvaro\AppData\Local\Packages\PythonSoftwareFoundation.Python.3.11_qbz5n2kfra8p0\LocalCache\local-packages\Python311\site-packages\django\db\models\query.py", line 1928, in _fetch_all
    self._result_cache = list(self._iterable_class(self))
                         ^^^^^^^^^^^^^^^^^^^^^^^^^^^^^^^^
  File "C:\Users\Alvaro\AppData\Local\Packages\PythonSoftwareFoundation.Python.3.11_qbz5n2kfra8p0\LocalCache\local-packages\Python311\site-packages\django\db\models\query.py", line 91, in __iter__
    results = compiler.execute_sql(
              ^^^^^^^^^^^^^^^^^^^^^
  File "C:\Users\Alvaro\AppData\Local\Packages\PythonSoftwareFoundation.Python.3.11_qbz5n2kfra8p0\LocalCache\local-packages\Python311\site-packages\django\db\models\sql\compiler.py", line 1562, in execute_sql
    cursor.execute(sql, params)
  File "C:\Users\Alvaro\AppData\Local\Packages\PythonSoftwareFoundation.Python.3.11_qbz5n2kfra8p0\LocalCache\local-packages\Python311\site-packages\django\db\backends\utils.py", line 122, in execute
    return super().execute(sql, params)
           ^^^^^^^^^^^^^^^^^^^^^^^^^^^^
  File "C:\Users\Alvaro\AppData\Local\Packages\PythonSoftwareFoundation.Python.3.11_qbz5n2kfra8p0\LocalCache\local-packages\Python311\site-packages\django\db\backends\utils.py", line 79, in execute
    return self._execute_with_wrappers(
           ^^^^^^^^^^^^^^^^^^^^^^^^^^^^
  File "C:\Users\Alvaro\AppData\Local\Packages\PythonSoftwareFoundation.Python.3.11_qbz5n2kfra8p0\LocalCache\local-packages\Python311\site-packages\django\db\backends\utils.py", line 92, in _execute_with_wrappers
    return executor(sql, params, many, context)
           ^^^^^^^^^^^^^^^^^^^^^^^^^^^^^^^^^^^^
  File "C:\Users\Alvaro\AppData\Local\Packages\PythonSoftwareFoundation.Python.3.11_qbz5n2kfra8p0\LocalCache\local-packages\Python311\site-packages\django\db\backends\utils.py", line 100, in _execute
    with self.db.wrap_database_errors:
  File "C:\Users\Alvaro\AppData\Local\Packages\PythonSoftwareFoundation.Python.3.11_qbz5n2kfra8p0\LocalCache\local-packages\Python311\site-packages\django\db\utils.py", line 91, in __exit__
    raise dj_exc_value.with_traceback(traceback) from exc_value
  File "C:\Users\Alvaro\AppData\Local\Packages\PythonSoftwareFoundation.Python.3.11_qbz5n2kfra8p0\LocalCache\local-packages\Python311\site-packages\django\db\backends\utils.py", line 105, in _execute
    return self.cursor.execute(sql, params)
           ^^^^^^^^^^^^^^^^^^^^^^^^^^^^^^^^
  File "C:\Users\Alvaro\AppData\Local\Packages\PythonSoftwareFoundation.Python.3.11_qbz5n2kfra8p0\LocalCache\local-packages\Python311\site-packages\django\db\backends\sqlite3\base.py", line 329, in execute
    return super().execute(query, params)
           ^^^^^^^^^^^^^^^^^^^^^^^^^^^^^^
django.db.utils.OperationalError: no such column: Animales.tamano
ERROR 2025-11-22 21:24:40,775 log 16860 28680 Internal Server Error: /
Traceback (most recent call last):
  File "C:\Users\Alvaro\AppData\Local\Packages\PythonSoftwareFoundation.Python.3.11_qbz5n2kfra8p0\LocalCache\local-packages\Python311\site-packages\django\db\backends\utils.py", line 105, in _execute
    return self.cursor.execute(sql, params)
           ^^^^^^^^^^^^^^^^^^^^^^^^^^^^^^^^
  File "C:\Users\Alvaro\AppData\Local\Packages\PythonSoftwareFoundation.Python.3.11_qbz5n2kfra8p0\LocalCache\local-packages\Python311\site-packages\django\db\backends\sqlite3\base.py", line 329, in execute
    return super().execute(query, params)
           ^^^^^^^^^^^^^^^^^^^^^^^^^^^^^^
sqlite3.OperationalError: no such column: Animales.tamano

The above exception was the direct cause of the following exception:

Traceback (most recent call last):
  File "C:\Users\Alvaro\AppData\Local\Packages\PythonSoftwareFoundation.Python.3.11_qbz5n2kfra8p0\LocalCache\local-packages\Python311\site-packages\django\core\handlers\exception.py", line 55, in inner
    response = get_response(request)
               ^^^^^^^^^^^^^^^^^^^^^
  File "C:\Users\Alvaro\AppData\Local\Packages\PythonSoftwareFoundation.Python.3.11_qbz5n2kfra8p0\LocalCache\local-packages\Python311\site-packages\django\core\handlers\base.py", line 197, in _get_response
    response = wrapped_callback(request, *callback_args, **callback_kwargs)
               ^^^^^^^^^^^^^^^^^^^^^^^^^^^^^^^^^^^^^^^^^^^^^^^^^^^^^^^^^^^^
  File "C:\Users\Alvaro\OneDrive\Escritorio\asociaciones-de-animales\myapp\views.py", line 1627, in Inicio
    return render(request, 'index.html', {
           ^^^^^^^^^^^^^^^^^^^^^^^^^^^^^^^
  File "C:\Users\Alvaro\AppData\Local\Packages\PythonSoftwareFoundation.Python.3.11_qbz5n2kfra8p0\LocalCache\local-packages\Python311\site-packages\django\shortcuts.py", line 25, in render
    content = loader.render_to_string(template_name, context, request, using=using)
              ^^^^^^^^^^^^^^^^^^^^^^^^^^^^^^^^^^^^^^^^^^^^^^^^^^^^^^^^^^^^^^^^^^^^^
  File "C:\Users\Alvaro\AppData\Local\Packages\PythonSoftwareFoundation.Python.3.11_qbz5n2kfra8p0\LocalCache\local-packages\Python311\site-packages\django\template\loader.py", line 62, in render_to_string
    return template.render(context, request)
           ^^^^^^^^^^^^^^^^^^^^^^^^^^^^^^^^^
  File "C:\Users\Alvaro\AppData\Local\Packages\PythonSoftwareFoundation.Python.3.11_qbz5n2kfra8p0\LocalCache\local-packages\Python311\site-packages\django\template\backends\django.py", line 61, in render
    return self.template.render(context)
           ^^^^^^^^^^^^^^^^^^^^^^^^^^^^^
  File "C:\Users\Alvaro\AppData\Local\Packages\PythonSoftwareFoundation.Python.3.11_qbz5n2kfra8p0\LocalCache\local-packages\Python311\site-packages\django\template\base.py", line 171, in render
    return self._render(context)
           ^^^^^^^^^^^^^^^^^^^^^
  File "C:\Users\Alvaro\AppData\Local\Packages\PythonSoftwareFoundation.Python.3.11_qbz5n2kfra8p0\LocalCache\local-packages\Python311\site-packages\django\template\base.py", line 163, in _render
    return self.nodelist.render(context)
           ^^^^^^^^^^^^^^^^^^^^^^^^^^^^^
  File "C:\Users\Alvaro\AppData\Local\Packages\PythonSoftwareFoundation.Python.3.11_qbz5n2kfra8p0\LocalCache\local-packages\Python311\site-packages\django\template\base.py", line 1000, in render
    return SafeString("".join([node.render_annotated(context) for node in self]))
                              ^^^^^^^^^^^^^^^^^^^^^^^^^^^^^^^^^^^^^^^^^^^^^^^^^
  File "C:\Users\Alvaro\AppData\Local\Packages\PythonSoftwareFoundation.Python.3.11_qbz5n2kfra8p0\LocalCache\local-packages\Python311\site-packages\django\template\base.py", line 1000, in <listcomp>
    return SafeString("".join([node.render_annotated(context) for node in self]))
                               ^^^^^^^^^^^^^^^^^^^^^^^^^^^^^^
  File "C:\Users\Alvaro\AppData\Local\Packages\PythonSoftwareFoundation.Python.3.11_qbz5n2kfra8p0\LocalCache\local-packages\Python311\site-packages\django\template\base.py", line 961, in render_annotated
    return self.render(context)
           ^^^^^^^^^^^^^^^^^^^^
  File "C:\Users\Alvaro\AppData\Local\Packages\PythonSoftwareFoundation.Python.3.11_qbz5n2kfra8p0\LocalCache\local-packages\Python311\site-packages\django\template\defaulttags.py", line 198, in render
    len_values = len(values)
                 ^^^^^^^^^^^
  File "C:\Users\Alvaro\AppData\Local\Packages\PythonSoftwareFoundation.Python.3.11_qbz5n2kfra8p0\LocalCache\local-packages\Python311\site-packages\django\db\models\query.py", line 382, in __len__
    self._fetch_all()
  File "C:\Users\Alvaro\AppData\Local\Packages\PythonSoftwareFoundation.Python.3.11_qbz5n2kfra8p0\LocalCache\local-packages\Python311\site-packages\django\db\models\query.py", line 1928, in _fetch_all
    self._result_cache = list(self._iterable_class(self))
                         ^^^^^^^^^^^^^^^^^^^^^^^^^^^^^^^^
  File "C:\Users\Alvaro\AppData\Local\Packages\PythonSoftwareFoundation.Python.3.11_qbz5n2kfra8p0\LocalCache\local-packages\Python311\site-packages\django\db\models\query.py", line 91, in __iter__
    results = compiler.execute_sql(
              ^^^^^^^^^^^^^^^^^^^^^
  File "C:\Users\Alvaro\AppData\Local\Packages\PythonSoftwareFoundation.Python.3.11_qbz5n2kfra8p0\LocalCache\local-packages\Python311\site-packages\django\db\models\sql\compiler.py", line 1562, in execute_sql
    cursor.execute(sql, params)
  File "C:\Users\Alvaro\AppData\Local\Packages\PythonSoftwareFoundation.Python.3.11_qbz5n2kfra8p0\LocalCache\local-packages\Python311\site-packages\django\db\backends\utils.py", line 122, in execute
    return super().execute(sql, params)
           ^^^^^^^^^^^^^^^^^^^^^^^^^^^^
  File "C:\Users\Alvaro\AppData\Local\Packages\PythonSoftwareFoundation.Python.3.11_qbz5n2kfra8p0\LocalCache\local-packages\Python311\site-packages\django\db\backends\utils.py", line 79, in execute
    return self._execute_with_wrappers(
           ^^^^^^^^^^^^^^^^^^^^^^^^^^^^
  File "C:\Users\Alvaro\AppData\Local\Packages\PythonSoftwareFoundation.Python.3.11_qbz5n2kfra8p0\LocalCache\local-packages\Python311\site-packages\django\db\backends\utils.py", line 92, in _execute_with_wrappers
    return executor(sql, params, many, context)
           ^^^^^^^^^^^^^^^^^^^^^^^^^^^^^^^^^^^^
  File "C:\Users\Alvaro\AppData\Local\Packages\PythonSoftwareFoundation.Python.3.11_qbz5n2kfra8p0\LocalCache\local-packages\Python311\site-packages\django\db\backends\utils.py", line 100, in _execute
    with self.db.wrap_database_errors:
  File "C:\Users\Alvaro\AppData\Local\Packages\PythonSoftwareFoundation.Python.3.11_qbz5n2kfra8p0\LocalCache\local-packages\Python311\site-packages\django\db\utils.py", line 91, in __exit__
    raise dj_exc_value.with_traceback(traceback) from exc_value
  File "C:\Users\Alvaro\AppData\Local\Packages\PythonSoftwareFoundation.Python.3.11_qbz5n2kfra8p0\LocalCache\local-packages\Python311\site-packages\django\db\backends\utils.py", line 105, in _execute
    return self.cursor.execute(sql, params)
           ^^^^^^^^^^^^^^^^^^^^^^^^^^^^^^^^
  File "C:\Users\Alvaro\AppData\Local\Packages\PythonSoftwareFoundation.Python.3.11_qbz5n2kfra8p0\LocalCache\local-packages\Python311\site-packages\django\db\backends\sqlite3\base.py", line 329, in execute
    return super().execute(query, params)
           ^^^^^^^^^^^^^^^^^^^^^^^^^^^^^^
django.db.utils.OperationalError: no such column: Animales.tamano
INFO 2025-11-22 21:28:19,661 telegram_utils 16860 15732 Mensaje de Telegram enviado exitosamente
INFO 2025-11-22 21:30:12,983 telegram_utils 16860 19856 Mensaje de Telegram enviado exitosamente
WARNING 2025-11-22 22:53:58,332 log 10288 27588 Not Found: /ver_animal/502/animales/fotos/C2CB9264-D7C6-4FB1-AEE8-D60F5CC8C2B2.JPG
WARNING 2025-11-22 22:54:03,265 log 10288 27588 Not Found: /ver_animal/502/animales/fotos/C2CB9264-D7C6-4FB1-AEE8-D60F5CC8C2B2.JPG
WARNING 2025-11-22 22:55:48,094 log 10288 16644 Not Found: /animales/fotos/C2CB9264-D7C6-4FB1-AEE8-D60F5CC8C2B2.JPG
WARNING 2025-11-22 22:55:48,101 log 10288 31792 Not Found: /animales/fotos/Captura_de_pantalla_2023-07-24_165426.jpg
WARNING 2025-11-22 22:57:31,798 log 10288 16644 Not Found: /animales/fotos/C2CB9264-D7C6-4FB1-AEE8-D60F5CC8C2B2.JPG
WARNING 2025-11-22 22:57:31,804 log 10288 14544 Not Found: /animales/fotos/Captura_de_pantalla_2023-07-24_165426.jpg
WARNING 2025-11-22 22:58:17,555 log 10288 16644 Not Found: /animales/fotos/C2CB9264-D7C6-4FB1-AEE8-D60F5CC8C2B2.JPG
WARNING 2025-11-22 22:58:17,562 log 10288 16644 Not Found: /animales/fotos/Captura_de_pantalla_2023-07-24_165426.jpg
WARNING 2025-11-22 23:03:09,856 log 10288 18768 Not Found: /animales/fotos/C2CB9264-D7C6-4FB1-AEE8-D60F5CC8C2B2.JPG
WARNING 2025-11-22 23:03:09,862 log 10288 9388 Not Found: /animales/fotos/Captura_de_pantalla_2023-07-24_165426.jpg
WARNING 2025-11-22 23:03:38,962 log 10288 9388 Not Found: /animales/fotos/C2CB9264-D7C6-4FB1-AEE8-D60F5CC8C2B2.JPG
WARNING 2025-11-22 23:03:38,967 log 10288 18768 Not Found: /animales/fotos/Captura_de_pantalla_2023-07-24_165426.jpg
WARNING 2025-11-22 23:03:48,789 log 10288 21736 Not Found: /animales/fotos/C2CB9264-D7C6-4FB1-AEE8-D60F5CC8C2B2.JPG
WARNING 2025-11-22 23:03:48,795 log 10288 19316 Not Found: /animales/fotos/Captura_de_pantalla_2023-07-24_165426.jpg
WARNING 2025-11-22 23:04:05,058 log 10288 19316 Not Found: /mis_animales/animales/fotos/C2CB9264-D7C6-4FB1-AEE8-D60F5CC8C2B2.JPG
WARNING 2025-11-22 23:04:07,248 log 10288 19316 Not Found: /mis_animales/animales/fotos/C2CB9264-D7C6-4FB1-AEE8-D60F5CC8C2B2.JPG
WARNING 2025-11-22 23:04:48,579 log 10288 17736 Not Found: /animales/fotos/Captura_de_pantalla_2023-07-24_165426.jpg
WARNING 2025-11-22 23:04:56,561 log 10288 16628 Not Found: /animales/fotos/Captura_de_pantalla_2023-07-24_165426.jpg
WARNING 2025-11-22 23:05:33,050 log 10288 24904 Not Found: /animales/fotos/Captura_de_pantalla_2023-07-24_165426.jpg
WARNING 2025-11-22 23:06:23,326 log 10288 22820 Not Found: /animales/fotos/Captura_de_pantalla_2023-07-24_165426.jpg
WARNING 2025-11-22 23:06:35,203 log 10288 14668 Not Found: /animales/fotos/Captura_de_pantalla_2023-07-24_165426.jpg
WARNING 2025-11-22 23:07:35,157 log 10288 32648 Not Found: /animales/fotos/Captura_de_pantalla_2023-07-24_165426.jpg
WARNING 2025-11-22 23:09:12,720 log 24380 23188 Not Found: /animales/fotos/Captura_de_pantalla_2023-07-24_165426.jpg
WARNING 2025-11-22 23:09:36,667 log 24380 11008 Not Found: /animales/fotos/Captura_de_pantalla_2023-07-24_165426.jpg
WARNING 2025-11-22 23:12:39,652 log 24380 27828 Not Found: /animales/fotos/Captura_de_pantalla_2023-07-24_165426.jpg
WARNING 2025-11-22 23:14:23,395 log 27308 22976 Not Found: /animales/fotos/Captura_de_pantalla_2023-07-24_165426.jpg
WARNING 2025-11-22 23:15:51,970 log 27308 21464 Not Found: /animales/fotos/Captura_de_pantalla_2023-07-24_165426.jpg
WARNING 2025-11-23 00:07:57,367 log 16644 23152 Not Found: /animales/fotos/Captura_de_pantalla_2023-07-24_165426.jpg
WARNING 2025-11-23 00:28:46,569 log 16644 31636 Not Found: /animales/fotos/Captura_de_pantalla_2023-07-24_165426.jpg
WARNING 2025-11-23 00:29:56,699 log 16644 6168 Not Found: /animales/fotos/Captura_de_pantalla_2023-07-24_165426.jpg
WARNING 2025-11-23 00:29:56,855 log 16644 6168 Not Found: /mis-favoritos/animales/fotos/Captura_de_pantalla_2023-07-24_165426.jpg
WARNING 2025-11-23 20:39:46,794 log 2968 29736 Not Found: /animales/fotos/Captura_de_pantalla_2023-07-24_165426.jpg
WARNING 2025-11-23 20:39:46,959 log 2968 21180 Not Found: /favicon.ico
WARNING 2025-11-23 20:42:00,416 log 2968 21180 Not Found: /mis-favoritos/animales/fotos/Captura_de_pantalla_2023-07-24_165426.jpg
WARNING 2025-11-23 20:45:36,529 log 2968 10400 Not Found: /animales/fotos/Captura_de_pantalla_2023-07-24_165426.jpg
WARNING 2025-11-23 20:47:53,170 log 2968 10992 Not Found: /animales/fotos/Captura_de_pantalla_2023-07-24_165426.jpg
WARNING 2025-11-23 20:48:23,759 log 2968 10888 Not Found: /animales/fotos/Captura_de_pantalla_2023-07-24_165426.jpg
WARNING 2025-11-23 20:48:45,284 log 2968 25668 Not Found: /animales/fotos/Captura_de_pantalla_2023-07-24_165426.jpg
WARNING 2025-11-23 20:49:26,730 log 2968 4220 Not Found: /animales/fotos/Captura_de_pantalla_2023-07-24_165426.jpg
WARNING 2025-11-23 20:50:22,067 log 2968 6428 Not Found: /animales/fotos/Captura_de_pantalla_2023-07-24_165426.jpg
WARNING 2025-11-23 20:51:00,274 log 2968 9508 Not Found: /animales/fotos/Captura_de_pantalla_2023-07-24_165426.jpg
WARNING 2025-11-23 20:51:32,507 log 2968 27076 Not Found: /animales/fotos/Captura_de_pantalla_2023-07-24_165426.jpg
WARNING 2025-11-23 20:52:07,361 log 2968 30648 Not Found: /animales/fotos/Captura_de_pantalla_2023-07-24_165426.jpg
WARNING 2025-11-23 20:52:34,383 log 2968 23000 Not Found: /animales/fotos/Captura_de_pantalla_2023-07-24_165426.jpg
WARNING 2025-11-23 20:53:06,797 log 2968 24264 Not Found: /animales/fotos/Captura_de_pantalla_2023-07-24_165426.jpg
WARNING 2025-11-23 20:54:14,282 log 2968 25860 Not Found: /animales/fotos/Captura_de_pantalla_2023-07-24_165426.jpg
WARNING 2025-11-23 20:58:30,419 log 2968 14232 Not Found: /animales/fotos/Captura_de_pantalla_2023-07-24_165426.jpg
WARNING 2025-11-23 20:58:48,073 log 2968 5468 Not Found: /animales/fotos/Captura_de_pantalla_2023-07-24_165426.jpg
WARNING 2025-11-23 20:59:01,313 log 2968 5468 Not Found: /animales/fotos/Captura_de_pantalla_2023-07-24_165426.jpg
WARNING 2025-11-23 20:59:12,152 log 2968 21776 Not Found: /animales/fotos/Captura_de_pantalla_2023-07-24_165426.jpg
WARNING 2025-11-23 20:59:19,864 log 2968 21776 Not Found: /animales/fotos/Captura_de_pantalla_2023-07-24_165426.jpg
WARNING 2025-11-23 21:00:47,743 log 2968 22392 Not Found: /animales/fotos/Captura_de_pantalla_2023-07-24_165426.jpg
WARNING 2025-11-23 21:01:06,584 log 2968 22392 Not Found: /animales/fotos/Captura_de_pantalla_2023-07-24_165426.jpg
WARNING 2025-11-23 21:01:58,145 log 2968 15524 Not Found: /animales/fotos/Captura_de_pantalla_2023-07-24_165426.jpg
WARNING 2025-11-23 21:02:26,221 log 2968 27416 Not Found: /animales/fotos/Captura_de_pantalla_2023-07-24_165426.jpg
WARNING 2025-11-23 21:02:57,955 log 2968 27724 Not Found: /animales/fotos/Captura_de_pantalla_2023-07-24_165426.jpg
WARNING 2025-11-23 21:06:27,139 log 2968 24852 Not Found: /animales/fotos/Captura_de_pantalla_2023-07-24_165426.jpg
WARNING 2025-11-23 21:07:00,943 log 2968 24852 Not Found: /animales/fotos/Captura_de_pantalla_2023-07-24_165426.jpg
WARNING 2025-11-23 21:07:44,470 log 2968 15780 Not Found: /animales/fotos/Captura_de_pantalla_2023-07-24_165426.jpg
WARNING 2025-11-23 21:07:48,979 log 2968 7268 Not Found: /animales/fotos/Captura_de_pantalla_2023-07-24_165426.jpg
WARNING 2025-11-23 21:07:50,810 log 2968 7268 Not Found: /animales/fotos/Captura_de_pantalla_2023-07-24_165426.jpg
WARNING 2025-11-23 21:07:55,842 log 2968 7268 Not Found: /animales/fotos/Captura_de_pantalla_2023-07-24_165426.jpg
WARNING 2025-11-23 21:07:56,882 log 2968 7268 Not Found: /animales/fotos/Captura_de_pantalla_2023-07-24_165426.jpg
WARNING 2025-11-23 21:07:57,387 log 2968 7268 Not Found: /animales/fotos/Captura_de_pantalla_2023-07-24_165426.jpg
WARNING 2025-11-23 21:11:20,667 log 2968 7268 Not Found: /animales/fotos/Captura_de_pantalla_2023-07-24_165426.jpg
WARNING 2025-11-23 21:11:34,236 log 2968 19036 Not Found: /animales/fotos/Captura_de_pantalla_2023-07-24_165426.jpg
WARNING 2025-11-23 21:11:40,686 log 2968 19036 Not Found: /animales/fotos/Captura_de_pantalla_2023-07-24_165426.jpg
WARNING 2025-11-23 21:17:50,755 log 2968 20924 Not Found: /animales/fotos/Captura_de_pantalla_2023-07-24_165426.jpg
WARNING 2025-11-23 21:18:57,215 log 2968 21792 Not Found: /animales/fotos/Captura_de_pantalla_2023-07-24_165426.jpg
WARNING 2025-11-23 21:20:02,844 log 2968 28416 Not Found: /animales/fotos/Captura_de_pantalla_2023-07-24_165426.jpg
WARNING 2025-11-23 21:20:40,896 log 2968 22192 Not Found: /animales/fotos/Captura_de_pantalla_2023-07-24_165426.jpg
WARNING 2025-11-23 21:56:25,634 log 2968 688 Not Found: /animales/fotos/Captura_de_pantalla_2023-07-24_165426.jpg
WARNING 2025-11-23 21:56:27,509 log 2968 688 Not Found: /animales/fotos/Captura_de_pantalla_2023-07-24_165426.jpg
WARNING 2025-11-23 21:56:28,978 log 2968 688 Not Found: /animales/fotos/Captura_de_pantalla_2023-07-24_165426.jpg
WARNING 2025-11-23 21:58:09,306 log 2968 23532 Not Found: /animales/fotos/Captura_de_pantalla_2023-07-24_165426.jpg
WARNING 2025-11-23 21:58:35,034 log 2968 29528 Not Found: /animales/fotos/Captura_de_pantalla_2023-07-24_165426.jpg
WARNING 2025-11-23 22:00:40,850 log 2968 29528 Not Found: /animales/fotos/Captura_de_pantalla_2023-07-24_165426.jpg
WARNING 2025-11-23 22:01:46,458 log 2968 16284 Not Found: /animales/fotos/Captura_de_pantalla_2023-07-24_165426.jpg
WARNING 2025-11-23 22:02:12,556 log 2968 30552 Not Found: /animales/fotos/Captura_de_pantalla_2023-07-24_165426.jpg
WARNING 2025-11-23 22:03:38,134 log 2968 33748 Not Found: /animales/fotos/Captura_de_pantalla_2023-07-24_165426.jpg
WARNING 2025-11-23 22:04:27,533 log 2968 32048 Not Found: /animales/fotos/Captura_de_pantalla_2023-07-24_165426.jpg
WARNING 2025-11-23 22:06:50,336 log 2968 30944 Not Found: /animales/fotos/Captura_de_pantalla_2023-07-24_165426.jpg
WARNING 2025-11-23 22:19:43,349 log 2968 17272 Not Found: /animales/fotos/Captura_de_pantalla_2023-07-24_165426.jpg
WARNING 2025-11-23 22:19:55,555 log 2968 3448 Not Found: /animales/fotos/Captura_de_pantalla_2023-07-24_165426.jpg
WARNING 2025-11-23 22:19:59,963 log 2968 26548 Not Found: /animales/fotos/Captura_de_pantalla_2023-07-24_165426.jpg
WARNING 2025-11-23 22:20:05,300 log 2968 26548 Not Found: /animales/fotos/Captura_de_pantalla_2023-07-24_165426.jpg
WARNING 2025-11-23 22:21:48,073 log 2968 2548 Not Found: /animales/fotos/Captura_de_pantalla_2023-07-24_165426.jpg
WARNING 2025-11-23 22:31:32,477 log 2968 472 Not Found: /mis-favoritos/animales/fotos/Captura_de_pantalla_2023-07-24_165426.jpg
WARNING 2025-11-23 22:31:36,882 log 2968 16456 Not Found: /animales/fotos/Captura_de_pantalla_2023-07-24_165426.jpg
WARNING 2025-11-23 22:31:40,340 log 2968 21312 Not Found: /animales/fotos/Captura_de_pantalla_2023-07-24_165426.jpg
WARNING 2025-11-23 22:31:41,853 log 2968 21312 Not Found: /animales/fotos/Captura_de_pantalla_2023-07-24_165426.jpg
WARNING 2025-11-23 22:33:27,751 log 2968 21312 Not Found: /animales/fotos/Captura_de_pantalla_2023-07-24_165426.jpg
WARNING 2025-11-23 22:36:08,370 log 2968 7340 Not Found: /animales/fotos/Captura_de_pantalla_2023-07-24_165426.jpg
WARNING 2025-11-23 22:37:37,164 log 2968 34652 Not Found: /animales/fotos/Captura_de_pantalla_2023-07-24_165426.jpg
WARNING 2025-11-23 22:38:18,829 log 2968 15484 Not Found: /animales/fotos/Captura_de_pantalla_2023-07-24_165426.jpg
WARNING 2025-11-23 22:43:01,364 log 2968 32428 Not Found: /animales/fotos/Captura_de_pantalla_2023-07-24_165426.jpg
WARNING 2025-11-23 22:43:05,213 log 2968 31044 Not Found: /animales/fotos/Captura_de_pantalla_2023-07-24_165426.jpg
WARNING 2025-11-23 22:44:04,425 log 2968 31044 Not Found: /animales/fotos/Captura_de_pantalla_2023-07-24_165426.jpg
WARNING 2025-11-23 22:44:27,335 log 2968 14680 Not Found: /animales/fotos/Captura_de_pantalla_2023-07-24_165426.jpg
WARNING 2025-11-23 22:46:19,031 log 2968 11548 Not Found: /animales/fotos/Captura_de_pantalla_2023-07-24_165426.jpg
WARNING 2025-11-23 22:46:34,083 log 2968 11684 Not Found: /animales/fotos/Captura_de_pantalla_2023-07-24_165426.jpg
WARNING 2025-11-23 22:47:41,606 log 2968 11684 Not Found: /animales/fotos/Captura_de_pantalla_2023-07-24_165426.jpg
WARNING 2025-11-23 22:52:06,997 log 2968 23456 Not Found: /animales/fotos/Captura_de_pantalla_2023-07-24_165426.jpg
WARNING 2025-11-23 22:54:11,209 log 2968 19252 Not Found: /animales/fotos/Captura_de_pantalla_2023-07-24_165426.jpg
WARNING 2025-11-23 22:54:28,551 log 2968 21656 Not Found: /animales/fotos/Captura_de_pantalla_2023-07-24_165426.jpg
WARNING 2025-11-23 22:54:42,837 log 2968 33396 Not Found: /animales/fotos/Captura_de_pantalla_2023-07-24_165426.jpg
WARNING 2025-11-23 22:55:04,827 log 2968 27548 Not Found: /animales/fotos/Captura_de_pantalla_2023-07-24_165426.jpg
WARNING 2025-11-23 22:55:33,840 log 2968 25800 Not Found: /animales/fotos/Captura_de_pantalla_2023-07-24_165426.jpg
WARNING 2025-11-23 22:56:26,952 log 2968 4652 Not Found: /animales/fotos/Captura_de_pantalla_2023-07-24_165426.jpg
WARNING 2025-11-23 22:56:48,871 log 2968 5816 Not Found: /animales/fotos/Captura_de_pantalla_2023-07-24_165426.jpg
WARNING 2025-11-23 22:57:45,034 log 2968 30368 Not Found: /animales/fotos/Captura_de_pantalla_2023-07-24_165426.jpg
WARNING 2025-11-23 22:57:52,117 log 2968 8756 Not Found: /animales/fotos/Captura_de_pantalla_2023-07-24_165426.jpg
WARNING 2025-11-23 22:58:08,160 log 2968 8756 Not Found: /animales/fotos/Captura_de_pantalla_2023-07-24_165426.jpg
WARNING 2025-11-23 22:58:58,034 log 2968 23408 Not Found: /animales/fotos/Captura_de_pantalla_2023-07-24_165426.jpg
WARNING 2025-11-23 22:59:36,776 log 2968 32268 Not Found: /animales/fotos/Captura_de_pantalla_2023-07-24_165426.jpg
WARNING 2025-11-23 22:59:57,738 log 2968 25552 Not Found: /animales/fotos/Captura_de_pantalla_2023-07-24_165426.jpg
WARNING 2025-11-23 23:00:03,339 log 2968 8768 Not Found: /animales/fotos/Captura_de_pantalla_2023-07-24_165426.jpg
WARNING 2025-11-23 23:00:10,774 log 2968 8768 Not Found: /animales/fotos/Captura_de_pantalla_2023-07-24_165426.jpg
WARNING 2025-11-23 23:02:30,870 log 2968 23224 Not Found: /animales/fotos/Captura_de_pantalla_2023-07-24_165426.jpg
WARNING 2025-11-23 23:02:33,069 log 2968 23224 Not Found: /animales/fotos/Captura_de_pantalla_2023-07-24_165426.jpg
WARNING 2025-11-23 23:02:33,568 log 2968 23224 Not Found: /animales/fotos/Captura_de_pantalla_2023-07-24_165426.jpg
WARNING 2025-11-23 23:02:37,169 log 2968 23224 Not Found: /mis-favoritos/animales/fotos/Captura_de_pantalla_2023-07-24_165426.jpg
WARNING 2025-11-23 23:02:39,351 log 2968 32108 Not Found: /animales/fotos/Captura_de_pantalla_2023-07-24_165426.jpg
WARNING 2025-11-23 23:03:00,243 log 2968 14888 Not Found: /ver_animal/501/animales/fotos/Captura_de_pantalla_2023-07-24_165426.jpg
WARNING 2025-11-23 23:03:01,535 log 2968 33072 Not Found: /ver_animal/501/animales/fotos/Captura_de_pantalla_2023-07-24_165426.jpg
WARNING 2025-11-23 23:03:06,609 log 2968 22808 Not Found: /animales/fotos/Captura_de_pantalla_2023-07-24_165426.jpg
WARNING 2025-11-23 23:03:19,575 log 2968 22808 Not Found: /animales/fotos/Captura_de_pantalla_2023-07-24_165426.jpg
WARNING 2025-11-23 23:03:23,974 log 2968 22808 Not Found: /animales/fotos/Captura_de_pantalla_2023-07-24_165426.jpg
WARNING 2025-11-23 23:03:28,845 log 2968 2320 Not Found: /mis-favoritos/animales/fotos/Captura_de_pantalla_2023-07-24_165426.jpg
WARNING 2025-11-23 23:03:29,934 log 2968 25960 Not Found: /animales/fotos/Captura_de_pantalla_2023-07-24_165426.jpg
WARNING 2025-11-23 23:04:10,155 log 2968 25960 Not Found: /animales/fotos/Captura_de_pantalla_2023-07-24_165426.jpg
WARNING 2025-11-23 23:05:22,692 log 2968 20984 Not Found: /animales/fotos/Captura_de_pantalla_2023-07-24_165426.jpg
WARNING 2025-11-23 23:06:05,204 log 2968 18172 Not Found: /animales/fotos/Captura_de_pantalla_2023-07-24_165426.jpg
WARNING 2025-11-23 23:06:47,014 log 2968 12768 Not Found: /animales/fotos/Captura_de_pantalla_2023-07-24_165426.jpg
WARNING 2025-11-23 23:07:10,898 log 2968 33176 Not Found: /animales/fotos/Captura_de_pantalla_2023-07-24_165426.jpg
WARNING 2025-11-23 23:07:29,366 log 2968 11320 Not Found: /animales/fotos/Captura_de_pantalla_2023-07-24_165426.jpg
WARNING 2025-11-23 23:10:31,123 log 2968 25552 Not Found: /animales/fotos/Captura_de_pantalla_2023-07-24_165426.jpg
WARNING 2025-11-23 23:10:55,261 log 2968 24360 Not Found: /animales/fotos/Captura_de_pantalla_2023-07-24_165426.jpg
WARNING 2025-11-23 23:10:56,178 log 2968 24360 Not Found: /mis-favoritos/animales/fotos/Captura_de_pantalla_2023-07-24_165426.jpg
WARNING 2025-11-23 23:10:57,912 log 2968 8360 Not Found: /animales/fotos/Captura_de_pantalla_2023-07-24_165426.jpg
WARNING 2025-11-23 23:11:02,893 log 2968 8360 Not Found: /animales/fotos/Captura_de_pantalla_2023-07-24_165426.jpg
WARNING 2025-11-23 23:12:45,371 log 2968 4236 Not Found: /animales/fotos/Captura_de_pantalla_2023-07-24_165426.jpg
WARNING 2025-11-23 23:13:07,144 log 2968 28608 Not Found: /animales/fotos/Captura_de_pantalla_2023-07-24_165426.jpg
WARNING 2025-11-23 23:13:39,814 log 2968 28972 Not Found: /animales/fotos/Captura_de_pantalla_2023-07-24_165426.jpg
WARNING 2025-11-23 23:14:06,915 log 2968 26848 Not Found: /animales/fotos/Captura_de_pantalla_2023-07-24_165426.jpg
WARNING 2025-11-23 23:14:42,297 log 2968 3064 Not Found: /animales/fotos/Captura_de_pantalla_2023-07-24_165426.jpg
WARNING 2025-11-23 23:17:05,634 log 2968 5812 Not Found: /animales/fotos/Captura_de_pantalla_2023-07-24_165426.jpg
WARNING 2025-11-24 07:18:56,125 log 33468 15660 Not Found: /favicon.ico
WARNING 2025-11-24 07:19:03,804 log 33468 15660 Not Found: /animales/fotos/Captura_de_pantalla_2023-07-24_165426.jpg
WARNING 2025-11-24 07:20:30,288 log 33468 15584 Not Found: /animales/fotos/Captura_de_pantalla_2023-07-24_165426.jpg
WARNING 2025-11-24 07:20:46,942 log 33468 14380 Not Found: /animales/fotos/Captura_de_pantalla_2023-07-24_165426.jpg
WARNING 2025-11-24 07:20:50,704 log 33468 10372 Not Found: /mis-favoritos/animales/fotos/Captura_de_pantalla_2023-07-24_165426.jpg
WARNING 2025-11-24 07:20:53,167 log 33468 10372 Not Found: /mis-favoritos/animales/fotos/Captura_de_pantalla_2023-07-24_165426.jpg
WARNING 2025-11-24 07:20:55,305 log 33468 10372 Not Found: /ver_animal/501/animales/fotos/Captura_de_pantalla_2023-07-24_165426.jpg
WARNING 2025-11-24 07:20:59,025 log 33468 10372 Not Found: /animales/fotos/Captura_de_pantalla_2023-07-24_165426.jpg
WARNING 2025-11-24 07:21:05,846 log 33468 10372 Not Found: /mis-favoritos/animales/fotos/Captura_de_pantalla_2023-07-24_165426.jpg
WARNING 2025-11-24 07:21:06,609 log 33468 10372 Not Found: /ver_animal/501/animales/fotos/Captura_de_pantalla_2023-07-24_165426.jpg
WARNING 2025-11-24 07:21:07,707 log 33468 10372 Not Found: /animales/fotos/Captura_de_pantalla_2023-07-24_165426.jpg
WARNING 2025-11-24 07:21:26,066 log 33468 10372 Not Found: /animales/fotos/Captura_de_pantalla_2023-07-24_165426.jpg
WARNING 2025-11-24 07:21:41,413 log 33468 18052 Not Found: /animales/fotos/Captura_de_pantalla_2023-07-24_165426.jpg
WARNING 2025-11-24 07:21:48,002 log 33468 19244 Not Found: /animales/fotos/Captura_de_pantalla_2023-07-24_165426.jpg
WARNING 2025-11-24 07:22:24,637 log 33468 27608 Not Found: /animales/fotos/Captura_de_pantalla_2023-07-24_165426.jpg
WARNING 2025-11-24 07:22:33,490 log 33468 4896 Not Found: /animales/fotos/Captura_de_pantalla_2023-07-24_165426.jpg
WARNING 2025-11-24 07:22:43,358 log 33468 19616 Not Found: /animales/fotos/Captura_de_pantalla_2023-07-24_165426.jpg
WARNING 2025-11-24 07:22:53,161 log 33468 19376 Not Found: /animales/fotos/Captura_de_pantalla_2023-07-24_165426.jpg
WARNING 2025-11-24 07:23:02,926 log 33468 6212 Not Found: /animales/fotos/Captura_de_pantalla_2023-07-24_165426.jpg
WARNING 2025-11-24 07:23:11,585 log 33468 23592 Not Found: /animales/fotos/Captura_de_pantalla_2023-07-24_165426.jpg
WARNING 2025-11-24 07:26:20,135 log 33468 20096 Not Found: /animales/fotos/Captura_de_pantalla_2023-07-24_165426.jpg
WARNING 2025-11-24 07:26:28,614 log 33468 16912 Not Found: /animales/fotos/Captura_de_pantalla_2023-07-24_165426.jpg
WARNING 2025-11-24 07:26:36,245 log 33468 24924 Not Found: /animales/fotos/Captura_de_pantalla_2023-07-24_165426.jpg
WARNING 2025-11-24 07:26:43,873 log 33468 7072 Not Found: /animales/fotos/Captura_de_pantalla_2023-07-24_165426.jpg
WARNING 2025-11-24 07:26:55,946 log 33468 32104 Not Found: /animales/fotos/Captura_de_pantalla_2023-07-24_165426.jpg
WARNING 2025-11-24 07:27:11,340 log 33468 17476 Not Found: /animales/fotos/Captura_de_pantalla_2023-07-24_165426.jpg
WARNING 2025-11-24 07:27:22,303 log 33468 16012 Not Found: /animales/fotos/Captura_de_pantalla_2023-07-24_165426.jpg
WARNING 2025-11-24 07:27:33,315 log 33468 16460 Not Found: /animales/fotos/Captura_de_pantalla_2023-07-24_165426.jpg
WARNING 2025-11-24 07:27:44,341 log 33468 33500 Not Found: /animales/fotos/Captura_de_pantalla_2023-07-24_165426.jpg
WARNING 2025-11-24 07:27:56,395 log 33468 9396 Not Found: /animales/fotos/Captura_de_pantalla_2023-07-24_165426.jpg
WARNING 2025-11-24 07:28:07,365 log 33468 11328 Not Found: /animales/fotos/Captura_de_pantalla_2023-07-24_165426.jpg
WARNING 2025-11-24 07:28:17,240 log 33468 10664 Not Found: /animales/fotos/Captura_de_pantalla_2023-07-24_165426.jpg
WARNING 2025-11-24 07:28:28,248 log 33468 15664 Not Found: /animales/fotos/Captura_de_pantalla_2023-07-24_165426.jpg
WARNING 2025-11-24 07:28:41,389 log 33468 15644 Not Found: /animales/fotos/Captura_de_pantalla_2023-07-24_165426.jpg
WARNING 2025-11-24 07:28:52,252 log 33468 14192 Not Found: /animales/fotos/Captura_de_pantalla_2023-07-24_165426.jpg
WARNING 2025-11-24 07:29:49,640 log 33468 16796 Not Found: /animales/fotos/Captura_de_pantalla_2023-07-24_165426.jpg
WARNING 2025-11-24 07:30:03,712 log 33468 2084 Not Found: /animales/fotos/Captura_de_pantalla_2023-07-24_165426.jpg
WARNING 2025-11-24 07:30:14,683 log 33468 29908 Not Found: /animales/fotos/Captura_de_pantalla_2023-07-24_165426.jpg
WARNING 2025-11-24 07:30:25,511 log 33468 34300 Not Found: /animales/fotos/Captura_de_pantalla_2023-07-24_165426.jpg
WARNING 2025-11-24 07:30:38,534 log 33468 23592 Not Found: /animales/fotos/Captura_de_pantalla_2023-07-24_165426.jpg
WARNING 2025-11-24 07:30:50,607 log 33468 22072 Not Found: /animales/fotos/Captura_de_pantalla_2023-07-24_165426.jpg
WARNING 2025-11-24 07:31:02,549 log 33468 4084 Not Found: /animales/fotos/Captura_de_pantalla_2023-07-24_165426.jpg
WARNING 2025-11-24 07:31:13,461 log 33468 29540 Not Found: /animales/fotos/Captura_de_pantalla_2023-07-24_165426.jpg
WARNING 2025-11-24 07:31:26,435 log 33468 22072 Not Found: /animales/fotos/Captura_de_pantalla_2023-07-24_165426.jpg
WARNING 2025-11-24 07:32:09,133 log 33468 25272 Not Found: /animales/fotos/Captura_de_pantalla_2023-07-24_165426.jpg
WARNING 2025-11-24 07:39:02,357 log 33468 21280 Not Found: /animales/fotos/Captura_de_pantalla_2023-07-24_165426.jpg
WARNING 2025-11-24 07:39:31,393 log 33468 14352 Not Found: /animales/fotos/Captura_de_pantalla_2023-07-24_165426.jpg
WARNING 2025-11-24 07:43:15,575 log 33468 31048 Not Found: /animales/fotos/Captura_de_pantalla_2023-07-24_165426.jpg
WARNING 2025-11-24 07:44:04,482 log 33468 14716 Not Found: /animales/fotos/Captura_de_pantalla_2023-07-24_165426.jpg
WARNING 2025-11-24 07:44:33,715 log 33468 27516 Not Found: /animales/fotos/Captura_de_pantalla_2023-07-24_165426.jpg
WARNING 2025-11-24 07:49:08,605 log 33468 25812 Not Found: /animales/fotos/Captura_de_pantalla_2023-07-24_165426.jpg
WARNING 2025-11-24 07:49:09,514 log 33468 21672 Not Found: /mis-favoritos/animales/fotos/Captura_de_pantalla_2023-07-24_165426.jpg
WARNING 2025-11-24 07:49:10,684 log 33468 21672 Not Found: /animales/fotos/Captura_de_pantalla_2023-07-24_165426.jpg
WARNING 2025-11-24 07:50:17,268 log 34080 16916 Not Found: /animales/fotos/Captura_de_pantalla_2023-07-24_165426.jpg
WARNING 2025-11-24 08:09:49,262 log 34364 33412 Not Found: /animales/fotos/Captura_de_pantalla_2023-07-24_165426.jpg
WARNING 2025-11-25 07:13:35,153 log 27740 29284 Not Found: /animales/fotos/Captura_de_pantalla_2023-07-24_165426.jpg
WARNING 2025-11-25 07:13:35,164 log 27740 29284 Not Found: /favicon.ico
WARNING 2025-11-25 07:13:37,097 log 27740 29284 Not Found: /animales/fotos/Captura_de_pantalla_2023-07-24_165426.jpg
WARNING 2025-11-25 07:13:37,976 log 27740 29284 Not Found: /animales/fotos/Captura_de_pantalla_2023-07-24_165426.jpg
WARNING 2025-11-25 07:13:50,803 log 27740 29284 Not Found: /animales/fotos/Captura_de_pantalla_2023-07-24_165426.jpg
WARNING 2025-11-25 07:13:53,246 log 27740 29284 Not Found: /animales/fotos/Captura_de_pantalla_2023-07-24_165426.jpg
WARNING 2025-11-25 07:13:53,898 log 27740 29284 Not Found: /animales/fotos/Captura_de_pantalla_2023-07-24_165426.jpg
WARNING 2025-11-25 07:13:54,462 log 27740 29284 Not Found: /animales/fotos/Captura_de_pantalla_2023-07-24_165426.jpg
WARNING 2025-11-25 07:13:59,276 log 27740 29284 Not Found: /animales/fotos/Captura_de_pantalla_2023-07-24_165426.jpg
WARNING 2025-11-25 07:13:59,993 log 27740 29284 Not Found: /animales/fotos/Captura_de_pantalla_2023-07-24_165426.jpg
WARNING 2025-11-25 07:14:05,985 log 27740 29284 Not Found: /mis-favoritos/animales/fotos/Captura_de_pantalla_2023-07-24_165426.jpg
WARNING 2025-11-25 07:14:09,200 log 27740 29284 Not Found: /animales/fotos/Captura_de_pantalla_2023-07-24_165426.jpg
WARNING 2025-11-25 07:19:02,381 log 27740 4552 Not Found: /animales/fotos/Captura_de_pantalla_2023-07-24_165426.jpg
WARNING 2025-11-25 07:19:35,058 log 27740 15044 Not Found: /animales/fotos/Captura_de_pantalla_2023-07-24_165426.jpg
WARNING 2025-11-25 07:22:30,620 log 27740 4236 Not Found: /animales/fotos/Captura_de_pantalla_2023-07-24_165426.jpg
WARNING 2025-11-25 07:24:08,771 log 27740 29112 Not Found: /animales/fotos/Captura_de_pantalla_2023-07-24_165426.jpg
WARNING 2025-11-25 07:25:40,232 log 27740 13052 Not Found: /animales/fotos/Captura_de_pantalla_2023-07-24_165426.jpg
WARNING 2025-11-25 07:29:15,522 log 27740 21052 Not Found: /animales/fotos/Captura_de_pantalla_2023-07-24_165426.jpg
WARNING 2025-11-25 07:30:55,130 log 27740 21052 Not Found: /animales/fotos/Captura_de_pantalla_2023-07-24_165426.jpg
WARNING 2025-11-25 07:31:33,316 log 27740 4960 Not Found: /animales/fotos/Captura_de_pantalla_2023-07-24_165426.jpg
WARNING 2025-11-25 07:31:50,704 log 27740 7640 Not Found: /animales/fotos/Captura_de_pantalla_2023-07-24_165426.jpg
WARNING 2025-11-25 07:32:49,886 log 27740 18148 Not Found: /animales/fotos/Captura_de_pantalla_2023-07-24_165426.jpg
WARNING 2025-11-25 07:33:06,327 log 27740 18148 Not Found: /animales/fotos/Captura_de_pantalla_2023-07-24_165426.jpg
WARNING 2025-11-25 07:35:16,268 log 27740 6320 Not Found: /animales/fotos/Captura_de_pantalla_2023-07-24_165426.jpg
WARNING 2025-11-25 07:39:09,588 log 27740 3892 Not Found: /animales/fotos/Captura_de_pantalla_2023-07-24_165426.jpg
WARNING 2025-11-25 07:40:09,782 log 27740 26104 Not Found: /animales/fotos/Captura_de_pantalla_2023-07-24_165426.jpg
WARNING 2025-11-25 07:40:45,935 log 27740 18008 Not Found: /animales/fotos/Captura_de_pantalla_2023-07-24_165426.jpg
WARNING 2025-11-25 07:42:48,952 log 27740 7296 Not Found: /animales/fotos/Captura_de_pantalla_2023-07-24_165426.jpg
WARNING 2025-11-25 07:45:03,254 log 27740 11384 Not Found: /animales/fotos/Captura_de_pantalla_2023-07-24_165426.jpg
WARNING 2025-11-25 08:13:42,940 log 27740 29896 Not Found: /animales/fotos/Captura_de_pantalla_2023-07-24_165426.jpg
WARNING 2025-11-25 08:15:47,560 log 27740 34528 Not Found: /animales/fotos/Captura_de_pantalla_2023-07-24_165426.jpg
WARNING 2025-11-25 08:17:31,122 log 27740 26436 Not Found: /animales/fotos/Captura_de_pantalla_2023-07-24_165426.jpg
WARNING 2025-11-25 08:17:45,951 log 27740 10884 Not Found: /animales/fotos/Captura_de_pantalla_2023-07-24_165426.jpg
WARNING 2025-11-25 08:18:39,822 log 27740 17584 Not Found: /animales/fotos/Captura_de_pantalla_2023-07-24_165426.jpg
WARNING 2025-11-26 07:21:09,909 log 14024 32628 Not Found: /animales/fotos/Captura_de_pantalla_2023-07-24_165426.jpg
WARNING 2025-11-26 07:21:09,917 log 14024 32628 Not Found: /favicon.ico
WARNING 2025-11-26 07:21:10,791 log 14024 32628 Not Found: /animales/fotos/Captura_de_pantalla_2023-07-24_165426.jpg
WARNING 2025-11-26 07:21:12,585 log 14024 432 Not Found: /animales/fotos/Captura_de_pantalla_2023-07-24_165426.jpg
WARNING 2025-11-26 07:21:22,030 log 14024 4520 Not Found: /animales/fotos/Captura_de_pantalla_2023-07-24_165426.jpg
WARNING 2025-11-26 07:26:31,274 log 14024 22064 Not Found: /animales/fotos/Captura_de_pantalla_2023-07-24_165426.jpg
WARNING 2025-11-26 07:26:46,422 log 14024 22064 Not Found: /animales/fotos/Captura_de_pantalla_2023-07-24_165426.jpg
WARNING 2025-11-26 07:26:54,100 log 14024 22064 Not Found: /animales/fotos/Captura_de_pantalla_2023-07-24_165426.jpg
WARNING 2025-11-26 07:27:04,861 log 14024 22064 Not Found: /animales/fotos/Captura_de_pantalla_2023-07-24_165426.jpg
WARNING 2025-11-26 07:27:16,924 log 14024 22064 Not Found: /animales/fotos/Captura_de_pantalla_2023-07-24_165426.jpg
WARNING 2025-11-26 07:27:38,027 log 14024 22064 Not Found: /animales/fotos/Captura_de_pantalla_2023-07-24_165426.jpg
